[2025-11-05 11:26:45] [GA_opt] [INFO] ================================================================================
[2025-11-05 11:26:45] [GA_opt] [INFO] GA Optimization Starting (NO EARLY STOPPING)
[2025-11-05 11:26:45] [GA_opt] [INFO] ================================================================================
[2025-11-05 11:26:45] [GA_opt] [INFO] Initial population: [733, 811, 133, 355, 777, 115, 452, 940, 879, 345, 576, 153, 950, 602, 162, 238, 422, 511, 660, 285]
[2025-11-05 11:26:45] [GA_opt] [INFO] Iterations: 20
[2025-11-05 11:26:45] [GA_opt] [INFO] Output directory: c:\Users\Roman\Downloads\lgd-main\lgd-main\lda_pipeline_results\run_20251104_135335\experiments\yelp\run_1\GA
[2025-11-05 11:26:45] [GA_opt] [INFO] ================================================================================
[2025-11-05 11:26:45] [GA_opt] [INFO] GA initialized: cxpb=0.9, mutpb=0.2, elite=5, dT=5
[2025-11-05 11:26:45] [GA_opt] [INFO] ================================================================================
[2025-11-05 11:26:45] [GA_opt] [INFO] Starting GA optimization
[2025-11-05 11:26:45] [GA_opt] [INFO] Generations: 20, Population size: 10
[2025-11-05 11:26:45] [GA_opt] [INFO] T bounds: (2, 1000), alpha=1/T, eta=1/T
[2025-11-05 11:26:45] [GA_opt] [INFO] ================================================================================
[2025-11-05 11:26:45] [GA_opt] [INFO] Using provided initial population
[2025-11-05 11:26:45] [GA_opt] [INFO] Evaluating initial population...
[2025-11-05 11:44:21] [GA_opt] [INFO] Initial best: T=115, alpha=0.008696, eta=0.008696, perplexity=2746.3945
[2025-11-05 11:48:51] [GA_opt] [INFO] Gen 1: New best found! Fitness=2479.0999
[2025-11-05 11:48:51] [GA_opt] [INFO] Gen 1/20 | Best: T=104, perplexity=2479.0999 | Pop: mean=70450.2199, std=169647.0652 | Time: 269.89s | No improvement: 0/999999
[2025-11-05 11:50:28] [GA_opt] [INFO] Gen 2: New best found! Fitness=2434.5831
[2025-11-05 11:50:28] [GA_opt] [INFO] Gen 2/20 | Best: T=102, perplexity=2434.5831 | Pop: mean=3925.4300, std=4637.2813 | Time: 97.67s | No improvement: 0/999999
[2025-11-05 11:50:28] [GA_opt] [INFO] Gen 3/20 | Best: T=102, perplexity=2434.5831 | Pop: mean=2504.8913, std=77.4245 | Time: 0.00s | No improvement: 1/999999
[2025-11-05 11:50:54] [GA_opt] [INFO] Gen 4: New best found! Fitness=2433.8224
[2025-11-05 11:50:54] [GA_opt] [INFO] Gen 4/20 | Best: T=103, perplexity=2433.8224 | Pop: mean=2453.5739, std=25.1063 | Time: 25.41s | No improvement: 0/999999
[2025-11-05 11:50:54] [GA_opt] [INFO] Gen 5/20 | Best: T=103, perplexity=2433.8224 | Pop: mean=2436.7329, std=9.7223 | Time: 0.00s | No improvement: 1/999999
[2025-11-05 11:51:19] [GA_opt] [INFO] Gen 6: New best found! Fitness=2338.5190
[2025-11-05 11:51:19] [GA_opt] [INFO] Gen 6/20 | Best: T=98, perplexity=2338.5190 | Pop: mean=2446.5148, std=68.8451 | Time: 24.98s | No improvement: 0/999999
[2025-11-05 11:51:41] [GA_opt] [INFO] Gen 7/20 | Best: T=98, perplexity=2338.5190 | Pop: mean=2424.5743, std=55.9751 | Time: 22.21s | No improvement: 1/999999
[2025-11-05 11:51:41] [GA_opt] [INFO] Gen 8/20 | Best: T=98, perplexity=2338.5190 | Pop: mean=2384.6928, std=46.5976 | Time: 0.00s | No improvement: 2/999999
[2025-11-05 11:52:03] [GA_opt] [INFO] Gen 9: New best found! Fitness=2298.7240
[2025-11-05 11:52:03] [GA_opt] [INFO] Gen 9/20 | Best: T=94, perplexity=2298.7240 | Pop: mean=2344.3394, std=26.1703 | Time: 22.33s | No improvement: 0/999999
[2025-11-05 11:52:34] [GA_opt] [INFO] Gen 10: New best found! Fitness=1938.3906
[2025-11-05 11:52:34] [GA_opt] [INFO] Gen 10/20 | Best: T=66, perplexity=1938.3906 | Pop: mean=2365.0866, std=183.6804 | Time: 30.87s | No improvement: 0/999999
[2025-11-05 11:53:15] [GA_opt] [INFO] Gen 11/20 | Best: T=66, perplexity=1938.3906 | Pop: mean=2316.7890, std=266.4108 | Time: 40.71s | No improvement: 1/999999
[2025-11-05 11:53:38] [GA_opt] [INFO] Gen 12: New best found! Fitness=1875.4554
[2025-11-05 11:53:38] [GA_opt] [INFO] Gen 12/20 | Best: T=63, perplexity=1875.4554 | Pop: mean=2090.3976, std=280.2240 | Time: 23.50s | No improvement: 0/999999
[2025-11-05 11:53:46] [GA_opt] [INFO] Gen 13: New best found! Fitness=1846.4536
[2025-11-05 11:53:46] [GA_opt] [INFO] Gen 13/20 | Best: T=62, perplexity=1846.4536 | Pop: mean=1911.2506, std=35.1319 | Time: 7.74s | No improvement: 0/999999
[2025-11-05 11:54:08] [GA_opt] [INFO] Gen 14: New best found! Fitness=1645.5309
[2025-11-05 11:54:08] [GA_opt] [INFO] Gen 14/20 | Best: T=31, perplexity=1645.5309 | Pop: mean=1915.7118, std=186.3374 | Time: 22.09s | No improvement: 0/999999
[2025-11-05 11:54:26] [GA_opt] [INFO] Gen 15: New best found! Fitness=1638.9184
[2025-11-05 11:54:26] [GA_opt] [INFO] Gen 15/20 | Best: T=27, perplexity=1638.9184 | Pop: mean=1779.9951, std=160.9805 | Time: 17.46s | No improvement: 0/999999
[2025-11-05 11:54:46] [GA_opt] [INFO] Gen 16: New best found! Fitness=1333.0686
[2025-11-05 11:54:46] [GA_opt] [INFO] Gen 16/20 | Best: T=2, perplexity=1333.0686 | Pop: mean=1682.5151, std=173.1706 | Time: 20.03s | No improvement: 0/999999
[2025-11-05 11:54:51] [GA_opt] [INFO] Gen 17/20 | Best: T=2, perplexity=1333.0686 | Pop: mean=1594.5235, std=109.8748 | Time: 4.81s | No improvement: 1/999999
[2025-11-05 11:54:51] [GA_opt] [INFO] Gen 18/20 | Best: T=2, perplexity=1333.0686 | Pop: mean=1485.7766, std=152.7213 | Time: 0.00s | No improvement: 2/999999
[2025-11-05 11:54:54] [GA_opt] [INFO] Gen 19/20 | Best: T=2, perplexity=1333.0686 | Pop: mean=1338.6553, std=24.3518 | Time: 3.64s | No improvement: 3/999999
[2025-11-05 11:54:54] [GA_opt] [INFO] Gen 20/20 | Best: T=2, perplexity=1333.0686 | Pop: mean=1333.0686, std=0.0000 | Time: 0.00s | No improvement: 4/999999
[2025-11-05 11:54:54] [GA_opt] [INFO] ================================================================================
[2025-11-05 11:54:54] [GA_opt] [INFO] GA Optimization Complete!
[2025-11-05 11:54:54] [GA_opt] [INFO] Total time: 1688.87s
[2025-11-05 11:54:54] [GA_opt] [INFO] Final best: T=2, alpha=0.500000, eta=0.500000, perplexity=1333.0686
[2025-11-05 11:54:54] [GA_opt] [INFO] ================================================================================
[2025-11-05 11:54:55] [GA_opt] [INFO] ================================================================================
[2025-11-05 11:54:55] [GA_opt] [INFO] GA Optimization Complete!
[2025-11-05 11:54:55] [GA_opt] [INFO] Best T: 2, alpha: 0.500000, eta: 0.500000
[2025-11-05 11:54:55] [GA_opt] [INFO] Best perplexity: 1333.0686
[2025-11-05 11:54:55] [GA_opt] [INFO] Total time: 1688.87s
[2025-11-05 11:54:55] [GA_opt] [INFO] ================================================================================
