[2025-11-04 17:01:26] [PABBO_Full_opt] [INFO] ================================================================================
[2025-11-04 17:01:26] [PABBO_Full_opt] [INFO] PABBO_Full Optimization Starting (NO EARLY STOPPING)
[2025-11-04 17:01:26] [PABBO_Full_opt] [INFO] ================================================================================
[2025-11-04 17:01:26] [PABBO_Full_opt] [INFO] Initial population: [733, 811, 133, 355, 777, 115, 452, 940, 879, 345, 576, 153, 950, 602, 162, 238, 422, 511, 660, 285]
[2025-11-04 17:01:26] [PABBO_Full_opt] [INFO] Iterations: 20
[2025-11-04 17:01:26] [PABBO_Full_opt] [INFO] Output directory: c:\Users\Roman\Downloads\lgd-main\lgd-main\lda_pipeline_results\run_20251104_135335\experiments\20news\run_2\PABBO_Full
[2025-11-04 17:01:26] [PABBO_Full_opt] [INFO] ================================================================================
[2025-11-04 17:01:26] [PABBO_Full_opt] [INFO] PABBO Full initialized with Transformer model from c:\Users\Roman\Downloads\lgd-main\lgd-main\pabbo_method\results\PABBO\PABBO_GP1D_quick_20251104_135342\ckpt.tar
[2025-11-04 17:01:26] [PABBO_Full_opt] [INFO] PABBO initialized: exploration_rate=0.3, temperature_decay=0.95, use_transformer=True
[2025-11-04 17:01:26] [PABBO_Full_opt] [INFO] ================================================================================
[2025-11-04 17:01:26] [PABBO_Full_opt] [INFO] Starting PABBO Full optimization
[2025-11-04 17:01:26] [PABBO_Full_opt] [INFO] Iterations: 20, Initial samples: 20
[2025-11-04 17:01:26] [PABBO_Full_opt] [INFO] T bounds: (2, 1000), alpha=1/T, eta=1/T
[2025-11-04 17:01:26] [PABBO_Full_opt] [INFO] Using Transformer: True
[2025-11-04 17:01:26] [PABBO_Full_opt] [INFO] ================================================================================
[2025-11-04 17:01:26] [PABBO_Full_opt] [INFO] Using provided initial population
[2025-11-04 17:01:26] [PABBO_Full_opt] [INFO] Evaluating initial samples...
[2025-11-04 17:01:26] [PABBO_Full_opt] [INFO] Initial: New best found! T=733, fitness=35397553703.4171
[2025-11-04 17:01:26] [PABBO_Full_opt] [INFO] Initial: New best found! T=133, fitness=2989.0582
[2025-11-04 17:01:26] [PABBO_Full_opt] [INFO] Initial: New best found! T=115, fitness=2647.0340
[2025-11-04 17:01:26] [PABBO_Full_opt] [INFO] Initial best: T=115, alpha=0.008696, eta=0.008696, perplexity=2647.0340
[2025-11-04 17:01:31] [PABBO_Full_opt] [INFO] Iter 1/20 | Best: T=13, perplexity=1704.5625 | Current: T=13, fitness=1704.5625 (transformer) | Temp: 0.950 | No improvement: 0/999999
[2025-11-04 17:02:12] [PABBO_Full_opt] [INFO] Iter 2/20 | Best: T=13, perplexity=1704.5625 | Current: T=407, fitness=413327.2483 (transformer) | Temp: 0.902 | No improvement: 1/999999
[2025-11-04 17:02:35] [PABBO_Full_opt] [INFO] Iter 3/20 | Best: T=13, perplexity=1704.5625 | Current: T=232, fitness=9706.0248 (exploration) | Temp: 0.857 | No improvement: 2/999999
[2025-11-04 17:02:35] [PABBO_Full_opt] [INFO] Iter 4/20 | Best: T=13, perplexity=1704.5625 | Current: T=232, fitness=9706.0248 (exploration) | Temp: 0.815 | No improvement: 3/999999
[2025-11-04 17:02:40] [PABBO_Full_opt] [INFO] Iter 5/20 | Best: T=13, perplexity=1704.5625 | Current: T=11, fitness=1725.8031 (exploration) | Temp: 0.774 | No improvement: 4/999999
[2025-11-04 17:04:05] [PABBO_Full_opt] [INFO] Iter 6/20 | Best: T=13, perplexity=1704.5625 | Current: T=795, fitness=522226732700.1849 (exploration) | Temp: 0.735 | No improvement: 5/999999
[2025-11-04 17:04:54] [PABBO_Full_opt] [INFO] Iter 7/20 | Best: T=13, perplexity=1704.5625 | Current: T=488, fitness=4206129.1399 (transformer) | Temp: 0.698 | No improvement: 6/999999
[2025-11-04 17:04:59] [PABBO_Full_opt] [INFO] Iter 8/20 | Best: T=13, perplexity=1704.5625 | Current: T=2, fitness=1879.9627 (transformer) | Temp: 0.663 | No improvement: 7/999999
[2025-11-04 17:04:59] [PABBO_Full_opt] [INFO] Iter 9/20 | Best: T=13, perplexity=1704.5625 | Current: T=2, fitness=1879.9627 (transformer) | Temp: 0.630 | No improvement: 8/999999
[2025-11-04 17:04:59] [PABBO_Full_opt] [INFO] Iter 10/20 | Best: T=13, perplexity=1704.5625 | Current: T=2, fitness=1879.9627 (transformer) | Temp: 0.599 | No improvement: 9/999999
[2025-11-04 17:05:57] [PABBO_Full_opt] [INFO] Iter 11/20 | Best: T=13, perplexity=1704.5625 | Current: T=559, fitness=48156524.4626 (transformer) | Temp: 0.569 | No improvement: 10/999999
[2025-11-04 17:06:50] [PABBO_Full_opt] [INFO] Iter 12/20 | Best: T=13, perplexity=1704.5625 | Current: T=525, fitness=14146730.5109 (exploration) | Temp: 0.540 | No improvement: 11/999999
[2025-11-04 17:06:50] [PABBO_Full_opt] [INFO] Iter 13/20 | Best: T=13, perplexity=1704.5625 | Current: T=98, fitness=2309.3833 (exploration) | Temp: 0.513 | No improvement: 12/999999
[2025-11-04 17:07:22] [PABBO_Full_opt] [INFO] Iter 14/20 | Best: T=13, perplexity=1704.5625 | Current: T=324, fitness=55868.7142 (exploration) | Temp: 0.488 | No improvement: 13/999999
[2025-11-04 17:08:29] [PABBO_Full_opt] [INFO] Iter 15/20 | Best: T=13, perplexity=1704.5625 | Current: T=642, fitness=914261211.4173 (exploration) | Temp: 0.463 | No improvement: 14/999999
[2025-11-04 17:08:35] [PABBO_Full_opt] [INFO] Iter 16/20 | Best: T=13, perplexity=1704.5625 | Current: T=28, fitness=1808.9637 (transformer) | Temp: 0.440 | No improvement: 15/999999
[2025-11-04 17:09:14] [PABBO_Full_opt] [INFO] Iter 17/20 | Best: T=13, perplexity=1704.5625 | Current: T=397, fitness=328930.1996 (exploration) | Temp: 0.418 | No improvement: 16/999999
[2025-11-04 17:10:03] [PABBO_Full_opt] [INFO] Iter 18/20 | Best: T=13, perplexity=1704.5625 | Current: T=489, fitness=4428357.0635 (exploration) | Temp: 0.397 | No improvement: 17/999999
[2025-11-04 17:10:03] [PABBO_Full_opt] [INFO] Iter 19/20 | Best: T=13, perplexity=1704.5625 | Current: T=2, fitness=1879.9627 (transformer) | Temp: 0.377 | No improvement: 18/999999
[2025-11-04 17:11:24] [PABBO_Full_opt] [INFO] Iter 20/20 | Best: T=13, perplexity=1704.5625 | Current: T=767, fitness=160294346348.3076 (exploration) | Temp: 0.358 | No improvement: 19/999999
[2025-11-04 17:11:24] [PABBO_Full_opt] [INFO] ================================================================================
[2025-11-04 17:11:24] [PABBO_Full_opt] [INFO] PABBO Full Optimization Complete!
[2025-11-04 17:11:24] [PABBO_Full_opt] [INFO] Total time: 597.80s
[2025-11-04 17:11:24] [PABBO_Full_opt] [INFO] Total evaluations: 40
[2025-11-04 17:11:24] [PABBO_Full_opt] [INFO] Final best: T=13, alpha=0.076923, eta=0.076923, perplexity=1704.5625
[2025-11-04 17:11:24] [PABBO_Full_opt] [INFO] ================================================================================
[2025-11-04 17:11:25] [PABBO_Full_opt] [INFO] ================================================================================
[2025-11-04 17:11:25] [PABBO_Full_opt] [INFO] PABBO_Full Optimization Complete!
[2025-11-04 17:11:25] [PABBO_Full_opt] [INFO] Best T: 13, alpha: 0.076923, eta: 0.076923
[2025-11-04 17:11:25] [PABBO_Full_opt] [INFO] Best perplexity: 1704.5625
[2025-11-04 17:11:25] [PABBO_Full_opt] [INFO] Total time: 597.80s
[2025-11-04 17:11:25] [PABBO_Full_opt] [INFO] ================================================================================
