[2025-11-05 02:56:49] [main] [INFO] ================================================================================
[2025-11-05 02:56:49] [main] [INFO] LDA Hyperparameter Optimization (NO EARLY STOPPING)
[2025-11-05 02:56:49] [main] [INFO] ================================================================================
[2025-11-05 02:56:49] [main] [INFO] Data: c:\Users\Roman\Downloads\lgd-main\lgd-main\data\X_agnews_val_bow.npz
[2025-11-05 02:56:49] [main] [INFO] Initial population file: c:\Users\Roman\Downloads\lgd-main\lgd-main\lda_hyperopt\lda_init_population.json
[2025-11-05 02:56:49] [main] [INFO] Iterations: 20
[2025-11-05 02:56:49] [main] [INFO] Seed: 49
[2025-11-05 02:56:49] [main] [INFO] Output directory: c:\Users\Roman\Downloads\lgd-main\lgd-main\lda_pipeline_results\run_20251104_135335\experiments\agnews\run_7
[2025-11-05 02:56:49] [main] [INFO] Algorithms: ['GA', 'ES', 'PABBO_Full']
[2025-11-05 02:56:49] [main] [INFO] ================================================================================
[2025-11-05 02:56:49] [main] [INFO] Loading validation data...
[2025-11-05 02:56:49] [main] [INFO] Loaded: 2000 documents, 5000 vocabulary
[2025-11-05 02:56:49] [main] [INFO] Loading initial population from c:\Users\Roman\Downloads\lgd-main\lgd-main\lda_hyperopt\lda_init_population.json...
[2025-11-05 02:56:49] [main] [INFO] Initial population: [733, 811, 133, 355, 777, 115, 452, 940, 879, 345, 576, 153, 950, 602, 162, 238, 422, 511, 660, 285]
[2025-11-05 02:56:49] [main] [INFO] 
================================================================================
[2025-11-05 02:56:49] [main] [INFO] Running Genetic Algorithm (GA) - NO EARLY STOPPING
[2025-11-05 02:56:49] [main] [INFO] ================================================================================
[2025-11-05 03:19:27] [main] [INFO] 
================================================================================
[2025-11-05 03:19:27] [main] [INFO] Running Evolution Strategy (ES) - NO EARLY STOPPING
[2025-11-05 03:19:27] [main] [INFO] ================================================================================
[2025-11-05 03:26:13] [main] [INFO] 
================================================================================
[2025-11-05 03:26:13] [main] [INFO] Running PABBO Full (with Transformer) - NO EARLY STOPPING
[2025-11-05 03:26:13] [main] [INFO] ================================================================================
[2025-11-05 03:32:53] [main] [INFO] 
Generating comparison plots...
[2025-11-05 03:32:53] [main] [INFO] 
================================================================================
[2025-11-05 03:32:53] [main] [INFO] OPTIMIZATION SUMMARY
[2025-11-05 03:32:53] [main] [INFO] ================================================================================
[2025-11-05 03:32:53] [main] [INFO] Algorithm  Best T     Best Perplexity      Time (s)       
[2025-11-05 03:32:53] [main] [INFO] --------------------------------------------------------------------------------
[2025-11-05 03:32:53] [main] [INFO] GA         6          2177.0343            1358.03        
[2025-11-05 03:32:53] [main] [INFO] ES         65         4113.7189            405.54         
[2025-11-05 03:32:53] [main] [INFO] PABBO_Full 2          2211.0743            399.30         
[2025-11-05 03:32:53] [main] [INFO] --------------------------------------------------------------------------------
[2025-11-05 03:32:53] [main] [INFO] Best algorithm: GA (perplexity: 2177.0343)
[2025-11-05 03:32:53] [main] [INFO] ================================================================================
[2025-11-05 03:32:53] [main] [INFO] 
All results saved to: c:\Users\Roman\Downloads\lgd-main\lgd-main\lda_pipeline_results\run_20251104_135335\experiments\agnews\run_7
