[2025-11-04 20:07:49] [PABBO_Full_opt] [INFO] ================================================================================
[2025-11-04 20:07:49] [PABBO_Full_opt] [INFO] PABBO_Full Optimization Starting (NO EARLY STOPPING)
[2025-11-04 20:07:49] [PABBO_Full_opt] [INFO] ================================================================================
[2025-11-04 20:07:49] [PABBO_Full_opt] [INFO] Initial population: [733, 811, 133, 355, 777, 115, 452, 940, 879, 345, 576, 153, 950, 602, 162, 238, 422, 511, 660, 285]
[2025-11-04 20:07:49] [PABBO_Full_opt] [INFO] Iterations: 20
[2025-11-04 20:07:49] [PABBO_Full_opt] [INFO] Output directory: c:\Users\Roman\Downloads\lgd-main\lgd-main\lda_pipeline_results\run_20251104_135335\experiments\20news\run_6\PABBO_Full
[2025-11-04 20:07:49] [PABBO_Full_opt] [INFO] ================================================================================
[2025-11-04 20:07:49] [PABBO_Full_opt] [INFO] PABBO Full initialized with Transformer model from c:\Users\Roman\Downloads\lgd-main\lgd-main\pabbo_method\results\PABBO\PABBO_GP1D_quick_20251104_135342\ckpt.tar
[2025-11-04 20:07:49] [PABBO_Full_opt] [INFO] PABBO initialized: exploration_rate=0.3, temperature_decay=0.95, use_transformer=True
[2025-11-04 20:07:49] [PABBO_Full_opt] [INFO] ================================================================================
[2025-11-04 20:07:49] [PABBO_Full_opt] [INFO] Starting PABBO Full optimization
[2025-11-04 20:07:49] [PABBO_Full_opt] [INFO] Iterations: 20, Initial samples: 20
[2025-11-04 20:07:49] [PABBO_Full_opt] [INFO] T bounds: (2, 1000), alpha=1/T, eta=1/T
[2025-11-04 20:07:49] [PABBO_Full_opt] [INFO] Using Transformer: True
[2025-11-04 20:07:49] [PABBO_Full_opt] [INFO] ================================================================================
[2025-11-04 20:07:49] [PABBO_Full_opt] [INFO] Using provided initial population
[2025-11-04 20:07:49] [PABBO_Full_opt] [INFO] Evaluating initial samples...
[2025-11-04 20:07:49] [PABBO_Full_opt] [INFO] Initial: New best found! T=733, fitness=38311542052.6641
[2025-11-04 20:07:49] [PABBO_Full_opt] [INFO] Initial: New best found! T=133, fitness=3043.4012
[2025-11-04 20:07:49] [PABBO_Full_opt] [INFO] Initial: New best found! T=115, fitness=2705.0466
[2025-11-04 20:07:49] [PABBO_Full_opt] [INFO] Initial best: T=115, alpha=0.008696, eta=0.008696, perplexity=2705.0466
[2025-11-04 20:07:49] [PABBO_Full_opt] [INFO] Iter 1/20 | Best: T=2, perplexity=1858.3167 | Current: T=2, fitness=1858.3167 (transformer) | Temp: 0.950 | No improvement: 0/999999
[2025-11-04 20:07:49] [PABBO_Full_opt] [INFO] Iter 2/20 | Best: T=2, perplexity=1858.3167 | Current: T=2, fitness=1858.3167 (transformer) | Temp: 0.902 | No improvement: 1/999999
[2025-11-04 20:07:49] [PABBO_Full_opt] [INFO] Iter 3/20 | Best: T=2, perplexity=1858.3167 | Current: T=2, fitness=1858.3167 (transformer) | Temp: 0.857 | No improvement: 2/999999
[2025-11-04 20:09:21] [PABBO_Full_opt] [INFO] Iter 4/20 | Best: T=2, perplexity=1858.3167 | Current: T=782, fitness=310240325406.8351 (exploration) | Temp: 0.815 | No improvement: 3/999999
[2025-11-04 20:09:56] [PABBO_Full_opt] [INFO] Iter 5/20 | Best: T=2, perplexity=1858.3167 | Current: T=320, fitness=51070.2127 (transformer) | Temp: 0.774 | No improvement: 4/999999
[2025-11-04 20:09:56] [PABBO_Full_opt] [INFO] Iter 6/20 | Best: T=2, perplexity=1858.3167 | Current: T=2, fitness=1858.3167 (transformer) | Temp: 0.735 | No improvement: 5/999999
[2025-11-04 20:10:32] [PABBO_Full_opt] [INFO] Iter 7/20 | Best: T=2, perplexity=1858.3167 | Current: T=329, fitness=60970.7378 (transformer) | Temp: 0.698 | No improvement: 6/999999
[2025-11-04 20:11:31] [PABBO_Full_opt] [INFO] Iter 8/20 | Best: T=2, perplexity=1858.3167 | Current: T=525, fitness=14969703.0756 (exploration) | Temp: 0.663 | No improvement: 7/999999
[2025-11-04 20:11:31] [PABBO_Full_opt] [INFO] Iter 9/20 | Best: T=2, perplexity=1858.3167 | Current: T=2, fitness=1858.3167 (transformer) | Temp: 0.630 | No improvement: 8/999999
[2025-11-04 20:11:55] [PABBO_Full_opt] [INFO] Iter 10/20 | Best: T=2, perplexity=1858.3167 | Current: T=224, fitness=9008.1731 (exploration) | Temp: 0.599 | No improvement: 9/999999
[2025-11-04 20:11:55] [PABBO_Full_opt] [INFO] Iter 11/20 | Best: T=2, perplexity=1858.3167 | Current: T=435, fitness=938232.5471 (exploration) | Temp: 0.569 | No improvement: 10/999999
[2025-11-04 20:12:52] [PABBO_Full_opt] [INFO] Iter 12/20 | Best: T=2, perplexity=1858.3167 | Current: T=512, fitness=9942236.2241 (exploration) | Temp: 0.540 | No improvement: 11/999999
[2025-11-04 20:13:16] [PABBO_Full_opt] [INFO] Iter 13/20 | Best: T=2, perplexity=1858.3167 | Current: T=212, fitness=7395.7490 (transformer) | Temp: 0.513 | No improvement: 12/999999
[2025-11-04 20:14:21] [PABBO_Full_opt] [INFO] Iter 14/20 | Best: T=2, perplexity=1858.3167 | Current: T=563, fitness=54867903.7450 (exploration) | Temp: 0.488 | No improvement: 13/999999
[2025-11-04 20:14:21] [PABBO_Full_opt] [INFO] Iter 15/20 | Best: T=2, perplexity=1858.3167 | Current: T=349, fitness=97411.4200 (exploration) | Temp: 0.463 | No improvement: 14/999999
[2025-11-04 20:15:19] [PABBO_Full_opt] [INFO] Iter 16/20 | Best: T=2, perplexity=1858.3167 | Current: T=503, fitness=7206992.3605 (transformer) | Temp: 0.440 | No improvement: 15/999999
[2025-11-04 20:15:19] [PABBO_Full_opt] [INFO] Iter 17/20 | Best: T=2, perplexity=1858.3167 | Current: T=2, fitness=1858.3167 (transformer) | Temp: 0.418 | No improvement: 16/999999
[2025-11-04 20:15:24] [PABBO_Full_opt] [INFO] Iter 18/20 | Best: T=16, perplexity=1725.6099 | Current: T=16, fitness=1725.6099 (exploration) | Temp: 0.397 | No improvement: 0/999999
[2025-11-04 20:16:43] [PABBO_Full_opt] [INFO] Iter 19/20 | Best: T=16, perplexity=1725.6099 | Current: T=698, fitness=9000418065.3631 (transformer) | Temp: 0.377 | No improvement: 1/999999
[2025-11-04 20:16:43] [PABBO_Full_opt] [INFO] Iter 20/20 | Best: T=16, perplexity=1725.6099 | Current: T=2, fitness=1858.3167 (transformer) | Temp: 0.358 | No improvement: 2/999999
[2025-11-04 20:16:43] [PABBO_Full_opt] [INFO] ================================================================================
[2025-11-04 20:16:43] [PABBO_Full_opt] [INFO] PABBO Full Optimization Complete!
[2025-11-04 20:16:43] [PABBO_Full_opt] [INFO] Total time: 533.82s
[2025-11-04 20:16:43] [PABBO_Full_opt] [INFO] Total evaluations: 40
[2025-11-04 20:16:43] [PABBO_Full_opt] [INFO] Final best: T=16, alpha=0.062500, eta=0.062500, perplexity=1725.6099
[2025-11-04 20:16:43] [PABBO_Full_opt] [INFO] ================================================================================
[2025-11-04 20:16:43] [PABBO_Full_opt] [INFO] ================================================================================
[2025-11-04 20:16:43] [PABBO_Full_opt] [INFO] PABBO_Full Optimization Complete!
[2025-11-04 20:16:43] [PABBO_Full_opt] [INFO] Best T: 16, alpha: 0.062500, eta: 0.062500
[2025-11-04 20:16:43] [PABBO_Full_opt] [INFO] Best perplexity: 1725.6099
[2025-11-04 20:16:43] [PABBO_Full_opt] [INFO] Total time: 533.82s
[2025-11-04 20:16:43] [PABBO_Full_opt] [INFO] ================================================================================
