[2025-11-04 23:16:34] [main] [INFO] ================================================================================
[2025-11-04 23:16:34] [main] [INFO] LDA Hyperparameter Optimization (NO EARLY STOPPING)
[2025-11-04 23:16:34] [main] [INFO] ================================================================================
[2025-11-04 23:16:34] [main] [INFO] Data: c:\Users\Roman\Downloads\lgd-main\lgd-main\data\X_agnews_val_bow.npz
[2025-11-04 23:16:34] [main] [INFO] Initial population file: c:\Users\Roman\Downloads\lgd-main\lgd-main\lda_hyperopt\lda_init_population.json
[2025-11-04 23:16:34] [main] [INFO] Iterations: 20
[2025-11-04 23:16:34] [main] [INFO] Seed: 43
[2025-11-04 23:16:34] [main] [INFO] Output directory: c:\Users\Roman\Downloads\lgd-main\lgd-main\lda_pipeline_results\run_20251104_135335\experiments\agnews\run_1
[2025-11-04 23:16:34] [main] [INFO] Algorithms: ['GA', 'ES', 'PABBO_Full']
[2025-11-04 23:16:34] [main] [INFO] ================================================================================
[2025-11-04 23:16:34] [main] [INFO] Loading validation data...
[2025-11-04 23:16:34] [main] [INFO] Loaded: 2000 documents, 5000 vocabulary
[2025-11-04 23:16:34] [main] [INFO] Loading initial population from c:\Users\Roman\Downloads\lgd-main\lgd-main\lda_hyperopt\lda_init_population.json...
[2025-11-04 23:16:34] [main] [INFO] Initial population: [733, 811, 133, 355, 777, 115, 452, 940, 879, 345, 576, 153, 950, 602, 162, 238, 422, 511, 660, 285]
[2025-11-04 23:16:34] [main] [INFO] 
================================================================================
[2025-11-04 23:16:34] [main] [INFO] Running Genetic Algorithm (GA) - NO EARLY STOPPING
[2025-11-04 23:16:34] [main] [INFO] ================================================================================
[2025-11-04 23:38:59] [main] [INFO] 
================================================================================
[2025-11-04 23:38:59] [main] [INFO] Running Evolution Strategy (ES) - NO EARLY STOPPING
[2025-11-04 23:38:59] [main] [INFO] ================================================================================
[2025-11-04 23:46:46] [main] [INFO] 
================================================================================
[2025-11-04 23:46:46] [main] [INFO] Running PABBO Full (with Transformer) - NO EARLY STOPPING
[2025-11-04 23:46:46] [main] [INFO] ================================================================================
[2025-11-04 23:53:29] [main] [INFO] 
Generating comparison plots...
[2025-11-04 23:53:30] [main] [INFO] 
================================================================================
[2025-11-04 23:53:30] [main] [INFO] OPTIMIZATION SUMMARY
[2025-11-04 23:53:30] [main] [INFO] ================================================================================
[2025-11-04 23:53:30] [main] [INFO] Algorithm  Best T     Best Perplexity      Time (s)       
[2025-11-04 23:53:30] [main] [INFO] --------------------------------------------------------------------------------
[2025-11-04 23:53:30] [main] [INFO] GA         2          2118.4577            1344.49        
[2025-11-04 23:53:30] [main] [INFO] ES         60         3708.7259            466.18         
[2025-11-04 23:53:30] [main] [INFO] PABBO_Full 2          2118.4577            402.85         
[2025-11-04 23:53:30] [main] [INFO] --------------------------------------------------------------------------------
[2025-11-04 23:53:30] [main] [INFO] Best algorithm: GA (perplexity: 2118.4577)
[2025-11-04 23:53:30] [main] [INFO] ================================================================================
[2025-11-04 23:53:30] [main] [INFO] 
All results saved to: c:\Users\Roman\Downloads\lgd-main\lgd-main\lda_pipeline_results\run_20251104_135335\experiments\agnews\run_1
