[2025-11-04 22:33:19] [PABBO_Full_opt] [INFO] ================================================================================
[2025-11-04 22:33:19] [PABBO_Full_opt] [INFO] PABBO_Full Optimization Starting (NO EARLY STOPPING)
[2025-11-04 22:33:19] [PABBO_Full_opt] [INFO] ================================================================================
[2025-11-04 22:33:19] [PABBO_Full_opt] [INFO] Initial population: [733, 811, 133, 355, 777, 115, 452, 940, 879, 345, 576, 153, 950, 602, 162, 238, 422, 511, 660, 285]
[2025-11-04 22:33:19] [PABBO_Full_opt] [INFO] Iterations: 20
[2025-11-04 22:33:19] [PABBO_Full_opt] [INFO] Output directory: c:\Users\Roman\Downloads\lgd-main\lgd-main\lda_pipeline_results\run_20251104_135335\experiments\20news\run_9\PABBO_Full
[2025-11-04 22:33:19] [PABBO_Full_opt] [INFO] ================================================================================
[2025-11-04 22:33:19] [PABBO_Full_opt] [INFO] PABBO Full initialized with Transformer model from c:\Users\Roman\Downloads\lgd-main\lgd-main\pabbo_method\results\PABBO\PABBO_GP1D_quick_20251104_135342\ckpt.tar
[2025-11-04 22:33:19] [PABBO_Full_opt] [INFO] PABBO initialized: exploration_rate=0.3, temperature_decay=0.95, use_transformer=True
[2025-11-04 22:33:19] [PABBO_Full_opt] [INFO] ================================================================================
[2025-11-04 22:33:19] [PABBO_Full_opt] [INFO] Starting PABBO Full optimization
[2025-11-04 22:33:19] [PABBO_Full_opt] [INFO] Iterations: 20, Initial samples: 20
[2025-11-04 22:33:19] [PABBO_Full_opt] [INFO] T bounds: (2, 1000), alpha=1/T, eta=1/T
[2025-11-04 22:33:19] [PABBO_Full_opt] [INFO] Using Transformer: True
[2025-11-04 22:33:19] [PABBO_Full_opt] [INFO] ================================================================================
[2025-11-04 22:33:19] [PABBO_Full_opt] [INFO] Using provided initial population
[2025-11-04 22:33:19] [PABBO_Full_opt] [INFO] Evaluating initial samples...
[2025-11-04 22:33:19] [PABBO_Full_opt] [INFO] Initial: New best found! T=733, fitness=37947042702.9828
[2025-11-04 22:33:19] [PABBO_Full_opt] [INFO] Initial: New best found! T=133, fitness=3006.9169
[2025-11-04 22:33:19] [PABBO_Full_opt] [INFO] Initial: New best found! T=115, fitness=2591.7294
[2025-11-04 22:33:19] [PABBO_Full_opt] [INFO] Initial best: T=115, alpha=0.008696, eta=0.008696, perplexity=2591.7294
[2025-11-04 22:34:11] [PABBO_Full_opt] [INFO] Iter 1/20 | Best: T=115, perplexity=2591.7294 | Current: T=516, fitness=10786290.9435 (exploration) | Temp: 0.950 | No improvement: 1/999999
[2025-11-04 22:34:19] [PABBO_Full_opt] [INFO] Iter 2/20 | Best: T=46, perplexity=1857.6523 | Current: T=46, fitness=1857.6523 (transformer) | Temp: 0.902 | No improvement: 0/999999
[2025-11-04 22:34:35] [PABBO_Full_opt] [INFO] Iter 3/20 | Best: T=46, perplexity=1857.6523 | Current: T=149, fitness=3582.4135 (transformer) | Temp: 0.857 | No improvement: 1/999999
[2025-11-04 22:35:26] [PABBO_Full_opt] [INFO] Iter 4/20 | Best: T=46, perplexity=1857.6523 | Current: T=507, fitness=8421524.4274 (transformer) | Temp: 0.815 | No improvement: 2/999999
[2025-11-04 22:35:26] [PABBO_Full_opt] [INFO] Iter 5/20 | Best: T=46, perplexity=1857.6523 | Current: T=2, fitness=1917.7990 (transformer) | Temp: 0.774 | No improvement: 3/999999
[2025-11-04 22:35:43] [PABBO_Full_opt] [INFO] Iter 6/20 | Best: T=46, perplexity=1857.6523 | Current: T=163, fitness=4049.5738 (transformer) | Temp: 0.735 | No improvement: 4/999999
[2025-11-04 22:35:43] [PABBO_Full_opt] [INFO] Iter 7/20 | Best: T=46, perplexity=1857.6523 | Current: T=135, fitness=3201.8052 (transformer) | Temp: 0.698 | No improvement: 5/999999
[2025-11-04 22:35:47] [PABBO_Full_opt] [INFO] Iter 8/20 | Best: T=8, perplexity=1703.2910 | Current: T=8, fitness=1703.2910 (transformer) | Temp: 0.663 | No improvement: 0/999999
[2025-11-04 22:35:47] [PABBO_Full_opt] [INFO] Iter 9/20 | Best: T=8, perplexity=1703.2910 | Current: T=2, fitness=1917.7990 (transformer) | Temp: 0.630 | No improvement: 1/999999
[2025-11-04 22:35:47] [PABBO_Full_opt] [INFO] Iter 10/20 | Best: T=8, perplexity=1703.2910 | Current: T=2, fitness=1917.7990 (transformer) | Temp: 0.599 | No improvement: 2/999999
[2025-11-04 22:37:12] [PABBO_Full_opt] [INFO] Iter 11/20 | Best: T=8, perplexity=1703.2910 | Current: T=783, fitness=329046965193.6125 (transformer) | Temp: 0.569 | No improvement: 3/999999
[2025-11-04 22:37:12] [PABBO_Full_opt] [INFO] Iter 12/20 | Best: T=8, perplexity=1703.2910 | Current: T=2, fitness=1917.7990 (transformer) | Temp: 0.540 | No improvement: 4/999999
[2025-11-04 22:37:12] [PABBO_Full_opt] [INFO] Iter 13/20 | Best: T=8, perplexity=1703.2910 | Current: T=2, fitness=1917.7990 (transformer) | Temp: 0.513 | No improvement: 5/999999
[2025-11-04 22:37:12] [PABBO_Full_opt] [INFO] Iter 14/20 | Best: T=8, perplexity=1703.2910 | Current: T=2, fitness=1917.7990 (transformer) | Temp: 0.488 | No improvement: 6/999999
[2025-11-04 22:37:35] [PABBO_Full_opt] [INFO] Iter 15/20 | Best: T=8, perplexity=1703.2910 | Current: T=226, fitness=9478.8702 (transformer) | Temp: 0.463 | No improvement: 7/999999
[2025-11-04 22:37:35] [PABBO_Full_opt] [INFO] Iter 16/20 | Best: T=8, perplexity=1703.2910 | Current: T=2, fitness=1917.7990 (transformer) | Temp: 0.440 | No improvement: 8/999999
[2025-11-04 22:37:35] [PABBO_Full_opt] [INFO] Iter 17/20 | Best: T=8, perplexity=1703.2910 | Current: T=2, fitness=1917.7990 (transformer) | Temp: 0.418 | No improvement: 9/999999
[2025-11-04 22:37:35] [PABBO_Full_opt] [INFO] Iter 18/20 | Best: T=8, perplexity=1703.2910 | Current: T=2, fitness=1917.7990 (transformer) | Temp: 0.397 | No improvement: 10/999999
[2025-11-04 22:37:35] [PABBO_Full_opt] [INFO] Iter 19/20 | Best: T=8, perplexity=1703.2910 | Current: T=2, fitness=1917.7990 (transformer) | Temp: 0.377 | No improvement: 11/999999
[2025-11-04 22:37:35] [PABBO_Full_opt] [INFO] Iter 20/20 | Best: T=8, perplexity=1703.2910 | Current: T=2, fitness=1917.7990 (transformer) | Temp: 0.358 | No improvement: 12/999999
[2025-11-04 22:37:35] [PABBO_Full_opt] [INFO] ================================================================================
[2025-11-04 22:37:35] [PABBO_Full_opt] [INFO] PABBO Full Optimization Complete!
[2025-11-04 22:37:35] [PABBO_Full_opt] [INFO] Total time: 256.24s
[2025-11-04 22:37:35] [PABBO_Full_opt] [INFO] Total evaluations: 40
[2025-11-04 22:37:35] [PABBO_Full_opt] [INFO] Final best: T=8, alpha=0.125000, eta=0.125000, perplexity=1703.2910
[2025-11-04 22:37:35] [PABBO_Full_opt] [INFO] ================================================================================
[2025-11-04 22:37:35] [PABBO_Full_opt] [INFO] ================================================================================
[2025-11-04 22:37:35] [PABBO_Full_opt] [INFO] PABBO_Full Optimization Complete!
[2025-11-04 22:37:35] [PABBO_Full_opt] [INFO] Best T: 8, alpha: 0.125000, eta: 0.125000
[2025-11-04 22:37:35] [PABBO_Full_opt] [INFO] Best perplexity: 1703.2910
[2025-11-04 22:37:35] [PABBO_Full_opt] [INFO] Total time: 256.24s
[2025-11-04 22:37:35] [PABBO_Full_opt] [INFO] ================================================================================
