[2025-11-04 14:54:08] [main] [INFO] ================================================================================
[2025-11-04 14:54:08] [main] [INFO] LDA Hyperparameter Optimization (NO EARLY STOPPING)
[2025-11-04 14:54:08] [main] [INFO] ================================================================================
[2025-11-04 14:54:08] [main] [INFO] Data: c:\Users\Roman\Downloads\lgd-main\lgd-main\data\X_20news_val_bow.npz
[2025-11-04 14:54:08] [main] [INFO] Initial population file: c:\Users\Roman\Downloads\lgd-main\lgd-main\lda_hyperopt\lda_init_population.json
[2025-11-04 14:54:08] [main] [INFO] Iterations: 20
[2025-11-04 14:54:08] [main] [INFO] Seed: 42
[2025-11-04 14:54:08] [main] [INFO] Output directory: c:\Users\Roman\Downloads\lgd-main\lgd-main\lda_pipeline_results\run_20251104_135335\experiments\20news\run_0
[2025-11-04 14:54:08] [main] [INFO] Algorithms: ['GA', 'ES', 'PABBO_Full']
[2025-11-04 14:54:08] [main] [INFO] ================================================================================
[2025-11-04 14:54:08] [main] [INFO] Loading validation data...
[2025-11-04 14:54:08] [main] [INFO] Loaded: 2000 documents, 5000 vocabulary
[2025-11-04 14:54:08] [main] [INFO] Loading initial population from c:\Users\Roman\Downloads\lgd-main\lgd-main\lda_hyperopt\lda_init_population.json...
[2025-11-04 14:54:08] [main] [INFO] Initial population: [733, 811, 133, 355, 777, 115, 452, 940, 879, 345, 576, 153, 950, 602, 162, 238, 422, 511, 660, 285]
[2025-11-04 14:54:08] [main] [INFO] 
================================================================================
[2025-11-04 14:54:08] [main] [INFO] Running Genetic Algorithm (GA) - NO EARLY STOPPING
[2025-11-04 14:54:08] [main] [INFO] ================================================================================
[2025-11-04 15:26:37] [main] [INFO] 
================================================================================
[2025-11-04 15:26:37] [main] [INFO] Running Evolution Strategy (ES) - NO EARLY STOPPING
[2025-11-04 15:26:37] [main] [INFO] ================================================================================
[2025-11-04 15:34:32] [main] [INFO] 
================================================================================
[2025-11-04 15:34:32] [main] [INFO] Running PABBO Full (with Transformer) - NO EARLY STOPPING
[2025-11-04 15:34:32] [main] [INFO] ================================================================================
[2025-11-04 15:45:24] [main] [INFO] 
Generating comparison plots...
[2025-11-04 15:45:24] [main] [INFO] 
================================================================================
[2025-11-04 15:45:24] [main] [INFO] OPTIMIZATION SUMMARY
[2025-11-04 15:45:24] [main] [INFO] ================================================================================
[2025-11-04 15:45:24] [main] [INFO] Algorithm  Best T     Best Perplexity      Time (s)       
[2025-11-04 15:45:24] [main] [INFO] --------------------------------------------------------------------------------
[2025-11-04 15:45:24] [main] [INFO] GA         7          1691.0456            1948.06        
[2025-11-04 15:45:24] [main] [INFO] ES         59         1897.4782            474.52         
[2025-11-04 15:45:24] [main] [INFO] PABBO_Full 2          1871.2338            651.49         
[2025-11-04 15:45:24] [main] [INFO] --------------------------------------------------------------------------------
[2025-11-04 15:45:24] [main] [INFO] Best algorithm: GA (perplexity: 1691.0456)
[2025-11-04 15:45:24] [main] [INFO] ================================================================================
[2025-11-04 15:45:24] [main] [INFO] 
All results saved to: c:\Users\Roman\Downloads\lgd-main\lgd-main\lda_pipeline_results\run_20251104_135335\experiments\20news\run_0
