[2025-11-12 19:43:35] [SABO_opt] [INFO] ================================================================================
[2025-11-12 19:43:35] [SABO_opt] [INFO] SABO Optimization Starting (NO EARLY STOPPING)
[2025-11-12 19:43:35] [SABO_opt] [INFO] ================================================================================
[2025-11-12 19:43:35] [SABO_opt] [INFO] Initial population: [733, 811, 133, 355, 777, 115, 452, 940, 879, 345, 576, 153, 950, 602, 162, 238, 422, 511, 660, 285]
[2025-11-12 19:43:35] [SABO_opt] [INFO] Iterations: 20
[2025-11-12 19:43:35] [SABO_opt] [INFO] Output directory: C:\Users\klass\OneDrive\Рабочий стол\lgd-SABO\lda_pipeline_results\run_20251112_100135\experiments\agnews\run_8\SABO
[2025-11-12 19:43:35] [SABO_opt] [INFO] ================================================================================
[2025-11-12 19:43:35] [SABO_opt] [INFO] SABO initialized: rho=0.1, beta_t=0.01, N_batch=5, d=1
[2025-11-12 19:43:35] [SABO_opt] [INFO] ================================================================================
[2025-11-12 19:43:35] [SABO_opt] [INFO] Starting SABO optimization
[2025-11-12 19:43:35] [SABO_opt] [INFO] Iterations: 20, Initial samples: 10, Batch size: 5
[2025-11-12 19:43:35] [SABO_opt] [INFO] T bounds: (2, 1000), alpha=1/T, eta=1/T
[2025-11-12 19:43:35] [SABO_opt] [INFO] ================================================================================
[2025-11-12 19:43:35] [SABO_opt] [INFO] Using provided initial population
[2025-11-12 19:43:35] [SABO_opt] [INFO] Evaluating initial samples...
[2025-11-12 19:45:08] [SABO_opt] [INFO] Initial: New best found! T=733, fitness=189901437327885116142776221696.0000
[2025-11-12 19:46:56] [SABO_opt] [INFO] Initial: New best found! T=133, fitness=17596.8402
[2025-11-12 19:49:17] [SABO_opt] [INFO] Initial: New best found! T=115, fitness=11155.0069
[2025-11-12 20:02:48] [SABO_opt] [INFO] Initial best: T=115, alpha=0.008696, eta=0.008696, perplexity=11155.0069
[2025-11-12 20:04:39] [SABO_opt] [INFO] Iter 1: New best found! T=2, fitness=2185.4060
[2025-11-12 20:10:25] [SABO_opt] [INFO] Iter 11: New best found! T=4, fitness=2132.1918
[2025-11-12 20:11:59] [SABO_opt] [INFO] ================================================================================
[2025-11-12 20:11:59] [SABO_opt] [INFO] SABO Optimization Complete!
[2025-11-12 20:11:59] [SABO_opt] [INFO] Total time: 1703.96s
[2025-11-12 20:11:59] [SABO_opt] [INFO] Total evaluations: 260
[2025-11-12 20:11:59] [SABO_opt] [INFO] Final best: T=4, alpha=0.250000, eta=0.250000, perplexity=2132.1918
[2025-11-12 20:11:59] [SABO_opt] [INFO] ================================================================================
[2025-11-12 20:12:00] [SABO_opt] [INFO] ================================================================================
[2025-11-12 20:12:00] [SABO_opt] [INFO] SABO Optimization Complete!
[2025-11-12 20:12:00] [SABO_opt] [INFO] Best T: 4, alpha: 0.250000, eta: 0.250000
[2025-11-12 20:12:00] [SABO_opt] [INFO] Best perplexity: 2132.1918
[2025-11-12 20:12:00] [SABO_opt] [INFO] Total time: 1703.96s
[2025-11-12 20:12:00] [SABO_opt] [INFO] ================================================================================
