[2025-11-05 11:15:45] [PABBO_Full_opt] [INFO] ================================================================================
[2025-11-05 11:15:45] [PABBO_Full_opt] [INFO] PABBO_Full Optimization Starting (NO EARLY STOPPING)
[2025-11-05 11:15:45] [PABBO_Full_opt] [INFO] ================================================================================
[2025-11-05 11:15:45] [PABBO_Full_opt] [INFO] Initial population: [733, 811, 133, 355, 777, 115, 452, 940, 879, 345, 576, 153, 950, 602, 162, 238, 422, 511, 660, 285]
[2025-11-05 11:15:45] [PABBO_Full_opt] [INFO] Iterations: 20
[2025-11-05 11:15:45] [PABBO_Full_opt] [INFO] Output directory: c:\Users\Roman\Downloads\lgd-main\lgd-main\lda_pipeline_results\run_20251104_135335\experiments\yelp\run_0\PABBO_Full
[2025-11-05 11:15:45] [PABBO_Full_opt] [INFO] ================================================================================
[2025-11-05 11:15:45] [PABBO_Full_opt] [INFO] PABBO Full initialized with Transformer model from c:\Users\Roman\Downloads\lgd-main\lgd-main\pabbo_method\results\PABBO\PABBO_GP1D_quick_20251104_135342\ckpt.tar
[2025-11-05 11:15:45] [PABBO_Full_opt] [INFO] PABBO initialized: exploration_rate=0.3, temperature_decay=0.95, use_transformer=True
[2025-11-05 11:15:45] [PABBO_Full_opt] [INFO] ================================================================================
[2025-11-05 11:15:45] [PABBO_Full_opt] [INFO] Starting PABBO Full optimization
[2025-11-05 11:15:45] [PABBO_Full_opt] [INFO] Iterations: 20, Initial samples: 20
[2025-11-05 11:15:45] [PABBO_Full_opt] [INFO] T bounds: (2, 1000), alpha=1/T, eta=1/T
[2025-11-05 11:15:45] [PABBO_Full_opt] [INFO] Using Transformer: True
[2025-11-05 11:15:45] [PABBO_Full_opt] [INFO] ================================================================================
[2025-11-05 11:15:45] [PABBO_Full_opt] [INFO] Using provided initial population
[2025-11-05 11:15:45] [PABBO_Full_opt] [INFO] Evaluating initial samples...
[2025-11-05 11:15:45] [PABBO_Full_opt] [INFO] Initial: New best found! T=733, fitness=79112765081787.4219
[2025-11-05 11:15:45] [PABBO_Full_opt] [INFO] Initial: New best found! T=133, fitness=3477.6918
[2025-11-05 11:15:45] [PABBO_Full_opt] [INFO] Initial: New best found! T=115, fitness=2733.9994
[2025-11-05 11:15:45] [PABBO_Full_opt] [INFO] Initial best: T=115, alpha=0.008696, eta=0.008696, perplexity=2733.9994
[2025-11-05 11:16:12] [PABBO_Full_opt] [INFO] Iter 1/20 | Best: T=115, perplexity=2733.9994 | Current: T=264, fitness=42070.1265 (transformer) | Temp: 0.950 | No improvement: 1/999999
[2025-11-05 11:16:12] [PABBO_Full_opt] [INFO] Iter 2/20 | Best: T=92, perplexity=2200.9693 | Current: T=92, fitness=2200.9693 (transformer) | Temp: 0.902 | No improvement: 0/999999
[2025-11-05 11:17:32] [PABBO_Full_opt] [INFO] Iter 3/20 | Best: T=92, perplexity=2200.9693 | Current: T=756, fitness=301221897315854.4375 (exploration) | Temp: 0.857 | No improvement: 1/999999
[2025-11-05 11:18:52] [PABBO_Full_opt] [INFO] Iter 4/20 | Best: T=92, perplexity=2200.9693 | Current: T=760, fitness=483534694452850.0000 (exploration) | Temp: 0.815 | No improvement: 2/999999
[2025-11-05 11:19:21] [PABBO_Full_opt] [INFO] Iter 5/20 | Best: T=92, perplexity=2200.9693 | Current: T=286, fitness=72926.6443 (transformer) | Temp: 0.774 | No improvement: 3/999999
[2025-11-05 11:20:19] [PABBO_Full_opt] [INFO] Iter 6/20 | Best: T=92, perplexity=2200.9693 | Current: T=548, fitness=2181519030.3797 (transformer) | Temp: 0.735 | No improvement: 4/999999
[2025-11-05 11:20:42] [PABBO_Full_opt] [INFO] Iter 7/20 | Best: T=92, perplexity=2200.9693 | Current: T=225, fitness=15825.8524 (exploration) | Temp: 0.698 | No improvement: 5/999999
[2025-11-05 11:21:47] [PABBO_Full_opt] [INFO] Iter 8/20 | Best: T=92, perplexity=2200.9693 | Current: T=618, fitness=100057136105.9398 (exploration) | Temp: 0.663 | No improvement: 6/999999
[2025-11-05 11:22:08] [PABBO_Full_opt] [INFO] Iter 9/20 | Best: T=92, perplexity=2200.9693 | Current: T=205, fitness=10533.7870 (exploration) | Temp: 0.630 | No improvement: 7/999999
[2025-11-05 11:22:08] [PABBO_Full_opt] [INFO] Iter 10/20 | Best: T=92, perplexity=2200.9693 | Current: T=92, fitness=2200.9693 (transformer) | Temp: 0.599 | No improvement: 8/999999
[2025-11-05 11:22:08] [PABBO_Full_opt] [INFO] Iter 11/20 | Best: T=63, perplexity=1884.8564 | Current: T=63, fitness=1884.8564 (transformer) | Temp: 0.569 | No improvement: 0/999999
[2025-11-05 11:23:04] [PABBO_Full_opt] [INFO] Iter 12/20 | Best: T=63, perplexity=1884.8564 | Current: T=536, fitness=1287328118.5748 (transformer) | Temp: 0.540 | No improvement: 1/999999
[2025-11-05 11:23:36] [PABBO_Full_opt] [INFO] Iter 13/20 | Best: T=63, perplexity=1884.8564 | Current: T=322, fitness=235497.7322 (transformer) | Temp: 0.513 | No improvement: 2/999999
[2025-11-05 11:23:36] [PABBO_Full_opt] [INFO] Iter 14/20 | Best: T=2, perplexity=1325.7964 | Current: T=2, fitness=1325.7964 (transformer) | Temp: 0.488 | No improvement: 0/999999
[2025-11-05 11:23:59] [PABBO_Full_opt] [INFO] Iter 15/20 | Best: T=2, perplexity=1325.7964 | Current: T=222, fitness=15145.7665 (exploration) | Temp: 0.463 | No improvement: 1/999999
[2025-11-05 11:24:26] [PABBO_Full_opt] [INFO] Iter 16/20 | Best: T=2, perplexity=1325.7964 | Current: T=254, fitness=33730.3633 (transformer) | Temp: 0.440 | No improvement: 2/999999
[2025-11-05 11:25:06] [PABBO_Full_opt] [INFO] Iter 17/20 | Best: T=2, perplexity=1325.7964 | Current: T=391, fitness=2255266.4631 (exploration) | Temp: 0.418 | No improvement: 3/999999
[2025-11-05 11:26:39] [PABBO_Full_opt] [INFO] Iter 18/20 | Best: T=2, perplexity=1325.7964 | Current: T=869, fitness=583848989983621248.0000 (exploration) | Temp: 0.397 | No improvement: 4/999999
[2025-11-05 11:26:39] [PABBO_Full_opt] [INFO] Iter 19/20 | Best: T=2, perplexity=1325.7964 | Current: T=2, fitness=1325.7964 (transformer) | Temp: 0.377 | No improvement: 5/999999
[2025-11-05 11:26:39] [PABBO_Full_opt] [INFO] Iter 20/20 | Best: T=2, perplexity=1325.7964 | Current: T=2, fitness=1325.7964 (transformer) | Temp: 0.358 | No improvement: 6/999999
[2025-11-05 11:26:39] [PABBO_Full_opt] [INFO] ================================================================================
[2025-11-05 11:26:39] [PABBO_Full_opt] [INFO] PABBO Full Optimization Complete!
[2025-11-05 11:26:39] [PABBO_Full_opt] [INFO] Total time: 654.38s
[2025-11-05 11:26:39] [PABBO_Full_opt] [INFO] Total evaluations: 40
[2025-11-05 11:26:39] [PABBO_Full_opt] [INFO] Final best: T=2, alpha=0.500000, eta=0.500000, perplexity=1325.7964
[2025-11-05 11:26:39] [PABBO_Full_opt] [INFO] ================================================================================
[2025-11-05 11:26:40] [PABBO_Full_opt] [INFO] ================================================================================
[2025-11-05 11:26:40] [PABBO_Full_opt] [INFO] PABBO_Full Optimization Complete!
[2025-11-05 11:26:40] [PABBO_Full_opt] [INFO] Best T: 2, alpha: 0.500000, eta: 0.500000
[2025-11-05 11:26:40] [PABBO_Full_opt] [INFO] Best perplexity: 1325.7964
[2025-11-05 11:26:40] [PABBO_Full_opt] [INFO] Total time: 654.38s
[2025-11-05 11:26:40] [PABBO_Full_opt] [INFO] ================================================================================
