[2025-11-04 17:45:32] [PABBO_Full_opt] [INFO] ================================================================================
[2025-11-04 17:45:32] [PABBO_Full_opt] [INFO] PABBO_Full Optimization Starting (NO EARLY STOPPING)
[2025-11-04 17:45:32] [PABBO_Full_opt] [INFO] ================================================================================
[2025-11-04 17:45:32] [PABBO_Full_opt] [INFO] Initial population: [733, 811, 133, 355, 777, 115, 452, 940, 879, 345, 576, 153, 950, 602, 162, 238, 422, 511, 660, 285]
[2025-11-04 17:45:32] [PABBO_Full_opt] [INFO] Iterations: 20
[2025-11-04 17:45:32] [PABBO_Full_opt] [INFO] Output directory: c:\Users\Roman\Downloads\lgd-main\lgd-main\lda_pipeline_results\run_20251104_135335\experiments\20news\run_3\PABBO_Full
[2025-11-04 17:45:32] [PABBO_Full_opt] [INFO] ================================================================================
[2025-11-04 17:45:32] [PABBO_Full_opt] [INFO] PABBO Full initialized with Transformer model from c:\Users\Roman\Downloads\lgd-main\lgd-main\pabbo_method\results\PABBO\PABBO_GP1D_quick_20251104_135342\ckpt.tar
[2025-11-04 17:45:32] [PABBO_Full_opt] [INFO] PABBO initialized: exploration_rate=0.3, temperature_decay=0.95, use_transformer=True
[2025-11-04 17:45:32] [PABBO_Full_opt] [INFO] ================================================================================
[2025-11-04 17:45:32] [PABBO_Full_opt] [INFO] Starting PABBO Full optimization
[2025-11-04 17:45:32] [PABBO_Full_opt] [INFO] Iterations: 20, Initial samples: 20
[2025-11-04 17:45:32] [PABBO_Full_opt] [INFO] T bounds: (2, 1000), alpha=1/T, eta=1/T
[2025-11-04 17:45:32] [PABBO_Full_opt] [INFO] Using Transformer: True
[2025-11-04 17:45:32] [PABBO_Full_opt] [INFO] ================================================================================
[2025-11-04 17:45:32] [PABBO_Full_opt] [INFO] Using provided initial population
[2025-11-04 17:45:32] [PABBO_Full_opt] [INFO] Evaluating initial samples...
[2025-11-04 17:45:32] [PABBO_Full_opt] [INFO] Initial: New best found! T=733, fitness=37826200387.3462
[2025-11-04 17:45:32] [PABBO_Full_opt] [INFO] Initial: New best found! T=133, fitness=3129.3728
[2025-11-04 17:45:32] [PABBO_Full_opt] [INFO] Initial: New best found! T=115, fitness=2598.7258
[2025-11-04 17:45:32] [PABBO_Full_opt] [INFO] Initial best: T=115, alpha=0.008696, eta=0.008696, perplexity=2598.7258
[2025-11-04 17:46:24] [PABBO_Full_opt] [INFO] Iter 1/20 | Best: T=115, perplexity=2598.7258 | Current: T=501, fitness=6686000.9693 (exploration) | Temp: 0.950 | No improvement: 1/999999
[2025-11-04 17:46:56] [PABBO_Full_opt] [INFO] Iter 2/20 | Best: T=115, perplexity=2598.7258 | Current: T=312, fitness=41027.4845 (exploration) | Temp: 0.902 | No improvement: 2/999999
[2025-11-04 17:46:56] [PABBO_Full_opt] [INFO] Iter 3/20 | Best: T=115, perplexity=2598.7258 | Current: T=123, fitness=2701.9102 (transformer) | Temp: 0.857 | No improvement: 3/999999
[2025-11-04 17:47:16] [PABBO_Full_opt] [INFO] Iter 4/20 | Best: T=115, perplexity=2598.7258 | Current: T=193, fitness=5662.0843 (transformer) | Temp: 0.815 | No improvement: 4/999999
[2025-11-04 17:47:30] [PABBO_Full_opt] [INFO] Iter 5/20 | Best: T=115, perplexity=2598.7258 | Current: T=122, fitness=2666.1405 (exploration) | Temp: 0.774 | No improvement: 5/999999
[2025-11-04 17:47:34] [PABBO_Full_opt] [INFO] Iter 6/20 | Best: T=2, perplexity=1850.5328 | Current: T=2, fitness=1850.5328 (transformer) | Temp: 0.735 | No improvement: 0/999999
[2025-11-04 17:47:34] [PABBO_Full_opt] [INFO] Iter 7/20 | Best: T=2, perplexity=1850.5328 | Current: T=2, fitness=1850.5328 (transformer) | Temp: 0.698 | No improvement: 1/999999
[2025-11-04 17:49:05] [PABBO_Full_opt] [INFO] Iter 8/20 | Best: T=2, perplexity=1850.5328 | Current: T=816, fitness=1572774884754.4763 (exploration) | Temp: 0.663 | No improvement: 2/999999
[2025-11-04 17:49:05] [PABBO_Full_opt] [INFO] Iter 9/20 | Best: T=2, perplexity=1850.5328 | Current: T=2, fitness=1850.5328 (transformer) | Temp: 0.630 | No improvement: 3/999999
[2025-11-04 17:50:39] [PABBO_Full_opt] [INFO] Iter 10/20 | Best: T=2, perplexity=1850.5328 | Current: T=870, fitness=18211545697632.8984 (exploration) | Temp: 0.599 | No improvement: 4/999999
[2025-11-04 17:50:39] [PABBO_Full_opt] [INFO] Iter 11/20 | Best: T=2, perplexity=1850.5328 | Current: T=2, fitness=1850.5328 (transformer) | Temp: 0.569 | No improvement: 5/999999
[2025-11-04 17:51:21] [PABBO_Full_opt] [INFO] Iter 12/20 | Best: T=2, perplexity=1850.5328 | Current: T=419, fitness=578871.6629 (exploration) | Temp: 0.540 | No improvement: 6/999999
[2025-11-04 17:51:21] [PABBO_Full_opt] [INFO] Iter 13/20 | Best: T=2, perplexity=1850.5328 | Current: T=60, fitness=1911.8077 (exploration) | Temp: 0.513 | No improvement: 7/999999
[2025-11-04 17:51:21] [PABBO_Full_opt] [INFO] Iter 14/20 | Best: T=2, perplexity=1850.5328 | Current: T=89, fitness=2148.4557 (transformer) | Temp: 0.488 | No improvement: 8/999999
[2025-11-04 17:51:21] [PABBO_Full_opt] [INFO] Iter 15/20 | Best: T=2, perplexity=1850.5328 | Current: T=2, fitness=1850.5328 (transformer) | Temp: 0.463 | No improvement: 9/999999
[2025-11-04 17:51:33] [PABBO_Full_opt] [INFO] Iter 16/20 | Best: T=2, perplexity=1850.5328 | Current: T=120, fitness=2660.1558 (transformer) | Temp: 0.440 | No improvement: 10/999999
[2025-11-04 17:51:33] [PABBO_Full_opt] [INFO] Iter 17/20 | Best: T=2, perplexity=1850.5328 | Current: T=93, fitness=2223.2089 (exploration) | Temp: 0.418 | No improvement: 11/999999
[2025-11-04 17:52:06] [PABBO_Full_opt] [INFO] Iter 18/20 | Best: T=2, perplexity=1850.5328 | Current: T=338, fitness=80439.4976 (exploration) | Temp: 0.397 | No improvement: 12/999999
[2025-11-04 17:52:34] [PABBO_Full_opt] [INFO] Iter 19/20 | Best: T=2, perplexity=1850.5328 | Current: T=282, fitness=23177.2412 (transformer) | Temp: 0.377 | No improvement: 13/999999
[2025-11-04 17:52:34] [PABBO_Full_opt] [INFO] Iter 20/20 | Best: T=2, perplexity=1850.5328 | Current: T=2, fitness=1850.5328 (transformer) | Temp: 0.358 | No improvement: 14/999999
[2025-11-04 17:52:34] [PABBO_Full_opt] [INFO] ================================================================================
[2025-11-04 17:52:34] [PABBO_Full_opt] [INFO] PABBO Full Optimization Complete!
[2025-11-04 17:52:34] [PABBO_Full_opt] [INFO] Total time: 422.60s
[2025-11-04 17:52:34] [PABBO_Full_opt] [INFO] Total evaluations: 40
[2025-11-04 17:52:34] [PABBO_Full_opt] [INFO] Final best: T=2, alpha=0.500000, eta=0.500000, perplexity=1850.5328
[2025-11-04 17:52:34] [PABBO_Full_opt] [INFO] ================================================================================
[2025-11-04 17:52:35] [PABBO_Full_opt] [INFO] ================================================================================
[2025-11-04 17:52:35] [PABBO_Full_opt] [INFO] PABBO_Full Optimization Complete!
[2025-11-04 17:52:35] [PABBO_Full_opt] [INFO] Best T: 2, alpha: 0.500000, eta: 0.500000
[2025-11-04 17:52:35] [PABBO_Full_opt] [INFO] Best perplexity: 1850.5328
[2025-11-04 17:52:35] [PABBO_Full_opt] [INFO] Total time: 422.60s
[2025-11-04 17:52:35] [PABBO_Full_opt] [INFO] ================================================================================
