[2025-11-12 18:13:03] [SABO_opt] [INFO] ================================================================================
[2025-11-12 18:13:03] [SABO_opt] [INFO] SABO Optimization Starting (NO EARLY STOPPING)
[2025-11-12 18:13:03] [SABO_opt] [INFO] ================================================================================
[2025-11-12 18:13:03] [SABO_opt] [INFO] Initial population: [733, 811, 133, 355, 777, 115, 452, 940, 879, 345, 576, 153, 950, 602, 162, 238, 422, 511, 660, 285]
[2025-11-12 18:13:03] [SABO_opt] [INFO] Iterations: 20
[2025-11-12 18:13:03] [SABO_opt] [INFO] Output directory: C:\Users\klass\OneDrive\Рабочий стол\lgd-SABO\lda_pipeline_results\run_20251112_100135\experiments\agnews\run_5\SABO
[2025-11-12 18:13:03] [SABO_opt] [INFO] ================================================================================
[2025-11-12 18:13:03] [SABO_opt] [INFO] SABO initialized: rho=0.1, beta_t=0.01, N_batch=5, d=1
[2025-11-12 18:13:03] [SABO_opt] [INFO] ================================================================================
[2025-11-12 18:13:03] [SABO_opt] [INFO] Starting SABO optimization
[2025-11-12 18:13:03] [SABO_opt] [INFO] Iterations: 20, Initial samples: 10, Batch size: 5
[2025-11-12 18:13:03] [SABO_opt] [INFO] T bounds: (2, 1000), alpha=1/T, eta=1/T
[2025-11-12 18:13:03] [SABO_opt] [INFO] ================================================================================
[2025-11-12 18:13:03] [SABO_opt] [INFO] Using provided initial population
[2025-11-12 18:13:03] [SABO_opt] [INFO] Evaluating initial samples...
[2025-11-12 18:14:34] [SABO_opt] [INFO] Initial: New best found! T=733, fitness=167711134282398912514799697920.0000
[2025-11-12 18:16:26] [SABO_opt] [INFO] Initial: New best found! T=133, fitness=16411.4763
[2025-11-12 18:18:48] [SABO_opt] [INFO] Initial: New best found! T=115, fitness=10413.7998
[2025-11-12 18:32:19] [SABO_opt] [INFO] Initial best: T=115, alpha=0.008696, eta=0.008696, perplexity=10413.7998
[2025-11-12 18:34:39] [SABO_opt] [INFO] Iter 1: New best found! T=2, fitness=2134.7603
[2025-11-12 18:43:41] [SABO_opt] [INFO] ================================================================================
[2025-11-12 18:43:41] [SABO_opt] [INFO] SABO Optimization Complete!
[2025-11-12 18:43:41] [SABO_opt] [INFO] Total time: 1837.95s
[2025-11-12 18:43:41] [SABO_opt] [INFO] Total evaluations: 260
[2025-11-12 18:43:41] [SABO_opt] [INFO] Final best: T=2, alpha=0.500000, eta=0.500000, perplexity=2134.7603
[2025-11-12 18:43:41] [SABO_opt] [INFO] ================================================================================
[2025-11-12 18:43:42] [SABO_opt] [INFO] ================================================================================
[2025-11-12 18:43:42] [SABO_opt] [INFO] SABO Optimization Complete!
[2025-11-12 18:43:42] [SABO_opt] [INFO] Best T: 2, alpha: 0.500000, eta: 0.500000
[2025-11-12 18:43:42] [SABO_opt] [INFO] Best perplexity: 2134.7603
[2025-11-12 18:43:42] [SABO_opt] [INFO] Total time: 1837.95s
[2025-11-12 18:43:42] [SABO_opt] [INFO] ================================================================================
