[2025-11-05 00:16:02] [ES_opt] [INFO] ================================================================================
[2025-11-05 00:16:02] [ES_opt] [INFO] ES Optimization Starting (NO EARLY STOPPING)
[2025-11-05 00:16:02] [ES_opt] [INFO] ================================================================================
[2025-11-05 00:16:02] [ES_opt] [INFO] Initial population: [733, 811, 133, 355, 777, 115, 452, 940, 879, 345, 576, 153, 950, 602, 162, 238, 422, 511, 660, 285]
[2025-11-05 00:16:02] [ES_opt] [INFO] Iterations: 20
[2025-11-05 00:16:02] [ES_opt] [INFO] Output directory: c:\Users\Roman\Downloads\lgd-main\lgd-main\lda_pipeline_results\run_20251104_135335\experiments\agnews\run_2\ES
[2025-11-05 00:16:02] [ES_opt] [INFO] ================================================================================
[2025-11-05 00:16:02] [ES_opt] [INFO] ES initialized: mu=5, lambda=10, dT=5
[2025-11-05 00:16:02] [ES_opt] [INFO] ================================================================================
[2025-11-05 00:16:02] [ES_opt] [INFO] Starting ES optimization
[2025-11-05 00:16:02] [ES_opt] [INFO] Steps: 20, mu=5, lambda=10
[2025-11-05 00:16:02] [ES_opt] [INFO] T bounds: (2, 1000), alpha=1/T, eta=1/T
[2025-11-05 00:16:02] [ES_opt] [INFO] ================================================================================
[2025-11-05 00:16:02] [ES_opt] [INFO] Using provided initial population
[2025-11-05 00:16:02] [ES_opt] [INFO] Evaluating initial population...
[2025-11-05 00:16:02] [ES_opt] [INFO] Selected best 5 parents from 20 initial individuals
[2025-11-05 00:16:02] [ES_opt] [INFO] Initial best: T=115, alpha=0.008696, eta=0.008696, perplexity=9583.1523
[2025-11-05 00:17:52] [ES_opt] [INFO] Step 1: New best found! Fitness=9156.8927
[2025-11-05 00:17:52] [ES_opt] [INFO] Step 1/20 | Best: T=111, perplexity=9156.8927 | Parents: mean=10824.8162, std=2213.1824 | Time: 110.13s | No improvement: 0/999999
[2025-11-05 00:18:33] [ES_opt] [INFO] Step 2: New best found! Fitness=9037.2176
[2025-11-05 00:18:33] [ES_opt] [INFO] Step 2/20 | Best: T=108, perplexity=9037.2176 | Parents: mean=9218.2096, std=188.2661 | Time: 40.64s | No improvement: 0/999999
[2025-11-05 00:19:11] [ES_opt] [INFO] Step 3: New best found! Fitness=7012.5582
[2025-11-05 00:19:11] [ES_opt] [INFO] Step 3/20 | Best: T=103, perplexity=7012.5582 | Parents: mean=7988.2866, std=647.4635 | Time: 38.29s | No improvement: 0/999999
[2025-11-05 00:19:30] [ES_opt] [INFO] Step 4/20 | Best: T=103, perplexity=7012.5582 | Parents: mean=7389.1981, std=255.0655 | Time: 19.24s | No improvement: 1/999999
[2025-11-05 00:19:57] [ES_opt] [INFO] Step 5: New best found! Fitness=6584.6401
[2025-11-05 00:19:57] [ES_opt] [INFO] Step 5/20 | Best: T=97, perplexity=6584.6401 | Parents: mean=7070.7949, std=272.3006 | Time: 26.74s | No improvement: 0/999999
[2025-11-05 00:20:14] [ES_opt] [INFO] Step 6: New best found! Fitness=6004.1661
[2025-11-05 00:20:14] [ES_opt] [INFO] Step 6/20 | Best: T=94, perplexity=6004.1661 | Parents: mean=6546.6040, std=368.7859 | Time: 17.06s | No improvement: 0/999999
[2025-11-05 00:20:32] [ES_opt] [INFO] Step 7: New best found! Fitness=5645.6957
[2025-11-05 00:20:32] [ES_opt] [INFO] Step 7/20 | Best: T=88, perplexity=5645.6957 | Parents: mean=5987.1022, std=200.8265 | Time: 17.65s | No improvement: 0/999999
[2025-11-05 00:20:56] [ES_opt] [INFO] Step 8: New best found! Fitness=5499.9495
[2025-11-05 00:20:56] [ES_opt] [INFO] Step 8/20 | Best: T=87, perplexity=5499.9495 | Parents: mean=5781.1566, std=183.6261 | Time: 24.88s | No improvement: 0/999999
[2025-11-05 00:21:20] [ES_opt] [INFO] Step 9: New best found! Fitness=5117.7529
[2025-11-05 00:21:20] [ES_opt] [INFO] Step 9/20 | Best: T=83, perplexity=5117.7529 | Parents: mean=5445.6647, std=166.4154 | Time: 24.09s | No improvement: 0/999999
[2025-11-05 00:21:52] [ES_opt] [INFO] Step 10/20 | Best: T=83, perplexity=5117.7529 | Parents: mean=5117.7529, std=0.0000 | Time: 31.09s | No improvement: 1/999999
[2025-11-05 00:21:52] [ES_opt] [INFO] Step 11/20 | Best: T=83, perplexity=5117.7529 | Parents: mean=5117.7529, std=0.0000 | Time: 0.00s | No improvement: 2/999999
[2025-11-05 00:22:07] [ES_opt] [INFO] Step 12: New best found! Fitness=4769.4952
[2025-11-05 00:22:07] [ES_opt] [INFO] Step 12/20 | Best: T=78, perplexity=4769.4952 | Parents: mean=4978.4498, std=170.6108 | Time: 15.23s | No improvement: 0/999999
[2025-11-05 00:22:14] [ES_opt] [INFO] Step 13/20 | Best: T=78, perplexity=4769.4952 | Parents: mean=4924.5152, std=160.3661 | Time: 7.51s | No improvement: 1/999999
[2025-11-05 00:22:22] [ES_opt] [INFO] Step 14: New best found! Fitness=4449.5938
[2025-11-05 00:22:22] [ES_opt] [INFO] Step 14/20 | Best: T=73, perplexity=4449.5938 | Parents: mean=4705.5149, std=127.9605 | Time: 7.46s | No improvement: 0/999999
[2025-11-05 00:22:29] [ES_opt] [INFO] Step 15: New best found! Fitness=4201.2754
[2025-11-05 00:22:29] [ES_opt] [INFO] Step 15/20 | Best: T=72, perplexity=4201.2754 | Parents: mean=4463.9104, std=180.5404 | Time: 7.28s | No improvement: 0/999999
[2025-11-05 00:22:58] [ES_opt] [INFO] Step 16: New best found! Fitness=4053.1711
[2025-11-05 00:22:58] [ES_opt] [INFO] Step 16/20 | Best: T=69, perplexity=4053.1711 | Parents: mean=4206.0411, std=85.5591 | Time: 29.29s | No improvement: 0/999999
[2025-11-05 00:23:06] [ES_opt] [INFO] Step 17: New best found! Fitness=3809.2034
[2025-11-05 00:23:06] [ES_opt] [INFO] Step 17/20 | Best: T=64, perplexity=3809.2034 | Parents: mean=3830.7824, std=43.1580 | Time: 7.21s | No improvement: 0/999999
[2025-11-05 00:23:06] [ES_opt] [INFO] Step 18: New best found! Fitness=3755.3504
[2025-11-05 00:23:06] [ES_opt] [INFO] Step 18/20 | Best: T=61, perplexity=3755.3504 | Parents: mean=3798.4328, std=21.5412 | Time: 0.00s | No improvement: 0/999999
[2025-11-05 00:23:12] [ES_opt] [INFO] Step 19: New best found! Fitness=3706.2013
[2025-11-05 00:23:12] [ES_opt] [INFO] Step 19/20 | Best: T=63, perplexity=3706.2013 | Parents: mean=3748.6811, std=36.1696 | Time: 6.76s | No improvement: 0/999999
[2025-11-05 00:23:31] [ES_opt] [INFO] Step 20: New best found! Fitness=3430.3965
[2025-11-05 00:23:31] [ES_opt] [INFO] Step 20/20 | Best: T=54, perplexity=3430.3965 | Parents: mean=3603.8689, std=119.2170 | Time: 18.72s | No improvement: 0/999999
[2025-11-05 00:23:31] [ES_opt] [INFO] ================================================================================
[2025-11-05 00:23:31] [ES_opt] [INFO] ES Optimization Complete!
[2025-11-05 00:23:31] [ES_opt] [INFO] Total time: 449.30s
[2025-11-05 00:23:31] [ES_opt] [INFO] Final best: T=54, alpha=0.018519, eta=0.018519, perplexity=3430.3965
[2025-11-05 00:23:31] [ES_opt] [INFO] ================================================================================
[2025-11-05 00:23:32] [ES_opt] [INFO] ================================================================================
[2025-11-05 00:23:32] [ES_opt] [INFO] ES Optimization Complete!
[2025-11-05 00:23:32] [ES_opt] [INFO] Best T: 54, alpha: 0.018519, eta: 0.018519
[2025-11-05 00:23:32] [ES_opt] [INFO] Best perplexity: 3430.3965
[2025-11-05 00:23:32] [ES_opt] [INFO] Total time: 449.30s
[2025-11-05 00:23:32] [ES_opt] [INFO] ================================================================================
