[2025-11-04 21:09:54] [GA_opt] [INFO] ================================================================================
[2025-11-04 21:09:54] [GA_opt] [INFO] GA Optimization Starting (NO EARLY STOPPING)
[2025-11-04 21:09:54] [GA_opt] [INFO] ================================================================================
[2025-11-04 21:09:54] [GA_opt] [INFO] Initial population: [733, 811, 133, 355, 777, 115, 452, 940, 879, 345, 576, 153, 950, 602, 162, 238, 422, 511, 660, 285]
[2025-11-04 21:09:54] [GA_opt] [INFO] Iterations: 20
[2025-11-04 21:09:54] [GA_opt] [INFO] Output directory: c:\Users\Roman\Downloads\lgd-main\lgd-main\lda_pipeline_results\run_20251104_135335\experiments\20news\run_8\GA
[2025-11-04 21:09:54] [GA_opt] [INFO] ================================================================================
[2025-11-04 21:09:54] [GA_opt] [INFO] GA initialized: cxpb=0.9, mutpb=0.2, elite=5, dT=5
[2025-11-04 21:09:54] [GA_opt] [INFO] ================================================================================
[2025-11-04 21:09:54] [GA_opt] [INFO] Starting GA optimization
[2025-11-04 21:09:54] [GA_opt] [INFO] Generations: 20, Population size: 10
[2025-11-04 21:09:54] [GA_opt] [INFO] T bounds: (2, 1000), alpha=1/T, eta=1/T
[2025-11-04 21:09:54] [GA_opt] [INFO] ================================================================================
[2025-11-04 21:09:54] [GA_opt] [INFO] Using provided initial population
[2025-11-04 21:09:54] [GA_opt] [INFO] Evaluating initial population...
[2025-11-04 21:28:33] [GA_opt] [INFO] Initial best: T=115, alpha=0.008696, eta=0.008696, perplexity=2597.6310
[2025-11-04 21:33:03] [GA_opt] [INFO] Gen 1/20 | Best: T=115, perplexity=2597.6310 | Pop: mean=9560180.7882, std=28646646.7082 | Time: 270.60s | No improvement: 1/999999
[2025-11-04 21:34:54] [GA_opt] [INFO] Gen 2: New best found! Fitness=2223.6256
[2025-11-04 21:34:54] [GA_opt] [INFO] Gen 2/20 | Best: T=93, perplexity=2223.6256 | Pop: mean=3171.4031, std=619.7389 | Time: 110.35s | No improvement: 0/999999
[2025-11-04 21:35:56] [GA_opt] [INFO] Gen 3: New best found! Fitness=1988.8544
[2025-11-04 21:35:56] [GA_opt] [INFO] Gen 3/20 | Best: T=64, perplexity=1988.8544 | Pop: mean=2863.3326, std=490.7217 | Time: 62.40s | No improvement: 0/999999
[2025-11-04 21:37:18] [GA_opt] [INFO] Gen 4/20 | Best: T=64, perplexity=1988.8544 | Pop: mean=2516.7520, std=516.8210 | Time: 82.01s | No improvement: 1/999999
[2025-11-04 21:37:51] [GA_opt] [INFO] Gen 5: New best found! Fitness=1953.6082
[2025-11-04 21:37:51] [GA_opt] [INFO] Gen 5/20 | Best: T=65, perplexity=1953.6082 | Pop: mean=2114.8181, std=200.4943 | Time: 32.33s | No improvement: 0/999999
[2025-11-04 21:37:59] [GA_opt] [INFO] Gen 6/20 | Best: T=65, perplexity=1953.6082 | Pop: mean=2006.2675, std=39.0644 | Time: 8.64s | No improvement: 1/999999
[2025-11-04 21:38:08] [GA_opt] [INFO] Gen 7/20 | Best: T=65, perplexity=1953.6082 | Pop: mean=1981.7520, std=19.8325 | Time: 8.89s | No improvement: 2/999999
[2025-11-04 21:38:36] [GA_opt] [INFO] Gen 8: New best found! Fitness=1782.9287
[2025-11-04 21:38:36] [GA_opt] [INFO] Gen 8/20 | Best: T=36, perplexity=1782.9287 | Pop: mean=1979.4444, std=86.9491 | Time: 28.07s | No improvement: 0/999999
[2025-11-04 21:39:16] [GA_opt] [INFO] Gen 9: New best found! Fitness=1738.4974
[2025-11-04 21:39:16] [GA_opt] [INFO] Gen 9/20 | Best: T=31, perplexity=1738.4974 | Pop: mean=1921.4843, std=71.6622 | Time: 39.68s | No improvement: 0/999999
[2025-11-04 21:39:30] [GA_opt] [INFO] Gen 10/20 | Best: T=31, perplexity=1738.4974 | Pop: mean=1905.9950, std=92.1833 | Time: 14.63s | No improvement: 1/999999
[2025-11-04 21:39:50] [GA_opt] [INFO] Gen 11: New best found! Fitness=1711.6683
[2025-11-04 21:39:50] [GA_opt] [INFO] Gen 11/20 | Best: T=4, perplexity=1711.6683 | Pop: mean=1856.8115, std=133.0048 | Time: 19.66s | No improvement: 0/999999
[2025-11-04 21:39:55] [GA_opt] [INFO] Gen 12: New best found! Fitness=1662.7651
[2025-11-04 21:39:55] [GA_opt] [INFO] Gen 12/20 | Best: T=7, perplexity=1662.7651 | Pop: mean=1782.2106, std=68.2155 | Time: 5.12s | No improvement: 0/999999
[2025-11-04 21:39:55] [GA_opt] [INFO] Gen 13/20 | Best: T=7, perplexity=1662.7651 | Pop: mean=1772.3766, std=83.1063 | Time: 0.00s | No improvement: 1/999999
[2025-11-04 21:39:55] [GA_opt] [INFO] Gen 14/20 | Best: T=7, perplexity=1662.7651 | Pop: mean=1758.9886, std=78.9441 | Time: 0.00s | No improvement: 2/999999
[2025-11-04 21:40:00] [GA_opt] [INFO] Gen 15/20 | Best: T=7, perplexity=1662.7651 | Pop: mean=1704.7237, std=70.6157 | Time: 5.20s | No improvement: 3/999999
[2025-11-04 21:40:16] [GA_opt] [INFO] Gen 16: New best found! Fitness=1652.6369
[2025-11-04 21:40:16] [GA_opt] [INFO] Gen 16/20 | Best: T=6, perplexity=1652.6369 | Pop: mean=1668.1374, std=21.4665 | Time: 15.58s | No improvement: 0/999999
[2025-11-04 21:40:16] [GA_opt] [INFO] Gen 17/20 | Best: T=6, perplexity=1652.6369 | Pop: mean=1661.7523, std=3.0384 | Time: 0.00s | No improvement: 1/999999
[2025-11-04 21:40:21] [GA_opt] [INFO] Gen 18/20 | Best: T=6, perplexity=1652.6369 | Pop: mean=1672.3688, std=49.1161 | Time: 5.27s | No improvement: 2/999999
[2025-11-04 21:40:21] [GA_opt] [INFO] Gen 19/20 | Best: T=6, perplexity=1652.6369 | Pop: mean=1660.1857, std=14.0220 | Time: 0.00s | No improvement: 3/999999
[2025-11-04 21:40:26] [GA_opt] [INFO] Gen 20/20 | Best: T=6, perplexity=1652.6369 | Pop: mean=1654.4536, std=6.0138 | Time: 5.14s | No improvement: 4/999999
[2025-11-04 21:40:26] [GA_opt] [INFO] ================================================================================
[2025-11-04 21:40:26] [GA_opt] [INFO] GA Optimization Complete!
[2025-11-04 21:40:26] [GA_opt] [INFO] Total time: 1832.29s
[2025-11-04 21:40:26] [GA_opt] [INFO] Final best: T=6, alpha=0.166667, eta=0.166667, perplexity=1652.6369
[2025-11-04 21:40:26] [GA_opt] [INFO] ================================================================================
[2025-11-04 21:40:27] [GA_opt] [INFO] ================================================================================
[2025-11-04 21:40:27] [GA_opt] [INFO] GA Optimization Complete!
[2025-11-04 21:40:27] [GA_opt] [INFO] Best T: 6, alpha: 0.166667, eta: 0.166667
[2025-11-04 21:40:27] [GA_opt] [INFO] Best perplexity: 1652.6369
[2025-11-04 21:40:27] [GA_opt] [INFO] Total time: 1832.29s
[2025-11-04 21:40:27] [GA_opt] [INFO] ================================================================================
