[2025-11-05 00:58:03] [PABBO_Full_opt] [INFO] ================================================================================
[2025-11-05 00:58:03] [PABBO_Full_opt] [INFO] PABBO_Full Optimization Starting (NO EARLY STOPPING)
[2025-11-05 00:58:03] [PABBO_Full_opt] [INFO] ================================================================================
[2025-11-05 00:58:03] [PABBO_Full_opt] [INFO] Initial population: [733, 811, 133, 355, 777, 115, 452, 940, 879, 345, 576, 153, 950, 602, 162, 238, 422, 511, 660, 285]
[2025-11-05 00:58:03] [PABBO_Full_opt] [INFO] Iterations: 20
[2025-11-05 00:58:03] [PABBO_Full_opt] [INFO] Output directory: c:\Users\Roman\Downloads\lgd-main\lgd-main\lda_pipeline_results\run_20251104_135335\experiments\agnews\run_3\PABBO_Full
[2025-11-05 00:58:03] [PABBO_Full_opt] [INFO] ================================================================================
[2025-11-05 00:58:03] [PABBO_Full_opt] [INFO] PABBO Full initialized with Transformer model from c:\Users\Roman\Downloads\lgd-main\lgd-main\pabbo_method\results\PABBO\PABBO_GP1D_quick_20251104_135342\ckpt.tar
[2025-11-05 00:58:03] [PABBO_Full_opt] [INFO] PABBO initialized: exploration_rate=0.3, temperature_decay=0.95, use_transformer=True
[2025-11-05 00:58:03] [PABBO_Full_opt] [INFO] ================================================================================
[2025-11-05 00:58:03] [PABBO_Full_opt] [INFO] Starting PABBO Full optimization
[2025-11-05 00:58:03] [PABBO_Full_opt] [INFO] Iterations: 20, Initial samples: 20
[2025-11-05 00:58:03] [PABBO_Full_opt] [INFO] T bounds: (2, 1000), alpha=1/T, eta=1/T
[2025-11-05 00:58:03] [PABBO_Full_opt] [INFO] Using Transformer: True
[2025-11-05 00:58:03] [PABBO_Full_opt] [INFO] ================================================================================
[2025-11-05 00:58:03] [PABBO_Full_opt] [INFO] Using provided initial population
[2025-11-05 00:58:03] [PABBO_Full_opt] [INFO] Evaluating initial samples...
[2025-11-05 00:58:03] [PABBO_Full_opt] [INFO] Initial: New best found! T=733, fitness=210630770890354662335775244288.0000
[2025-11-05 00:58:03] [PABBO_Full_opt] [INFO] Initial: New best found! T=133, fitness=17109.2000
[2025-11-05 00:58:03] [PABBO_Full_opt] [INFO] Initial: New best found! T=115, fitness=10731.5730
[2025-11-05 00:58:03] [PABBO_Full_opt] [INFO] Initial best: T=115, alpha=0.008696, eta=0.008696, perplexity=10731.5730
[2025-11-05 00:58:41] [PABBO_Full_opt] [INFO] Iter 1/20 | Best: T=115, perplexity=10731.5730 | Current: T=501, fitness=8373921735693074.0000 (exploration) | Temp: 0.950 | No improvement: 1/999999
[2025-11-05 00:59:04] [PABBO_Full_opt] [INFO] Iter 2/20 | Best: T=115, perplexity=10731.5730 | Current: T=312, fitness=161648890.0517 (exploration) | Temp: 0.902 | No improvement: 2/999999
[2025-11-05 00:59:04] [PABBO_Full_opt] [INFO] Iter 3/20 | Best: T=115, perplexity=10731.5730 | Current: T=123, fitness=12865.2322 (transformer) | Temp: 0.857 | No improvement: 3/999999
[2025-11-05 00:59:19] [PABBO_Full_opt] [INFO] Iter 4/20 | Best: T=115, perplexity=10731.5730 | Current: T=193, fitness=145400.0641 (transformer) | Temp: 0.815 | No improvement: 4/999999
[2025-11-05 00:59:30] [PABBO_Full_opt] [INFO] Iter 5/20 | Best: T=115, perplexity=10731.5730 | Current: T=122, fitness=12015.6761 (exploration) | Temp: 0.774 | No improvement: 5/999999
[2025-11-05 00:59:30] [PABBO_Full_opt] [INFO] Iter 6/20 | Best: T=2, perplexity=2177.1720 | Current: T=2, fitness=2177.1720 (transformer) | Temp: 0.735 | No improvement: 0/999999
[2025-11-05 00:59:30] [PABBO_Full_opt] [INFO] Iter 7/20 | Best: T=2, perplexity=2177.1720 | Current: T=2, fitness=2177.1720 (transformer) | Temp: 0.698 | No improvement: 1/999999
[2025-11-05 01:00:35] [PABBO_Full_opt] [INFO] Iter 8/20 | Best: T=2, perplexity=2177.1720 | Current: T=816, fitness=68830550918864016381730478043955200.0000 (exploration) | Temp: 0.663 | No improvement: 2/999999
[2025-11-05 01:00:35] [PABBO_Full_opt] [INFO] Iter 9/20 | Best: T=2, perplexity=2177.1720 | Current: T=2, fitness=2177.1720 (transformer) | Temp: 0.630 | No improvement: 3/999999
[2025-11-05 01:01:43] [PABBO_Full_opt] [INFO] Iter 10/20 | Best: T=2, perplexity=2177.1720 | Current: T=870, fitness=559265153002677098890135559329755955200.0000 (exploration) | Temp: 0.599 | No improvement: 4/999999
[2025-11-05 01:01:43] [PABBO_Full_opt] [INFO] Iter 11/20 | Best: T=2, perplexity=2177.1720 | Current: T=2, fitness=2177.1720 (transformer) | Temp: 0.569 | No improvement: 5/999999
[2025-11-05 01:02:15] [PABBO_Full_opt] [INFO] Iter 12/20 | Best: T=2, perplexity=2177.1720 | Current: T=419, fitness=1479249954562.9316 (exploration) | Temp: 0.540 | No improvement: 6/999999
[2025-11-05 01:02:15] [PABBO_Full_opt] [INFO] Iter 13/20 | Best: T=2, perplexity=2177.1720 | Current: T=60, fitness=3981.3775 (exploration) | Temp: 0.513 | No improvement: 7/999999
[2025-11-05 01:02:15] [PABBO_Full_opt] [INFO] Iter 14/20 | Best: T=2, perplexity=2177.1720 | Current: T=89, fitness=6342.0292 (transformer) | Temp: 0.488 | No improvement: 8/999999
[2025-11-05 01:02:15] [PABBO_Full_opt] [INFO] Iter 15/20 | Best: T=2, perplexity=2177.1720 | Current: T=2, fitness=2177.1720 (transformer) | Temp: 0.463 | No improvement: 9/999999
[2025-11-05 01:02:25] [PABBO_Full_opt] [INFO] Iter 16/20 | Best: T=2, perplexity=2177.1720 | Current: T=120, fitness=12961.7803 (transformer) | Temp: 0.440 | No improvement: 10/999999
[2025-11-05 01:02:25] [PABBO_Full_opt] [INFO] Iter 17/20 | Best: T=2, perplexity=2177.1720 | Current: T=93, fitness=6268.8924 (exploration) | Temp: 0.418 | No improvement: 11/999999
[2025-11-05 01:02:50] [PABBO_Full_opt] [INFO] Iter 18/20 | Best: T=2, perplexity=2177.1720 | Current: T=338, fitness=1267686031.0188 (exploration) | Temp: 0.397 | No improvement: 12/999999
[2025-11-05 01:03:11] [PABBO_Full_opt] [INFO] Iter 19/20 | Best: T=2, perplexity=2177.1720 | Current: T=282, fitness=19002285.2814 (transformer) | Temp: 0.377 | No improvement: 13/999999
[2025-11-05 01:03:11] [PABBO_Full_opt] [INFO] Iter 20/20 | Best: T=2, perplexity=2177.1720 | Current: T=2, fitness=2177.1720 (transformer) | Temp: 0.358 | No improvement: 14/999999
[2025-11-05 01:03:11] [PABBO_Full_opt] [INFO] ================================================================================
[2025-11-05 01:03:11] [PABBO_Full_opt] [INFO] PABBO Full Optimization Complete!
[2025-11-05 01:03:11] [PABBO_Full_opt] [INFO] Total time: 308.48s
[2025-11-05 01:03:11] [PABBO_Full_opt] [INFO] Total evaluations: 40
[2025-11-05 01:03:11] [PABBO_Full_opt] [INFO] Final best: T=2, alpha=0.500000, eta=0.500000, perplexity=2177.1720
[2025-11-05 01:03:11] [PABBO_Full_opt] [INFO] ================================================================================
[2025-11-05 01:03:12] [PABBO_Full_opt] [INFO] ================================================================================
[2025-11-05 01:03:12] [PABBO_Full_opt] [INFO] PABBO_Full Optimization Complete!
[2025-11-05 01:03:12] [PABBO_Full_opt] [INFO] Best T: 2, alpha: 0.500000, eta: 0.500000
[2025-11-05 01:03:12] [PABBO_Full_opt] [INFO] Best perplexity: 2177.1720
[2025-11-05 01:03:12] [PABBO_Full_opt] [INFO] Total time: 308.48s
[2025-11-05 01:03:12] [PABBO_Full_opt] [INFO] ================================================================================
