[2025-11-05 01:35:13] [PABBO_Full_opt] [INFO] ================================================================================
[2025-11-05 01:35:13] [PABBO_Full_opt] [INFO] PABBO_Full Optimization Starting (NO EARLY STOPPING)
[2025-11-05 01:35:13] [PABBO_Full_opt] [INFO] ================================================================================
[2025-11-05 01:35:13] [PABBO_Full_opt] [INFO] Initial population: [733, 811, 133, 355, 777, 115, 452, 940, 879, 345, 576, 153, 950, 602, 162, 238, 422, 511, 660, 285]
[2025-11-05 01:35:13] [PABBO_Full_opt] [INFO] Iterations: 20
[2025-11-05 01:35:13] [PABBO_Full_opt] [INFO] Output directory: c:\Users\Roman\Downloads\lgd-main\lgd-main\lda_pipeline_results\run_20251104_135335\experiments\agnews\run_4\PABBO_Full
[2025-11-05 01:35:13] [PABBO_Full_opt] [INFO] ================================================================================
[2025-11-05 01:35:13] [PABBO_Full_opt] [INFO] PABBO Full initialized with Transformer model from c:\Users\Roman\Downloads\lgd-main\lgd-main\pabbo_method\results\PABBO\PABBO_GP1D_quick_20251104_135342\ckpt.tar
[2025-11-05 01:35:13] [PABBO_Full_opt] [INFO] PABBO initialized: exploration_rate=0.3, temperature_decay=0.95, use_transformer=True
[2025-11-05 01:35:13] [PABBO_Full_opt] [INFO] ================================================================================
[2025-11-05 01:35:13] [PABBO_Full_opt] [INFO] Starting PABBO Full optimization
[2025-11-05 01:35:13] [PABBO_Full_opt] [INFO] Iterations: 20, Initial samples: 20
[2025-11-05 01:35:13] [PABBO_Full_opt] [INFO] T bounds: (2, 1000), alpha=1/T, eta=1/T
[2025-11-05 01:35:13] [PABBO_Full_opt] [INFO] Using Transformer: True
[2025-11-05 01:35:13] [PABBO_Full_opt] [INFO] ================================================================================
[2025-11-05 01:35:13] [PABBO_Full_opt] [INFO] Using provided initial population
[2025-11-05 01:35:13] [PABBO_Full_opt] [INFO] Evaluating initial samples...
[2025-11-05 01:35:13] [PABBO_Full_opt] [INFO] Initial: New best found! T=733, fitness=208477040327984970385823105024.0000
[2025-11-05 01:35:13] [PABBO_Full_opt] [INFO] Initial: New best found! T=133, fitness=16776.0904
[2025-11-05 01:35:13] [PABBO_Full_opt] [INFO] Initial: New best found! T=115, fitness=9975.4944
[2025-11-05 01:35:13] [PABBO_Full_opt] [INFO] Initial best: T=115, alpha=0.008696, eta=0.008696, perplexity=9975.4944
[2025-11-05 01:35:39] [PABBO_Full_opt] [INFO] Iter 1/20 | Best: T=115, perplexity=9975.4944 | Current: T=337, fitness=1031636045.2473 (transformer) | Temp: 0.950 | No improvement: 1/999999
[2025-11-05 01:35:39] [PABBO_Full_opt] [INFO] Iter 2/20 | Best: T=115, perplexity=9975.4944 | Current: T=602, fitness=1674338705785099386880.0000 (exploration) | Temp: 0.902 | No improvement: 2/999999
[2025-11-05 01:36:18] [PABBO_Full_opt] [INFO] Iter 3/20 | Best: T=115, perplexity=9975.4944 | Current: T=502, fitness=9653528754906806.0000 (transformer) | Temp: 0.857 | No improvement: 3/999999
[2025-11-05 01:36:47] [PABBO_Full_opt] [INFO] Iter 4/20 | Best: T=115, perplexity=9975.4944 | Current: T=379, fitness=36006859087.9582 (transformer) | Temp: 0.815 | No improvement: 4/999999
[2025-11-05 01:36:47] [PABBO_Full_opt] [INFO] Iter 5/20 | Best: T=2, perplexity=2176.7477 | Current: T=2, fitness=2176.7477 (transformer) | Temp: 0.774 | No improvement: 0/999999
[2025-11-05 01:37:53] [PABBO_Full_opt] [INFO] Iter 6/20 | Best: T=2, perplexity=2176.7477 | Current: T=803, fitness=8886472247962794683397744204185600.0000 (exploration) | Temp: 0.735 | No improvement: 1/999999
[2025-11-05 01:37:53] [PABBO_Full_opt] [INFO] Iter 7/20 | Best: T=2, perplexity=2176.7477 | Current: T=125, fitness=13683.1043 (transformer) | Temp: 0.698 | No improvement: 2/999999
[2025-11-05 01:37:53] [PABBO_Full_opt] [INFO] Iter 8/20 | Best: T=2, perplexity=2176.7477 | Current: T=62, fitness=4061.1586 (transformer) | Temp: 0.663 | No improvement: 3/999999
[2025-11-05 01:37:53] [PABBO_Full_opt] [INFO] Iter 9/20 | Best: T=2, perplexity=2176.7477 | Current: T=93, fitness=6389.9389 (transformer) | Temp: 0.630 | No improvement: 4/999999
[2025-11-05 01:37:53] [PABBO_Full_opt] [INFO] Iter 10/20 | Best: T=2, perplexity=2176.7477 | Current: T=2, fitness=2176.7477 (transformer) | Temp: 0.599 | No improvement: 5/999999
[2025-11-05 01:37:53] [PABBO_Full_opt] [INFO] Iter 11/20 | Best: T=2, perplexity=2176.7477 | Current: T=65, fitness=4297.8612 (transformer) | Temp: 0.569 | No improvement: 6/999999
[2025-11-05 01:38:18] [PABBO_Full_opt] [INFO] Iter 12/20 | Best: T=2, perplexity=2176.7477 | Current: T=322, fitness=334091588.1433 (transformer) | Temp: 0.540 | No improvement: 7/999999
[2025-11-05 01:38:18] [PABBO_Full_opt] [INFO] Iter 13/20 | Best: T=2, perplexity=2176.7477 | Current: T=2, fitness=2176.7477 (transformer) | Temp: 0.513 | No improvement: 8/999999
[2025-11-05 01:38:18] [PABBO_Full_opt] [INFO] Iter 14/20 | Best: T=2, perplexity=2176.7477 | Current: T=70, fitness=4406.5880 (transformer) | Temp: 0.488 | No improvement: 9/999999
[2025-11-05 01:38:59] [PABBO_Full_opt] [INFO] Iter 15/20 | Best: T=2, perplexity=2176.7477 | Current: T=531, fitness=252634271145417312.0000 (transformer) | Temp: 0.463 | No improvement: 10/999999
[2025-11-05 01:39:39] [PABBO_Full_opt] [INFO] Iter 16/20 | Best: T=2, perplexity=2176.7477 | Current: T=520, fitness=70539875387559504.0000 (exploration) | Temp: 0.440 | No improvement: 11/999999
[2025-11-05 01:39:39] [PABBO_Full_opt] [INFO] Iter 17/20 | Best: T=2, perplexity=2176.7477 | Current: T=2, fitness=2176.7477 (transformer) | Temp: 0.418 | No improvement: 12/999999
[2025-11-05 01:40:27] [PABBO_Full_opt] [INFO] Iter 18/20 | Best: T=2, perplexity=2176.7477 | Current: T=611, fitness=5742665361066887741440.0000 (exploration) | Temp: 0.397 | No improvement: 13/999999
[2025-11-05 01:40:27] [PABBO_Full_opt] [INFO] Iter 19/20 | Best: T=2, perplexity=2176.7477 | Current: T=2, fitness=2176.7477 (transformer) | Temp: 0.377 | No improvement: 14/999999
[2025-11-05 01:40:47] [PABBO_Full_opt] [INFO] Iter 20/20 | Best: T=2, perplexity=2176.7477 | Current: T=247, fitness=2288768.1118 (transformer) | Temp: 0.358 | No improvement: 15/999999
[2025-11-05 01:40:47] [PABBO_Full_opt] [INFO] ================================================================================
[2025-11-05 01:40:47] [PABBO_Full_opt] [INFO] PABBO Full Optimization Complete!
[2025-11-05 01:40:47] [PABBO_Full_opt] [INFO] Total time: 333.40s
[2025-11-05 01:40:47] [PABBO_Full_opt] [INFO] Total evaluations: 40
[2025-11-05 01:40:47] [PABBO_Full_opt] [INFO] Final best: T=2, alpha=0.500000, eta=0.500000, perplexity=2176.7477
[2025-11-05 01:40:47] [PABBO_Full_opt] [INFO] ================================================================================
[2025-11-05 01:40:47] [PABBO_Full_opt] [INFO] ================================================================================
[2025-11-05 01:40:47] [PABBO_Full_opt] [INFO] PABBO_Full Optimization Complete!
[2025-11-05 01:40:47] [PABBO_Full_opt] [INFO] Best T: 2, alpha: 0.500000, eta: 0.500000
[2025-11-05 01:40:47] [PABBO_Full_opt] [INFO] Best perplexity: 2176.7477
[2025-11-05 01:40:47] [PABBO_Full_opt] [INFO] Total time: 333.40s
[2025-11-05 01:40:47] [PABBO_Full_opt] [INFO] ================================================================================
