[2025-11-05 12:03:19] [PABBO_Full_opt] [INFO] ================================================================================
[2025-11-05 12:03:19] [PABBO_Full_opt] [INFO] PABBO_Full Optimization Starting (NO EARLY STOPPING)
[2025-11-05 12:03:19] [PABBO_Full_opt] [INFO] ================================================================================
[2025-11-05 12:03:19] [PABBO_Full_opt] [INFO] Initial population: [733, 811, 133, 355, 777, 115, 452, 940, 879, 345, 576, 153, 950, 602, 162, 238, 422, 511, 660, 285]
[2025-11-05 12:03:19] [PABBO_Full_opt] [INFO] Iterations: 20
[2025-11-05 12:03:19] [PABBO_Full_opt] [INFO] Output directory: c:\Users\Roman\Downloads\lgd-main\lgd-main\lda_pipeline_results\run_20251104_135335\experiments\yelp\run_1\PABBO_Full
[2025-11-05 12:03:19] [PABBO_Full_opt] [INFO] ================================================================================
[2025-11-05 12:03:19] [PABBO_Full_opt] [INFO] PABBO Full initialized with Transformer model from c:\Users\Roman\Downloads\lgd-main\lgd-main\pabbo_method\results\PABBO\PABBO_GP1D_quick_20251104_135342\ckpt.tar
[2025-11-05 12:03:19] [PABBO_Full_opt] [INFO] PABBO initialized: exploration_rate=0.3, temperature_decay=0.95, use_transformer=True
[2025-11-05 12:03:19] [PABBO_Full_opt] [INFO] ================================================================================
[2025-11-05 12:03:19] [PABBO_Full_opt] [INFO] Starting PABBO Full optimization
[2025-11-05 12:03:19] [PABBO_Full_opt] [INFO] Iterations: 20, Initial samples: 20
[2025-11-05 12:03:19] [PABBO_Full_opt] [INFO] T bounds: (2, 1000), alpha=1/T, eta=1/T
[2025-11-05 12:03:19] [PABBO_Full_opt] [INFO] Using Transformer: True
[2025-11-05 12:03:19] [PABBO_Full_opt] [INFO] ================================================================================
[2025-11-05 12:03:19] [PABBO_Full_opt] [INFO] Using provided initial population
[2025-11-05 12:03:19] [PABBO_Full_opt] [INFO] Evaluating initial samples...
[2025-11-05 12:03:19] [PABBO_Full_opt] [INFO] Initial: New best found! T=733, fitness=72680775003649.3281
[2025-11-05 12:03:19] [PABBO_Full_opt] [INFO] Initial: New best found! T=133, fitness=3526.8224
[2025-11-05 12:03:19] [PABBO_Full_opt] [INFO] Initial: New best found! T=115, fitness=2746.3945
[2025-11-05 12:03:19] [PABBO_Full_opt] [INFO] Initial best: T=115, alpha=0.008696, eta=0.008696, perplexity=2746.3945
[2025-11-05 12:04:31] [PABBO_Full_opt] [INFO] Iter 1/20 | Best: T=115, perplexity=2746.3945 | Current: T=714, fitness=25586340025968.9414 (exploration) | Temp: 0.950 | No improvement: 1/999999
[2025-11-05 12:04:31] [PABBO_Full_opt] [INFO] Iter 2/20 | Best: T=115, perplexity=2746.3945 | Current: T=239, fitness=22682.4530 (transformer) | Temp: 0.902 | No improvement: 2/999999
[2025-11-05 12:04:31] [PABBO_Full_opt] [INFO] Iter 3/20 | Best: T=2, perplexity=1333.0686 | Current: T=2, fitness=1333.0686 (transformer) | Temp: 0.857 | No improvement: 0/999999
[2025-11-05 12:04:36] [PABBO_Full_opt] [INFO] Iter 4/20 | Best: T=2, perplexity=1333.0686 | Current: T=40, fitness=1690.3879 (transformer) | Temp: 0.815 | No improvement: 1/999999
[2025-11-05 12:04:36] [PABBO_Full_opt] [INFO] Iter 5/20 | Best: T=2, perplexity=1333.0686 | Current: T=2, fitness=1333.0686 (transformer) | Temp: 0.774 | No improvement: 2/999999
[2025-11-05 12:05:04] [PABBO_Full_opt] [INFO] Iter 6/20 | Best: T=2, perplexity=1333.0686 | Current: T=297, fitness=99330.9873 (transformer) | Temp: 0.735 | No improvement: 3/999999
[2025-11-05 12:05:07] [PABBO_Full_opt] [INFO] Iter 7/20 | Best: T=2, perplexity=1333.0686 | Current: T=9, fitness=1525.7983 (transformer) | Temp: 0.698 | No improvement: 4/999999
[2025-11-05 12:05:07] [PABBO_Full_opt] [INFO] Iter 8/20 | Best: T=2, perplexity=1333.0686 | Current: T=189, fitness=8216.7886 (transformer) | Temp: 0.663 | No improvement: 5/999999
[2025-11-05 12:06:06] [PABBO_Full_opt] [INFO] Iter 9/20 | Best: T=2, perplexity=1333.0686 | Current: T=604, fitness=45593487083.6107 (transformer) | Temp: 0.630 | No improvement: 6/999999
[2025-11-05 12:06:42] [PABBO_Full_opt] [INFO] Iter 10/20 | Best: T=2, perplexity=1333.0686 | Current: T=380, fitness=1589331.1098 (transformer) | Temp: 0.599 | No improvement: 7/999999
[2025-11-05 12:06:42] [PABBO_Full_opt] [INFO] Iter 11/20 | Best: T=2, perplexity=1333.0686 | Current: T=2, fitness=1333.0686 (transformer) | Temp: 0.569 | No improvement: 8/999999
[2025-11-05 12:08:08] [PABBO_Full_opt] [INFO] Iter 12/20 | Best: T=2, perplexity=1333.0686 | Current: T=856, fitness=270247014010517920.0000 (exploration) | Temp: 0.540 | No improvement: 9/999999
[2025-11-05 12:08:08] [PABBO_Full_opt] [INFO] Iter 13/20 | Best: T=2, perplexity=1333.0686 | Current: T=2, fitness=1333.0686 (transformer) | Temp: 0.513 | No improvement: 10/999999
[2025-11-05 12:08:22] [PABBO_Full_opt] [INFO] Iter 14/20 | Best: T=2, perplexity=1333.0686 | Current: T=145, fitness=3824.6248 (transformer) | Temp: 0.488 | No improvement: 11/999999
[2025-11-05 12:08:40] [PABBO_Full_opt] [INFO] Iter 15/20 | Best: T=2, perplexity=1333.0686 | Current: T=188, fitness=8243.3931 (exploration) | Temp: 0.463 | No improvement: 12/999999
[2025-11-05 12:08:40] [PABBO_Full_opt] [INFO] Iter 16/20 | Best: T=2, perplexity=1333.0686 | Current: T=2, fitness=1333.0686 (transformer) | Temp: 0.440 | No improvement: 13/999999
[2025-11-05 12:08:40] [PABBO_Full_opt] [INFO] Iter 17/20 | Best: T=2, perplexity=1333.0686 | Current: T=2, fitness=1333.0686 (transformer) | Temp: 0.418 | No improvement: 14/999999
[2025-11-05 12:08:40] [PABBO_Full_opt] [INFO] Iter 18/20 | Best: T=2, perplexity=1333.0686 | Current: T=150, fitness=4139.2468 (transformer) | Temp: 0.397 | No improvement: 15/999999
[2025-11-05 12:10:12] [PABBO_Full_opt] [INFO] Iter 19/20 | Best: T=2, perplexity=1333.0686 | Current: T=912, fitness=12629555387939993600.0000 (exploration) | Temp: 0.377 | No improvement: 16/999999
[2025-11-05 12:11:16] [PABBO_Full_opt] [INFO] Iter 20/20 | Best: T=2, perplexity=1333.0686 | Current: T=640, fitness=317449478934.1173 (exploration) | Temp: 0.358 | No improvement: 17/999999
[2025-11-05 12:11:16] [PABBO_Full_opt] [INFO] ================================================================================
[2025-11-05 12:11:16] [PABBO_Full_opt] [INFO] PABBO Full Optimization Complete!
[2025-11-05 12:11:16] [PABBO_Full_opt] [INFO] Total time: 477.14s
[2025-11-05 12:11:16] [PABBO_Full_opt] [INFO] Total evaluations: 40
[2025-11-05 12:11:16] [PABBO_Full_opt] [INFO] Final best: T=2, alpha=0.500000, eta=0.500000, perplexity=1333.0686
[2025-11-05 12:11:16] [PABBO_Full_opt] [INFO] ================================================================================
[2025-11-05 12:11:16] [PABBO_Full_opt] [INFO] ================================================================================
[2025-11-05 12:11:16] [PABBO_Full_opt] [INFO] PABBO_Full Optimization Complete!
[2025-11-05 12:11:16] [PABBO_Full_opt] [INFO] Best T: 2, alpha: 0.500000, eta: 0.500000
[2025-11-05 12:11:16] [PABBO_Full_opt] [INFO] Best perplexity: 1333.0686
[2025-11-05 12:11:16] [PABBO_Full_opt] [INFO] Total time: 477.14s
[2025-11-05 12:11:16] [PABBO_Full_opt] [INFO] ================================================================================
