[2025-11-05 10:35:59] [GA_opt] [INFO] ================================================================================
[2025-11-05 10:35:59] [GA_opt] [INFO] GA Optimization Starting (NO EARLY STOPPING)
[2025-11-05 10:35:59] [GA_opt] [INFO] ================================================================================
[2025-11-05 10:35:59] [GA_opt] [INFO] Initial population: [733, 811, 133, 355, 777, 115, 452, 940, 879, 345, 576, 153, 950, 602, 162, 238, 422, 511, 660, 285]
[2025-11-05 10:35:59] [GA_opt] [INFO] Iterations: 20
[2025-11-05 10:35:59] [GA_opt] [INFO] Output directory: c:\Users\Roman\Downloads\lgd-main\lgd-main\lda_pipeline_results\run_20251104_135335\experiments\yelp\run_0\GA
[2025-11-05 10:35:59] [GA_opt] [INFO] ================================================================================
[2025-11-05 10:35:59] [GA_opt] [INFO] GA initialized: cxpb=0.9, mutpb=0.2, elite=5, dT=5
[2025-11-05 10:35:59] [GA_opt] [INFO] ================================================================================
[2025-11-05 10:35:59] [GA_opt] [INFO] Starting GA optimization
[2025-11-05 10:35:59] [GA_opt] [INFO] Generations: 20, Population size: 10
[2025-11-05 10:35:59] [GA_opt] [INFO] T bounds: (2, 1000), alpha=1/T, eta=1/T
[2025-11-05 10:35:59] [GA_opt] [INFO] ================================================================================
[2025-11-05 10:35:59] [GA_opt] [INFO] Using provided initial population
[2025-11-05 10:35:59] [GA_opt] [INFO] Evaluating initial population...
[2025-11-05 10:53:28] [GA_opt] [INFO] Initial best: T=115, alpha=0.008696, eta=0.008696, perplexity=2733.9994
[2025-11-05 11:00:02] [GA_opt] [INFO] Gen 1: New best found! Fitness=2335.7902
[2025-11-05 11:00:02] [GA_opt] [INFO] Gen 1/20 | Best: T=98, perplexity=2335.7902 | Pop: mean=42927166266886.7031, std=187103764184250.8750 | Time: 394.00s | No improvement: 0/999999
[2025-11-05 11:01:54] [GA_opt] [INFO] Gen 2: New best found! Fitness=2262.5157
[2025-11-05 11:01:54] [GA_opt] [INFO] Gen 2/20 | Best: T=94, perplexity=2262.5157 | Pop: mean=6235122.4336, std=27163673.7190 | Time: 112.59s | No improvement: 0/999999
[2025-11-05 11:03:18] [GA_opt] [INFO] Gen 3: New best found! Fitness=1867.6336
[2025-11-05 11:03:18] [GA_opt] [INFO] Gen 3/20 | Best: T=66, perplexity=1867.6336 | Pop: mean=3042.9437, std=803.8783 | Time: 83.40s | No improvement: 0/999999
[2025-11-05 11:03:59] [GA_opt] [INFO] Gen 4/20 | Best: T=66, perplexity=1867.6336 | Pop: mean=2468.7492, std=397.7082 | Time: 41.06s | No improvement: 1/999999
[2025-11-05 11:04:28] [GA_opt] [INFO] Gen 5: New best found! Fitness=1815.8401
[2025-11-05 11:04:28] [GA_opt] [INFO] Gen 5/20 | Best: T=60, perplexity=1815.8401 | Pop: mean=2126.6250, std=302.4307 | Time: 28.93s | No improvement: 0/999999
[2025-11-05 11:05:08] [GA_opt] [INFO] Gen 6: New best found! Fitness=1677.5127
[2025-11-05 11:05:08] [GA_opt] [INFO] Gen 6/20 | Best: T=34, perplexity=1677.5127 | Pop: mean=1969.1477, std=174.3992 | Time: 40.65s | No improvement: 0/999999
[2025-11-05 11:05:33] [GA_opt] [INFO] Gen 7/20 | Best: T=34, perplexity=1677.5127 | Pop: mean=1831.7158, std=117.9165 | Time: 24.77s | No improvement: 1/999999
[2025-11-05 11:05:40] [GA_opt] [INFO] Gen 8/20 | Best: T=34, perplexity=1677.5127 | Pop: mean=1725.8779, std=80.8611 | Time: 6.74s | No improvement: 2/999999
[2025-11-05 11:05:46] [GA_opt] [INFO] Gen 9: New best found! Fitness=1669.1105
[2025-11-05 11:05:46] [GA_opt] [INFO] Gen 9/20 | Best: T=29, perplexity=1669.1105 | Pop: mean=1681.7615, std=11.4846 | Time: 5.75s | No improvement: 0/999999
[2025-11-05 11:06:07] [GA_opt] [INFO] Gen 10: New best found! Fitness=1325.7964
[2025-11-05 11:06:07] [GA_opt] [INFO] Gen 10/20 | Best: T=2, perplexity=1325.7964 | Pop: mean=1652.7193, std=154.1974 | Time: 20.92s | No improvement: 0/999999
[2025-11-05 11:06:22] [GA_opt] [INFO] Gen 11/20 | Best: T=2, perplexity=1325.7964 | Pop: mean=1539.4398, std=175.3867 | Time: 15.13s | No improvement: 1/999999
[2025-11-05 11:06:32] [GA_opt] [INFO] Gen 12/20 | Best: T=2, perplexity=1325.7964 | Pop: mean=1379.3850, std=117.8433 | Time: 10.64s | No improvement: 2/999999
[2025-11-05 11:06:42] [GA_opt] [INFO] Gen 13/20 | Best: T=2, perplexity=1325.7964 | Pop: mean=1331.7465, std=19.9173 | Time: 9.78s | No improvement: 3/999999
[2025-11-05 11:06:42] [GA_opt] [INFO] Gen 14/20 | Best: T=2, perplexity=1325.7964 | Pop: mean=1325.7964, std=0.0000 | Time: 0.00s | No improvement: 4/999999
[2025-11-05 11:06:42] [GA_opt] [INFO] Gen 15/20 | Best: T=2, perplexity=1325.7964 | Pop: mean=1331.5917, std=19.2852 | Time: 0.00s | No improvement: 5/999999
[2025-11-05 11:06:42] [GA_opt] [INFO] Gen 16/20 | Best: T=2, perplexity=1325.7964 | Pop: mean=1325.7964, std=0.0000 | Time: 0.00s | No improvement: 6/999999
[2025-11-05 11:06:42] [GA_opt] [INFO] Gen 17/20 | Best: T=2, perplexity=1325.7964 | Pop: mean=1327.3745, std=6.8785 | Time: 0.00s | No improvement: 7/999999
[2025-11-05 11:06:42] [GA_opt] [INFO] Gen 18/20 | Best: T=2, perplexity=1325.7964 | Pop: mean=1327.3745, std=6.8785 | Time: 0.00s | No improvement: 8/999999
[2025-11-05 11:06:42] [GA_opt] [INFO] Gen 19/20 | Best: T=2, perplexity=1325.7964 | Pop: mean=1331.5917, std=19.2852 | Time: 0.00s | No improvement: 9/999999
[2025-11-05 11:06:42] [GA_opt] [INFO] Gen 20/20 | Best: T=2, perplexity=1325.7964 | Pop: mean=1330.1685, std=19.0574 | Time: 0.00s | No improvement: 10/999999
[2025-11-05 11:06:42] [GA_opt] [INFO] ================================================================================
[2025-11-05 11:06:42] [GA_opt] [INFO] GA Optimization Complete!
[2025-11-05 11:06:42] [GA_opt] [INFO] Total time: 1843.66s
[2025-11-05 11:06:42] [GA_opt] [INFO] Final best: T=2, alpha=0.500000, eta=0.500000, perplexity=1325.7964
[2025-11-05 11:06:42] [GA_opt] [INFO] ================================================================================
[2025-11-05 11:06:43] [GA_opt] [INFO] ================================================================================
[2025-11-05 11:06:43] [GA_opt] [INFO] GA Optimization Complete!
[2025-11-05 11:06:43] [GA_opt] [INFO] Best T: 2, alpha: 0.500000, eta: 0.500000
[2025-11-05 11:06:43] [GA_opt] [INFO] Best perplexity: 1325.7964
[2025-11-05 11:06:43] [GA_opt] [INFO] Total time: 1843.66s
[2025-11-05 11:06:43] [GA_opt] [INFO] ================================================================================
