[2025-11-05 16:47:22] [main] [INFO] ================================================================================
[2025-11-05 16:47:22] [main] [INFO] LDA Hyperparameter Optimization (NO EARLY STOPPING)
[2025-11-05 16:47:22] [main] [INFO] ================================================================================
[2025-11-05 16:47:22] [main] [INFO] Data: c:\Users\Roman\Downloads\lgd-main\lgd-main\data\X_yelp_val_bow.npz
[2025-11-05 16:47:22] [main] [INFO] Initial population file: c:\Users\Roman\Downloads\lgd-main\lgd-main\lda_hyperopt\lda_init_population.json
[2025-11-05 16:47:22] [main] [INFO] Iterations: 20
[2025-11-05 16:47:22] [main] [INFO] Seed: 50
[2025-11-05 16:47:22] [main] [INFO] Output directory: c:\Users\Roman\Downloads\lgd-main\lgd-main\lda_pipeline_results\run_20251104_135335\experiments\yelp\run_8
[2025-11-05 16:47:22] [main] [INFO] Algorithms: ['GA', 'ES', 'PABBO_Full']
[2025-11-05 16:47:22] [main] [INFO] ================================================================================
[2025-11-05 16:47:22] [main] [INFO] Loading validation data...
[2025-11-05 16:47:22] [main] [INFO] Loaded: 2000 documents, 5000 vocabulary
[2025-11-05 16:47:22] [main] [INFO] Loading initial population from c:\Users\Roman\Downloads\lgd-main\lgd-main\lda_hyperopt\lda_init_population.json...
[2025-11-05 16:47:22] [main] [INFO] Initial population: [733, 811, 133, 355, 777, 115, 452, 940, 879, 345, 576, 153, 950, 602, 162, 238, 422, 511, 660, 285]
[2025-11-05 16:47:22] [main] [INFO] 
================================================================================
[2025-11-05 16:47:22] [main] [INFO] Running Genetic Algorithm (GA) - NO EARLY STOPPING
[2025-11-05 16:47:22] [main] [INFO] ================================================================================
[2025-11-05 17:15:41] [main] [INFO] 
================================================================================
[2025-11-05 17:15:41] [main] [INFO] Running Evolution Strategy (ES) - NO EARLY STOPPING
[2025-11-05 17:15:41] [main] [INFO] ================================================================================
[2025-11-05 17:26:13] [main] [INFO] 
================================================================================
[2025-11-05 17:26:13] [main] [INFO] Running PABBO Full (with Transformer) - NO EARLY STOPPING
[2025-11-05 17:26:13] [main] [INFO] ================================================================================
[2025-11-05 17:34:09] [main] [INFO] 
Generating comparison plots...
[2025-11-05 17:34:09] [main] [INFO] 
================================================================================
[2025-11-05 17:34:09] [main] [INFO] OPTIMIZATION SUMMARY
[2025-11-05 17:34:09] [main] [INFO] ================================================================================
[2025-11-05 17:34:09] [main] [INFO] Algorithm  Best T     Best Perplexity      Time (s)       
[2025-11-05 17:34:09] [main] [INFO] --------------------------------------------------------------------------------
[2025-11-05 17:34:09] [main] [INFO] GA         2          1341.9977            1698.44        
[2025-11-05 17:34:09] [main] [INFO] ES         58         1822.3018            631.81         
[2025-11-05 17:34:09] [main] [INFO] PABBO_Full 2          1341.9977            474.72         
[2025-11-05 17:34:09] [main] [INFO] --------------------------------------------------------------------------------
[2025-11-05 17:34:09] [main] [INFO] Best algorithm: GA (perplexity: 1341.9977)
[2025-11-05 17:34:09] [main] [INFO] ================================================================================
[2025-11-05 17:34:09] [main] [INFO] 
All results saved to: c:\Users\Roman\Downloads\lgd-main\lgd-main\lda_pipeline_results\run_20251104_135335\experiments\yelp\run_8
