[2025-11-13 04:45:39] [SABO_opt] [INFO] ================================================================================
[2025-11-13 04:45:39] [SABO_opt] [INFO] SABO Optimization Starting (NO EARLY STOPPING)
[2025-11-13 04:45:39] [SABO_opt] [INFO] ================================================================================
[2025-11-13 04:45:39] [SABO_opt] [INFO] Initial population: [733, 811, 133, 355, 777, 115, 452, 940, 879, 345, 576, 153, 950, 602, 162, 238, 422, 511, 660, 285]
[2025-11-13 04:45:39] [SABO_opt] [INFO] Iterations: 20
[2025-11-13 04:45:39] [SABO_opt] [INFO] Output directory: C:\Users\klass\OneDrive\Рабочий стол\lgd-SABO\lda_pipeline_results\run_20251112_100135\experiments\yelp\run_7\SABO
[2025-11-13 04:45:39] [SABO_opt] [INFO] ================================================================================
[2025-11-13 04:45:39] [SABO_opt] [INFO] SABO initialized: rho=0.1, beta_t=0.01, N_batch=5, d=1
[2025-11-13 04:45:39] [SABO_opt] [INFO] ================================================================================
[2025-11-13 04:45:39] [SABO_opt] [INFO] Starting SABO optimization
[2025-11-13 04:45:39] [SABO_opt] [INFO] Iterations: 20, Initial samples: 10, Batch size: 5
[2025-11-13 04:45:39] [SABO_opt] [INFO] T bounds: (2, 1000), alpha=1/T, eta=1/T
[2025-11-13 04:45:39] [SABO_opt] [INFO] ================================================================================
[2025-11-13 04:45:39] [SABO_opt] [INFO] Using provided initial population
[2025-11-13 04:45:39] [SABO_opt] [INFO] Evaluating initial samples...
[2025-11-13 04:47:05] [SABO_opt] [INFO] Initial: New best found! T=733, fitness=75490934574273.5781
[2025-11-13 04:48:52] [SABO_opt] [INFO] Initial: New best found! T=133, fitness=3516.8509
[2025-11-13 04:51:15] [SABO_opt] [INFO] Initial: New best found! T=115, fitness=2735.4953
[2025-11-13 05:05:38] [SABO_opt] [INFO] Initial best: T=115, alpha=0.008696, eta=0.008696, perplexity=2735.4953
[2025-11-13 05:08:44] [SABO_opt] [INFO] Iter 1: New best found! T=2, fitness=1389.0777
[2025-11-13 05:14:25] [SABO_opt] [INFO] Iter 11: New best from perturbed! T=3, fitness=1380.5485
[2025-11-13 05:16:04] [SABO_opt] [INFO] ================================================================================
[2025-11-13 05:16:04] [SABO_opt] [INFO] SABO Optimization Complete!
[2025-11-13 05:16:04] [SABO_opt] [INFO] Total time: 1824.62s
[2025-11-13 05:16:04] [SABO_opt] [INFO] Total evaluations: 260
[2025-11-13 05:16:04] [SABO_opt] [INFO] Final best: T=3, alpha=0.333333, eta=0.333333, perplexity=1380.5485
[2025-11-13 05:16:04] [SABO_opt] [INFO] ================================================================================
[2025-11-13 05:16:05] [SABO_opt] [INFO] ================================================================================
[2025-11-13 05:16:05] [SABO_opt] [INFO] SABO Optimization Complete!
[2025-11-13 05:16:05] [SABO_opt] [INFO] Best T: 3, alpha: 0.333333, eta: 0.333333
[2025-11-13 05:16:05] [SABO_opt] [INFO] Best perplexity: 1380.5485
[2025-11-13 05:16:05] [SABO_opt] [INFO] Total time: 1824.62s
[2025-11-13 05:16:05] [SABO_opt] [INFO] ================================================================================
