[2025-11-05 04:07:00] [GA_opt] [INFO] ================================================================================
[2025-11-05 04:07:00] [GA_opt] [INFO] GA Optimization Starting (NO EARLY STOPPING)
[2025-11-05 04:07:00] [GA_opt] [INFO] ================================================================================
[2025-11-05 04:07:00] [GA_opt] [INFO] Initial population: [733, 811, 133, 355, 777, 115, 452, 940, 879, 345, 576, 153, 950, 602, 162, 238, 422, 511, 660, 285]
[2025-11-05 04:07:00] [GA_opt] [INFO] Iterations: 20
[2025-11-05 04:07:00] [GA_opt] [INFO] Output directory: c:\Users\Roman\Downloads\lgd-main\lgd-main\lda_pipeline_results\run_20251104_135335\experiments\agnews\run_9\GA
[2025-11-05 04:07:00] [GA_opt] [INFO] ================================================================================
[2025-11-05 04:07:00] [GA_opt] [INFO] GA initialized: cxpb=0.9, mutpb=0.2, elite=5, dT=5
[2025-11-05 04:07:00] [GA_opt] [INFO] ================================================================================
[2025-11-05 04:07:00] [GA_opt] [INFO] Starting GA optimization
[2025-11-05 04:07:00] [GA_opt] [INFO] Generations: 20, Population size: 10
[2025-11-05 04:07:00] [GA_opt] [INFO] T bounds: (2, 1000), alpha=1/T, eta=1/T
[2025-11-05 04:07:00] [GA_opt] [INFO] ================================================================================
[2025-11-05 04:07:00] [GA_opt] [INFO] Using provided initial population
[2025-11-05 04:07:00] [GA_opt] [INFO] Evaluating initial population...
[2025-11-05 04:19:41] [GA_opt] [INFO] Initial best: T=115, alpha=0.008696, eta=0.008696, perplexity=9966.3987
[2025-11-05 04:22:14] [GA_opt] [INFO] Gen 1/20 | Best: T=115, perplexity=9966.3987 | Pop: mean=1352261454558395.5000, std=5686829607471414.0000 | Time: 152.57s | No improvement: 1/999999
[2025-11-05 04:23:03] [GA_opt] [INFO] Gen 2: New best found! Fitness=7569.5539
[2025-11-05 04:23:03] [GA_opt] [INFO] Gen 2/20 | Best: T=99, perplexity=7569.5539 | Pop: mean=99700.6886, std=369803.7271 | Time: 48.93s | No improvement: 0/999999
[2025-11-05 04:23:40] [GA_opt] [INFO] Gen 3: New best found! Fitness=6751.8537
[2025-11-05 04:23:40] [GA_opt] [INFO] Gen 3/20 | Best: T=97, perplexity=6751.8537 | Pop: mean=9802.0009, std=1265.7035 | Time: 37.56s | No improvement: 0/999999
[2025-11-05 04:24:07] [GA_opt] [INFO] Gen 4/20 | Best: T=97, perplexity=6751.8537 | Pop: mean=8731.7917, std=1338.7527 | Time: 27.16s | No improvement: 1/999999
[2025-11-05 04:24:33] [GA_opt] [INFO] Gen 5: New best found! Fitness=6252.8148
[2025-11-05 04:24:33] [GA_opt] [INFO] Gen 5/20 | Best: T=94, perplexity=6252.8148 | Pop: mean=7295.7630, std=396.6440 | Time: 26.10s | No improvement: 0/999999
[2025-11-05 04:24:55] [GA_opt] [INFO] Gen 6: New best found! Fitness=3908.5278
[2025-11-05 04:24:55] [GA_opt] [INFO] Gen 6/20 | Best: T=62, perplexity=3908.5278 | Pop: mean=7287.4733, std=2168.6333 | Time: 21.83s | No improvement: 0/999999
[2025-11-05 04:25:14] [GA_opt] [INFO] Gen 7: New best found! Fitness=2729.8003
[2025-11-05 04:25:14] [GA_opt] [INFO] Gen 7/20 | Best: T=33, perplexity=2729.8003 | Pop: mean=6030.0917, std=2148.4055 | Time: 18.95s | No improvement: 0/999999
[2025-11-05 04:25:38] [GA_opt] [INFO] Gen 8/20 | Best: T=33, perplexity=2729.8003 | Pop: mean=4318.4136, std=1419.8592 | Time: 23.92s | No improvement: 1/999999
[2025-11-05 04:25:49] [GA_opt] [INFO] Gen 9/20 | Best: T=33, perplexity=2729.8003 | Pop: mean=2899.9852, std=398.5578 | Time: 10.40s | No improvement: 2/999999
[2025-11-05 04:25:54] [GA_opt] [INFO] Gen 10/20 | Best: T=33, perplexity=2729.8003 | Pop: mean=2751.3712, std=59.2260 | Time: 5.30s | No improvement: 3/999999
[2025-11-05 04:26:09] [GA_opt] [INFO] Gen 11: New best found! Fitness=2172.4017
[2025-11-05 04:26:09] [GA_opt] [INFO] Gen 11/20 | Best: T=2, perplexity=2172.4017 | Pop: mean=2772.1259, std=299.0204 | Time: 15.02s | No improvement: 0/999999
[2025-11-05 04:26:20] [GA_opt] [INFO] Gen 12/20 | Best: T=2, perplexity=2172.4017 | Pop: mean=2702.7721, std=353.8920 | Time: 11.61s | No improvement: 1/999999
[2025-11-05 04:26:31] [GA_opt] [INFO] Gen 13/20 | Best: T=2, perplexity=2172.4017 | Pop: mean=2495.3858, std=438.9482 | Time: 10.37s | No improvement: 2/999999
[2025-11-05 04:26:35] [GA_opt] [INFO] Gen 14/20 | Best: T=2, perplexity=2172.4017 | Pop: mean=2217.0365, std=137.7453 | Time: 4.20s | No improvement: 3/999999
[2025-11-05 04:26:35] [GA_opt] [INFO] Gen 15/20 | Best: T=2, perplexity=2172.4017 | Pop: mean=2172.4017, std=0.0000 | Time: 0.00s | No improvement: 4/999999
[2025-11-05 04:26:39] [GA_opt] [INFO] Gen 16: New best found! Fitness=2153.8597
[2025-11-05 04:26:39] [GA_opt] [INFO] Gen 16/20 | Best: T=3, perplexity=2153.8597 | Pop: mean=2171.4746, std=4.0411 | Time: 4.05s | No improvement: 0/999999
[2025-11-05 04:26:43] [GA_opt] [INFO] Gen 17/20 | Best: T=3, perplexity=2153.8597 | Pop: mean=2176.2347, std=18.5240 | Time: 3.70s | No improvement: 1/999999
[2025-11-05 04:26:47] [GA_opt] [INFO] Gen 18/20 | Best: T=3, perplexity=2153.8597 | Pop: mean=2168.6316, std=16.3753 | Time: 3.82s | No improvement: 2/999999
[2025-11-05 04:26:50] [GA_opt] [INFO] Gen 19/20 | Best: T=3, perplexity=2153.8597 | Pop: mean=2165.7579, std=40.1698 | Time: 3.70s | No improvement: 3/999999
[2025-11-05 04:26:54] [GA_opt] [INFO] Gen 20/20 | Best: T=3, perplexity=2153.8597 | Pop: mean=2163.6332, std=31.0574 | Time: 3.66s | No improvement: 4/999999
[2025-11-05 04:26:54] [GA_opt] [INFO] ================================================================================
[2025-11-05 04:26:54] [GA_opt] [INFO] GA Optimization Complete!
[2025-11-05 04:26:54] [GA_opt] [INFO] Total time: 1193.74s
[2025-11-05 04:26:54] [GA_opt] [INFO] Final best: T=3, alpha=0.333333, eta=0.333333, perplexity=2153.8597
[2025-11-05 04:26:54] [GA_opt] [INFO] ================================================================================
[2025-11-05 04:26:55] [GA_opt] [INFO] ================================================================================
[2025-11-05 04:26:55] [GA_opt] [INFO] GA Optimization Complete!
[2025-11-05 04:26:55] [GA_opt] [INFO] Best T: 3, alpha: 0.333333, eta: 0.333333
[2025-11-05 04:26:55] [GA_opt] [INFO] Best perplexity: 2153.8597
[2025-11-05 04:26:55] [GA_opt] [INFO] Total time: 1193.74s
[2025-11-05 04:26:55] [GA_opt] [INFO] ================================================================================
