[2025-11-12 11:08:47] [SABO_opt] [INFO] ================================================================================
[2025-11-12 11:08:47] [SABO_opt] [INFO] SABO Optimization Starting (NO EARLY STOPPING)
[2025-11-12 11:08:47] [SABO_opt] [INFO] ================================================================================
[2025-11-12 11:08:47] [SABO_opt] [INFO] Initial population: [733, 811, 133, 355, 777, 115, 452, 940, 879, 345, 576, 153, 950, 602, 162, 238, 422, 511, 660, 285]
[2025-11-12 11:08:47] [SABO_opt] [INFO] Iterations: 20
[2025-11-12 11:08:47] [SABO_opt] [INFO] Output directory: C:\Users\klass\OneDrive\Рабочий стол\lgd-SABO\lda_pipeline_results\run_20251112_100135\experiments\20news\run_2\SABO
[2025-11-12 11:08:47] [SABO_opt] [INFO] ================================================================================
[2025-11-12 11:08:47] [SABO_opt] [INFO] SABO initialized: rho=0.1, beta_t=0.01, N_batch=5, d=1
[2025-11-12 11:08:47] [SABO_opt] [INFO] ================================================================================
[2025-11-12 11:08:47] [SABO_opt] [INFO] Starting SABO optimization
[2025-11-12 11:08:47] [SABO_opt] [INFO] Iterations: 20, Initial samples: 10, Batch size: 5
[2025-11-12 11:08:47] [SABO_opt] [INFO] T bounds: (2, 1000), alpha=1/T, eta=1/T
[2025-11-12 11:08:47] [SABO_opt] [INFO] ================================================================================
[2025-11-12 11:08:47] [SABO_opt] [INFO] Using provided initial population
[2025-11-12 11:08:47] [SABO_opt] [INFO] Evaluating initial samples...
[2025-11-12 11:10:28] [SABO_opt] [INFO] Initial: New best found! T=733, fitness=35397553703.4171
[2025-11-12 11:12:29] [SABO_opt] [INFO] Initial: New best found! T=133, fitness=2989.0582
[2025-11-12 11:15:05] [SABO_opt] [INFO] Initial: New best found! T=115, fitness=2647.0340
[2025-11-12 11:30:03] [SABO_opt] [INFO] Initial best: T=115, alpha=0.008696, eta=0.008696, perplexity=2647.0340
[2025-11-12 11:33:20] [SABO_opt] [INFO] Iter 1: New best found! T=2, fitness=1879.9627
[2025-11-12 11:35:47] [SABO_opt] [INFO] Iter 2: New best found! T=21, fitness=1823.8042
[2025-11-12 11:36:11] [SABO_opt] [INFO] Iter 2: New best from perturbed! T=13, fitness=1704.5625
[2025-11-12 11:44:12] [SABO_opt] [INFO] ================================================================================
[2025-11-12 11:44:12] [SABO_opt] [INFO] SABO Optimization Complete!
[2025-11-12 11:44:12] [SABO_opt] [INFO] Total time: 2125.25s
[2025-11-12 11:44:12] [SABO_opt] [INFO] Total evaluations: 260
[2025-11-12 11:44:12] [SABO_opt] [INFO] Final best: T=13, alpha=0.076923, eta=0.076923, perplexity=1704.5625
[2025-11-12 11:44:12] [SABO_opt] [INFO] ================================================================================
[2025-11-12 11:44:13] [SABO_opt] [INFO] ================================================================================
[2025-11-12 11:44:13] [SABO_opt] [INFO] SABO Optimization Complete!
[2025-11-12 11:44:13] [SABO_opt] [INFO] Best T: 13, alpha: 0.076923, eta: 0.076923
[2025-11-12 11:44:13] [SABO_opt] [INFO] Best perplexity: 1704.5625
[2025-11-12 11:44:13] [SABO_opt] [INFO] Total time: 2125.25s
[2025-11-12 11:44:13] [SABO_opt] [INFO] ================================================================================
