[2025-11-04 21:00:01] [PABBO_Full_opt] [INFO] ================================================================================
[2025-11-04 21:00:01] [PABBO_Full_opt] [INFO] PABBO_Full Optimization Starting (NO EARLY STOPPING)
[2025-11-04 21:00:01] [PABBO_Full_opt] [INFO] ================================================================================
[2025-11-04 21:00:01] [PABBO_Full_opt] [INFO] Initial population: [733, 811, 133, 355, 777, 115, 452, 940, 879, 345, 576, 153, 950, 602, 162, 238, 422, 511, 660, 285]
[2025-11-04 21:00:01] [PABBO_Full_opt] [INFO] Iterations: 20
[2025-11-04 21:00:01] [PABBO_Full_opt] [INFO] Output directory: c:\Users\Roman\Downloads\lgd-main\lgd-main\lda_pipeline_results\run_20251104_135335\experiments\20news\run_7\PABBO_Full
[2025-11-04 21:00:01] [PABBO_Full_opt] [INFO] ================================================================================
[2025-11-04 21:00:01] [PABBO_Full_opt] [INFO] PABBO Full initialized with Transformer model from c:\Users\Roman\Downloads\lgd-main\lgd-main\pabbo_method\results\PABBO\PABBO_GP1D_quick_20251104_135342\ckpt.tar
[2025-11-04 21:00:01] [PABBO_Full_opt] [INFO] PABBO initialized: exploration_rate=0.3, temperature_decay=0.95, use_transformer=True
[2025-11-04 21:00:01] [PABBO_Full_opt] [INFO] ================================================================================
[2025-11-04 21:00:01] [PABBO_Full_opt] [INFO] Starting PABBO Full optimization
[2025-11-04 21:00:01] [PABBO_Full_opt] [INFO] Iterations: 20, Initial samples: 20
[2025-11-04 21:00:01] [PABBO_Full_opt] [INFO] T bounds: (2, 1000), alpha=1/T, eta=1/T
[2025-11-04 21:00:01] [PABBO_Full_opt] [INFO] Using Transformer: True
[2025-11-04 21:00:01] [PABBO_Full_opt] [INFO] ================================================================================
[2025-11-04 21:00:01] [PABBO_Full_opt] [INFO] Using provided initial population
[2025-11-04 21:00:01] [PABBO_Full_opt] [INFO] Evaluating initial samples...
[2025-11-04 21:00:01] [PABBO_Full_opt] [INFO] Initial: New best found! T=733, fitness=36932522633.0194
[2025-11-04 21:00:01] [PABBO_Full_opt] [INFO] Initial: New best found! T=133, fitness=2943.6921
[2025-11-04 21:00:01] [PABBO_Full_opt] [INFO] Initial: New best found! T=115, fitness=2620.6518
[2025-11-04 21:00:01] [PABBO_Full_opt] [INFO] Initial best: T=115, alpha=0.008696, eta=0.008696, perplexity=2620.6518
[2025-11-04 21:00:46] [PABBO_Full_opt] [INFO] Iter 1/20 | Best: T=115, perplexity=2620.6518 | Current: T=425, fitness=695319.7076 (exploration) | Temp: 0.950 | No improvement: 1/999999
[2025-11-04 21:00:52] [PABBO_Full_opt] [INFO] Iter 2/20 | Best: T=2, perplexity=2005.2338 | Current: T=2, fitness=2005.2338 (transformer) | Temp: 0.902 | No improvement: 0/999999
[2025-11-04 21:00:52] [PABBO_Full_opt] [INFO] Iter 3/20 | Best: T=2, perplexity=2005.2338 | Current: T=2, fitness=2005.2338 (transformer) | Temp: 0.857 | No improvement: 1/999999
[2025-11-04 21:01:13] [PABBO_Full_opt] [INFO] Iter 4/20 | Best: T=2, perplexity=2005.2338 | Current: T=201, fitness=6404.1715 (transformer) | Temp: 0.815 | No improvement: 2/999999
[2025-11-04 21:02:24] [PABBO_Full_opt] [INFO] Iter 5/20 | Best: T=2, perplexity=2005.2338 | Current: T=661, fitness=1918734888.2919 (transformer) | Temp: 0.774 | No improvement: 3/999999
[2025-11-04 21:03:51] [PABBO_Full_opt] [INFO] Iter 6/20 | Best: T=2, perplexity=2005.2338 | Current: T=753, fitness=88249354324.8651 (exploration) | Temp: 0.735 | No improvement: 4/999999
[2025-11-04 21:04:52] [PABBO_Full_opt] [INFO] Iter 7/20 | Best: T=2, perplexity=2005.2338 | Current: T=561, fitness=50194485.5982 (exploration) | Temp: 0.698 | No improvement: 5/999999
[2025-11-04 21:04:52] [PABBO_Full_opt] [INFO] Iter 8/20 | Best: T=2, perplexity=2005.2338 | Current: T=2, fitness=2005.2338 (transformer) | Temp: 0.663 | No improvement: 6/999999
[2025-11-04 21:05:31] [PABBO_Full_opt] [INFO] Iter 9/20 | Best: T=2, perplexity=2005.2338 | Current: T=382, fitness=241970.0108 (exploration) | Temp: 0.630 | No improvement: 7/999999
[2025-11-04 21:05:31] [PABBO_Full_opt] [INFO] Iter 10/20 | Best: T=2, perplexity=2005.2338 | Current: T=72, fitness=2020.2475 (transformer) | Temp: 0.599 | No improvement: 8/999999
[2025-11-04 21:05:31] [PABBO_Full_opt] [INFO] Iter 11/20 | Best: T=2, perplexity=2005.2338 | Current: T=104, fitness=2506.9927 (transformer) | Temp: 0.569 | No improvement: 9/999999
[2025-11-04 21:05:47] [PABBO_Full_opt] [INFO] Iter 12/20 | Best: T=2, perplexity=2005.2338 | Current: T=141, fitness=3229.8391 (transformer) | Temp: 0.540 | No improvement: 10/999999
[2025-11-04 21:05:47] [PABBO_Full_opt] [INFO] Iter 13/20 | Best: T=2, perplexity=2005.2338 | Current: T=2, fitness=2005.2338 (transformer) | Temp: 0.513 | No improvement: 11/999999
[2025-11-04 21:06:29] [PABBO_Full_opt] [INFO] Iter 14/20 | Best: T=2, perplexity=2005.2338 | Current: T=410, fitness=465235.0141 (exploration) | Temp: 0.488 | No improvement: 12/999999
[2025-11-04 21:07:36] [PABBO_Full_opt] [INFO] Iter 15/20 | Best: T=2, perplexity=2005.2338 | Current: T=612, fitness=308913986.5288 (transformer) | Temp: 0.463 | No improvement: 13/999999
[2025-11-04 21:08:19] [PABBO_Full_opt] [INFO] Iter 16/20 | Best: T=2, perplexity=2005.2338 | Current: T=412, fitness=498253.4325 (transformer) | Temp: 0.440 | No improvement: 14/999999
[2025-11-04 21:08:19] [PABBO_Full_opt] [INFO] Iter 17/20 | Best: T=2, perplexity=2005.2338 | Current: T=2, fitness=2005.2338 (transformer) | Temp: 0.418 | No improvement: 15/999999
[2025-11-04 21:09:48] [PABBO_Full_opt] [INFO] Iter 18/20 | Best: T=2, perplexity=2005.2338 | Current: T=790, fitness=438998050358.7778 (exploration) | Temp: 0.397 | No improvement: 16/999999
[2025-11-04 21:09:48] [PABBO_Full_opt] [INFO] Iter 19/20 | Best: T=2, perplexity=2005.2338 | Current: T=2, fitness=2005.2338 (transformer) | Temp: 0.377 | No improvement: 17/999999
[2025-11-04 21:09:48] [PABBO_Full_opt] [INFO] Iter 20/20 | Best: T=2, perplexity=2005.2338 | Current: T=612, fitness=308913986.5288 (exploration) | Temp: 0.358 | No improvement: 18/999999
[2025-11-04 21:09:48] [PABBO_Full_opt] [INFO] ================================================================================
[2025-11-04 21:09:48] [PABBO_Full_opt] [INFO] PABBO Full Optimization Complete!
[2025-11-04 21:09:48] [PABBO_Full_opt] [INFO] Total time: 587.29s
[2025-11-04 21:09:48] [PABBO_Full_opt] [INFO] Total evaluations: 40
[2025-11-04 21:09:48] [PABBO_Full_opt] [INFO] Final best: T=2, alpha=0.500000, eta=0.500000, perplexity=2005.2338
[2025-11-04 21:09:48] [PABBO_Full_opt] [INFO] ================================================================================
[2025-11-04 21:09:49] [PABBO_Full_opt] [INFO] ================================================================================
[2025-11-04 21:09:49] [PABBO_Full_opt] [INFO] PABBO_Full Optimization Complete!
[2025-11-04 21:09:49] [PABBO_Full_opt] [INFO] Best T: 2, alpha: 0.500000, eta: 0.500000
[2025-11-04 21:09:49] [PABBO_Full_opt] [INFO] Best perplexity: 2005.2338
[2025-11-04 21:09:49] [PABBO_Full_opt] [INFO] Total time: 587.29s
[2025-11-04 21:09:49] [PABBO_Full_opt] [INFO] ================================================================================
