[2025-11-04 20:50:20] [ES_opt] [INFO] ================================================================================
[2025-11-04 20:50:20] [ES_opt] [INFO] ES Optimization Starting (NO EARLY STOPPING)
[2025-11-04 20:50:20] [ES_opt] [INFO] ================================================================================
[2025-11-04 20:50:20] [ES_opt] [INFO] Initial population: [733, 811, 133, 355, 777, 115, 452, 940, 879, 345, 576, 153, 950, 602, 162, 238, 422, 511, 660, 285]
[2025-11-04 20:50:20] [ES_opt] [INFO] Iterations: 20
[2025-11-04 20:50:20] [ES_opt] [INFO] Output directory: c:\Users\Roman\Downloads\lgd-main\lgd-main\lda_pipeline_results\run_20251104_135335\experiments\20news\run_7\ES
[2025-11-04 20:50:20] [ES_opt] [INFO] ================================================================================
[2025-11-04 20:50:20] [ES_opt] [INFO] ES initialized: mu=5, lambda=10, dT=5
[2025-11-04 20:50:20] [ES_opt] [INFO] ================================================================================
[2025-11-04 20:50:20] [ES_opt] [INFO] Starting ES optimization
[2025-11-04 20:50:20] [ES_opt] [INFO] Steps: 20, mu=5, lambda=10
[2025-11-04 20:50:20] [ES_opt] [INFO] T bounds: (2, 1000), alpha=1/T, eta=1/T
[2025-11-04 20:50:20] [ES_opt] [INFO] ================================================================================
[2025-11-04 20:50:20] [ES_opt] [INFO] Using provided initial population
[2025-11-04 20:50:20] [ES_opt] [INFO] Evaluating initial population...
[2025-11-04 20:50:20] [ES_opt] [INFO] Selected best 5 parents from 20 initial individuals
[2025-11-04 20:50:20] [ES_opt] [INFO] Initial best: T=115, alpha=0.008696, eta=0.008696, perplexity=2620.6518
[2025-11-04 20:52:33] [ES_opt] [INFO] Step 1: New best found! Fitness=2598.1277
[2025-11-04 20:52:33] [ES_opt] [INFO] Step 1/20 | Best: T=114, perplexity=2598.1277 | Parents: mean=2737.4141, std=152.9388 | Time: 132.71s | No improvement: 0/999999
[2025-11-04 20:53:44] [ES_opt] [INFO] Step 2/20 | Best: T=114, perplexity=2598.1277 | Parents: mean=2614.1213, std=8.9071 | Time: 71.14s | No improvement: 1/999999
[2025-11-04 20:54:26] [ES_opt] [INFO] Step 3: New best found! Fitness=2573.7940
[2025-11-04 20:54:26] [ES_opt] [INFO] Step 3/20 | Best: T=113, perplexity=2573.7940 | Parents: mean=2598.2194, std=13.4120 | Time: 42.14s | No improvement: 0/999999
[2025-11-04 20:54:53] [ES_opt] [INFO] Step 4: New best found! Fitness=2496.7777
[2025-11-04 20:54:53] [ES_opt] [INFO] Step 4/20 | Best: T=109, perplexity=2496.7777 | Parents: mean=2547.8542, std=42.6399 | Time: 27.29s | No improvement: 0/999999
[2025-11-04 20:55:06] [ES_opt] [INFO] Step 5/20 | Best: T=109, perplexity=2496.7777 | Parents: mean=2516.2042, std=29.8303 | Time: 13.34s | No improvement: 1/999999
[2025-11-04 20:55:32] [ES_opt] [INFO] Step 6: New best found! Fitness=2447.0473
[2025-11-04 20:55:32] [ES_opt] [INFO] Step 6/20 | Best: T=105, perplexity=2447.0473 | Parents: mean=2483.3171, std=19.3699 | Time: 25.56s | No improvement: 0/999999
[2025-11-04 20:55:58] [ES_opt] [INFO] Step 7: New best found! Fitness=2421.6306
[2025-11-04 20:55:58] [ES_opt] [INFO] Step 7/20 | Best: T=108, perplexity=2421.6306 | Parents: mean=2458.3416, std=26.5158 | Time: 25.98s | No improvement: 0/999999
[2025-11-04 20:56:24] [ES_opt] [INFO] Step 8: New best found! Fitness=2377.9594
[2025-11-04 20:56:24] [ES_opt] [INFO] Step 8/20 | Best: T=101, perplexity=2377.9594 | Parents: mean=2409.2454, std=27.1787 | Time: 25.62s | No improvement: 0/999999
[2025-11-04 20:56:36] [ES_opt] [INFO] Step 9: New best found! Fitness=2281.9206
[2025-11-04 20:56:36] [ES_opt] [INFO] Step 9/20 | Best: T=100, perplexity=2281.9206 | Parents: mean=2347.7717, std=35.1396 | Time: 12.33s | No improvement: 0/999999
[2025-11-04 20:56:48] [ES_opt] [INFO] Step 10/20 | Best: T=100, perplexity=2281.9206 | Parents: mean=2293.1280, std=15.1208 | Time: 12.05s | No improvement: 1/999999
[2025-11-04 20:56:48] [ES_opt] [INFO] Step 11/20 | Best: T=100, perplexity=2281.9206 | Parents: mean=2285.5186, std=7.1961 | Time: 0.00s | No improvement: 2/999999
[2025-11-04 20:57:00] [ES_opt] [INFO] Step 12: New best found! Fitness=2267.9069
[2025-11-04 20:57:00] [ES_opt] [INFO] Step 12/20 | Best: T=89, perplexity=2267.9069 | Parents: mean=2279.1178, std=5.6054 | Time: 11.64s | No improvement: 0/999999
[2025-11-04 20:57:35] [ES_opt] [INFO] Step 13: New best found! Fitness=2223.7155
[2025-11-04 20:57:35] [ES_opt] [INFO] Step 13/20 | Best: T=92, perplexity=2223.7155 | Parents: mean=2261.0318, std=19.4590 | Time: 34.97s | No improvement: 0/999999
[2025-11-04 20:58:21] [ES_opt] [INFO] Step 14: New best found! Fitness=2140.2430
[2025-11-04 20:58:21] [ES_opt] [INFO] Step 14/20 | Best: T=83, perplexity=2140.2430 | Parents: mean=2185.4828, std=36.0945 | Time: 46.04s | No improvement: 0/999999
[2025-11-04 20:58:52] [ES_opt] [INFO] Step 15: New best found! Fitness=2104.4620
[2025-11-04 20:58:52] [ES_opt] [INFO] Step 15/20 | Best: T=80, perplexity=2104.4620 | Parents: mean=2134.4632, std=26.6352 | Time: 30.86s | No improvement: 0/999999
[2025-11-04 20:59:02] [ES_opt] [INFO] Step 16/20 | Best: T=80, perplexity=2104.4620 | Parents: mean=2104.7286, std=0.5331 | Time: 10.29s | No improvement: 1/999999
[2025-11-04 20:59:31] [ES_opt] [INFO] Step 17: New best found! Fitness=2032.4929
[2025-11-04 20:59:31] [ES_opt] [INFO] Step 17/20 | Best: T=73, perplexity=2032.4929 | Parents: mean=2052.1012, std=9.9157 | Time: 29.51s | No improvement: 0/999999
[2025-11-04 20:59:51] [ES_opt] [INFO] Step 18: New best found! Fitness=1955.0395
[2025-11-04 20:59:51] [ES_opt] [INFO] Step 18/20 | Best: T=71, perplexity=1955.0395 | Parents: mean=2015.3538, std=30.3257 | Time: 19.49s | No improvement: 0/999999
[2025-11-04 21:00:00] [ES_opt] [INFO] Step 19/20 | Best: T=71, perplexity=1955.0395 | Parents: mean=1990.5973, std=30.3363 | Time: 9.52s | No improvement: 1/999999
[2025-11-04 21:00:00] [ES_opt] [INFO] Step 20/20 | Best: T=71, perplexity=1955.0395 | Parents: mean=1989.7966, std=29.4782 | Time: 0.00s | No improvement: 2/999999
[2025-11-04 21:00:00] [ES_opt] [INFO] ================================================================================
[2025-11-04 21:00:00] [ES_opt] [INFO] ES Optimization Complete!
[2025-11-04 21:00:00] [ES_opt] [INFO] Total time: 580.52s
[2025-11-04 21:00:00] [ES_opt] [INFO] Final best: T=71, alpha=0.014085, eta=0.014085, perplexity=1955.0395
[2025-11-04 21:00:00] [ES_opt] [INFO] ================================================================================
[2025-11-04 21:00:01] [ES_opt] [INFO] ================================================================================
[2025-11-04 21:00:01] [ES_opt] [INFO] ES Optimization Complete!
[2025-11-04 21:00:01] [ES_opt] [INFO] Best T: 71, alpha: 0.014085, eta: 0.014085
[2025-11-04 21:00:01] [ES_opt] [INFO] Best perplexity: 1955.0395
[2025-11-04 21:00:01] [ES_opt] [INFO] Total time: 580.52s
[2025-11-04 21:00:01] [ES_opt] [INFO] ================================================================================
