[2025-11-04 18:38:29] [main] [INFO] ================================================================================
[2025-11-04 18:38:29] [main] [INFO] LDA Hyperparameter Optimization (NO EARLY STOPPING)
[2025-11-04 18:38:29] [main] [INFO] ================================================================================
[2025-11-04 18:38:29] [main] [INFO] Data: c:\Users\Roman\Downloads\lgd-main\lgd-main\data\X_20news_val_bow.npz
[2025-11-04 18:38:29] [main] [INFO] Initial population file: c:\Users\Roman\Downloads\lgd-main\lgd-main\lda_hyperopt\lda_init_population.json
[2025-11-04 18:38:29] [main] [INFO] Iterations: 20
[2025-11-04 18:38:29] [main] [INFO] Seed: 47
[2025-11-04 18:38:29] [main] [INFO] Output directory: c:\Users\Roman\Downloads\lgd-main\lgd-main\lda_pipeline_results\run_20251104_135335\experiments\20news\run_5
[2025-11-04 18:38:29] [main] [INFO] Algorithms: ['GA', 'ES', 'PABBO_Full']
[2025-11-04 18:38:29] [main] [INFO] ================================================================================
[2025-11-04 18:38:29] [main] [INFO] Loading validation data...
[2025-11-04 18:38:29] [main] [INFO] Loaded: 2000 documents, 5000 vocabulary
[2025-11-04 18:38:29] [main] [INFO] Loading initial population from c:\Users\Roman\Downloads\lgd-main\lgd-main\lda_hyperopt\lda_init_population.json...
[2025-11-04 18:38:29] [main] [INFO] Initial population: [733, 811, 133, 355, 777, 115, 452, 940, 879, 345, 576, 153, 950, 602, 162, 238, 422, 511, 660, 285]
[2025-11-04 18:38:29] [main] [INFO] 
================================================================================
[2025-11-04 18:38:29] [main] [INFO] Running Genetic Algorithm (GA) - NO EARLY STOPPING
[2025-11-04 18:38:29] [main] [INFO] ================================================================================
[2025-11-04 19:09:32] [main] [INFO] 
================================================================================
[2025-11-04 19:09:32] [main] [INFO] Running Evolution Strategy (ES) - NO EARLY STOPPING
[2025-11-04 19:09:32] [main] [INFO] ================================================================================
[2025-11-04 19:17:18] [main] [INFO] 
================================================================================
[2025-11-04 19:17:18] [main] [INFO] Running PABBO Full (with Transformer) - NO EARLY STOPPING
[2025-11-04 19:17:18] [main] [INFO] ================================================================================
[2025-11-04 19:27:13] [main] [INFO] 
Generating comparison plots...
[2025-11-04 19:27:14] [main] [INFO] 
================================================================================
[2025-11-04 19:27:14] [main] [INFO] OPTIMIZATION SUMMARY
[2025-11-04 19:27:14] [main] [INFO] ================================================================================
[2025-11-04 19:27:14] [main] [INFO] Algorithm  Best T     Best Perplexity      Time (s)       
[2025-11-04 19:27:14] [main] [INFO] --------------------------------------------------------------------------------
[2025-11-04 19:27:14] [main] [INFO] GA         33         1726.8823            1862.31        
[2025-11-04 19:27:14] [main] [INFO] ES         72         1987.9390            465.46         
[2025-11-04 19:27:14] [main] [INFO] PABBO_Full 2          1852.8517            594.86         
[2025-11-04 19:27:14] [main] [INFO] --------------------------------------------------------------------------------
[2025-11-04 19:27:14] [main] [INFO] Best algorithm: GA (perplexity: 1726.8823)
[2025-11-04 19:27:14] [main] [INFO] ================================================================================
[2025-11-04 19:27:14] [main] [INFO] 
All results saved to: c:\Users\Roman\Downloads\lgd-main\lgd-main\lda_pipeline_results\run_20251104_135335\experiments\20news\run_5
