[2025-11-12 10:01:41] [SABO_opt] [INFO] ================================================================================
[2025-11-12 10:01:41] [SABO_opt] [INFO] SABO Optimization Starting (NO EARLY STOPPING)
[2025-11-12 10:01:41] [SABO_opt] [INFO] ================================================================================
[2025-11-12 10:01:41] [SABO_opt] [INFO] Initial population: [733, 811, 133, 355, 777, 115, 452, 940, 879, 345, 576, 153, 950, 602, 162, 238, 422, 511, 660, 285]
[2025-11-12 10:01:41] [SABO_opt] [INFO] Iterations: 20
[2025-11-12 10:01:41] [SABO_opt] [INFO] Output directory: C:\Users\klass\OneDrive\Рабочий стол\lgd-SABO\lda_pipeline_results\run_20251112_100135\experiments\20news\run_0\SABO
[2025-11-12 10:01:41] [SABO_opt] [INFO] ================================================================================
[2025-11-12 10:01:41] [SABO_opt] [INFO] SABO initialized: rho=0.1, beta_t=0.01, N_batch=5, d=1
[2025-11-12 10:01:41] [SABO_opt] [INFO] ================================================================================
[2025-11-12 10:01:41] [SABO_opt] [INFO] Starting SABO optimization
[2025-11-12 10:01:41] [SABO_opt] [INFO] Iterations: 20, Initial samples: 10, Batch size: 5
[2025-11-12 10:01:41] [SABO_opt] [INFO] T bounds: (2, 1000), alpha=1/T, eta=1/T
[2025-11-12 10:01:41] [SABO_opt] [INFO] ================================================================================
[2025-11-12 10:01:41] [SABO_opt] [INFO] Using provided initial population
[2025-11-12 10:01:41] [SABO_opt] [INFO] Evaluating initial samples...
[2025-11-12 10:03:07] [SABO_opt] [INFO] Initial: New best found! T=733, fitness=40906272390.3640
[2025-11-12 10:04:46] [SABO_opt] [INFO] Initial: New best found! T=133, fitness=2957.6704
[2025-11-12 10:06:57] [SABO_opt] [INFO] Initial: New best found! T=115, fitness=2584.7718
[2025-11-12 10:20:04] [SABO_opt] [INFO] Initial best: T=115, alpha=0.008696, eta=0.008696, perplexity=2584.7718
[2025-11-12 10:23:58] [SABO_opt] [INFO] Iter 1: New best found! T=46, fitness=1825.1786
[2025-11-12 10:26:28] [SABO_opt] [INFO] Iter 2: New best found! T=10, fitness=1698.4106
[2025-11-12 10:27:11] [SABO_opt] [INFO] Iter 3: New best from perturbed! T=7, fitness=1691.0456
[2025-11-12 10:34:00] [SABO_opt] [INFO] ================================================================================
[2025-11-12 10:34:00] [SABO_opt] [INFO] SABO Optimization Complete!
[2025-11-12 10:34:00] [SABO_opt] [INFO] Total time: 1939.07s
[2025-11-12 10:34:00] [SABO_opt] [INFO] Total evaluations: 260
[2025-11-12 10:34:00] [SABO_opt] [INFO] Final best: T=7, alpha=0.142857, eta=0.142857, perplexity=1691.0456
[2025-11-12 10:34:00] [SABO_opt] [INFO] ================================================================================
[2025-11-12 10:34:02] [SABO_opt] [INFO] ================================================================================
[2025-11-12 10:34:02] [SABO_opt] [INFO] SABO Optimization Complete!
[2025-11-12 10:34:02] [SABO_opt] [INFO] Best T: 7, alpha: 0.142857, eta: 0.142857
[2025-11-12 10:34:02] [SABO_opt] [INFO] Best perplexity: 1691.0456
[2025-11-12 10:34:02] [SABO_opt] [INFO] Total time: 1939.07s
[2025-11-12 10:34:02] [SABO_opt] [INFO] ================================================================================
