[2025-11-05 02:50:55] [PABBO_Full_opt] [INFO] ================================================================================
[2025-11-05 02:50:55] [PABBO_Full_opt] [INFO] PABBO_Full Optimization Starting (NO EARLY STOPPING)
[2025-11-05 02:50:55] [PABBO_Full_opt] [INFO] ================================================================================
[2025-11-05 02:50:55] [PABBO_Full_opt] [INFO] Initial population: [733, 811, 133, 355, 777, 115, 452, 940, 879, 345, 576, 153, 950, 602, 162, 238, 422, 511, 660, 285]
[2025-11-05 02:50:55] [PABBO_Full_opt] [INFO] Iterations: 20
[2025-11-05 02:50:55] [PABBO_Full_opt] [INFO] Output directory: c:\Users\Roman\Downloads\lgd-main\lgd-main\lda_pipeline_results\run_20251104_135335\experiments\agnews\run_6\PABBO_Full
[2025-11-05 02:50:55] [PABBO_Full_opt] [INFO] ================================================================================
[2025-11-05 02:50:55] [PABBO_Full_opt] [INFO] PABBO Full initialized with Transformer model from c:\Users\Roman\Downloads\lgd-main\lgd-main\pabbo_method\results\PABBO\PABBO_GP1D_quick_20251104_135342\ckpt.tar
[2025-11-05 02:50:55] [PABBO_Full_opt] [INFO] PABBO initialized: exploration_rate=0.3, temperature_decay=0.95, use_transformer=True
[2025-11-05 02:50:55] [PABBO_Full_opt] [INFO] ================================================================================
[2025-11-05 02:50:55] [PABBO_Full_opt] [INFO] Starting PABBO Full optimization
[2025-11-05 02:50:55] [PABBO_Full_opt] [INFO] Iterations: 20, Initial samples: 20
[2025-11-05 02:50:55] [PABBO_Full_opt] [INFO] T bounds: (2, 1000), alpha=1/T, eta=1/T
[2025-11-05 02:50:55] [PABBO_Full_opt] [INFO] Using Transformer: True
[2025-11-05 02:50:55] [PABBO_Full_opt] [INFO] ================================================================================
[2025-11-05 02:50:55] [PABBO_Full_opt] [INFO] Using provided initial population
[2025-11-05 02:50:55] [PABBO_Full_opt] [INFO] Evaluating initial samples...
[2025-11-05 02:50:55] [PABBO_Full_opt] [INFO] Initial: New best found! T=733, fitness=178132417899731275198727454720.0000
[2025-11-05 02:50:55] [PABBO_Full_opt] [INFO] Initial: New best found! T=133, fitness=15914.4572
[2025-11-05 02:50:55] [PABBO_Full_opt] [INFO] Initial: New best found! T=115, fitness=9673.1771
[2025-11-05 02:50:55] [PABBO_Full_opt] [INFO] Initial best: T=115, alpha=0.008696, eta=0.008696, perplexity=9673.1771
[2025-11-05 02:50:55] [PABBO_Full_opt] [INFO] Iter 1/20 | Best: T=2, perplexity=2259.0923 | Current: T=2, fitness=2259.0923 (transformer) | Temp: 0.950 | No improvement: 0/999999
[2025-11-05 02:50:55] [PABBO_Full_opt] [INFO] Iter 2/20 | Best: T=2, perplexity=2259.0923 | Current: T=2, fitness=2259.0923 (transformer) | Temp: 0.902 | No improvement: 1/999999
[2025-11-05 02:50:55] [PABBO_Full_opt] [INFO] Iter 3/20 | Best: T=2, perplexity=2259.0923 | Current: T=2, fitness=2259.0923 (transformer) | Temp: 0.857 | No improvement: 2/999999
[2025-11-05 02:51:52] [PABBO_Full_opt] [INFO] Iter 4/20 | Best: T=2, perplexity=2259.0923 | Current: T=782, fitness=370625572483835895762757317820416.0000 (exploration) | Temp: 0.815 | No improvement: 3/999999
[2025-11-05 02:52:15] [PABBO_Full_opt] [INFO] Iter 5/20 | Best: T=2, perplexity=2259.0923 | Current: T=320, fitness=283829663.8914 (transformer) | Temp: 0.774 | No improvement: 4/999999
[2025-11-05 02:52:15] [PABBO_Full_opt] [INFO] Iter 6/20 | Best: T=2, perplexity=2259.0923 | Current: T=2, fitness=2259.0923 (transformer) | Temp: 0.735 | No improvement: 5/999999
[2025-11-05 02:52:39] [PABBO_Full_opt] [INFO] Iter 7/20 | Best: T=2, perplexity=2259.0923 | Current: T=329, fitness=668400203.6665 (transformer) | Temp: 0.698 | No improvement: 6/999999
[2025-11-05 02:53:17] [PABBO_Full_opt] [INFO] Iter 8/20 | Best: T=2, perplexity=2259.0923 | Current: T=525, fitness=116620325368362512.0000 (exploration) | Temp: 0.663 | No improvement: 7/999999
[2025-11-05 02:53:17] [PABBO_Full_opt] [INFO] Iter 9/20 | Best: T=2, perplexity=2259.0923 | Current: T=2, fitness=2259.0923 (transformer) | Temp: 0.630 | No improvement: 8/999999
[2025-11-05 02:53:34] [PABBO_Full_opt] [INFO] Iter 10/20 | Best: T=2, perplexity=2259.0923 | Current: T=224, fitness=675930.6641 (exploration) | Temp: 0.599 | No improvement: 9/999999
[2025-11-05 02:53:34] [PABBO_Full_opt] [INFO] Iter 11/20 | Best: T=2, perplexity=2259.0923 | Current: T=435, fitness=7836832186282.0410 (exploration) | Temp: 0.569 | No improvement: 10/999999
[2025-11-05 02:54:12] [PABBO_Full_opt] [INFO] Iter 12/20 | Best: T=2, perplexity=2259.0923 | Current: T=512, fitness=26716685711811900.0000 (exploration) | Temp: 0.540 | No improvement: 11/999999
[2025-11-05 02:54:28] [PABBO_Full_opt] [INFO] Iter 13/20 | Best: T=2, perplexity=2259.0923 | Current: T=212, fitness=324303.6748 (transformer) | Temp: 0.513 | No improvement: 12/999999
[2025-11-05 02:55:10] [PABBO_Full_opt] [INFO] Iter 14/20 | Best: T=2, perplexity=2259.0923 | Current: T=563, fitness=11783164596632768512.0000 (exploration) | Temp: 0.488 | No improvement: 13/999999
[2025-11-05 02:55:10] [PABBO_Full_opt] [INFO] Iter 15/20 | Best: T=2, perplexity=2259.0923 | Current: T=349, fitness=2845699045.6775 (exploration) | Temp: 0.463 | No improvement: 14/999999
[2025-11-05 02:55:47] [PABBO_Full_opt] [INFO] Iter 16/20 | Best: T=2, perplexity=2259.0923 | Current: T=503, fitness=10208300795882648.0000 (transformer) | Temp: 0.440 | No improvement: 15/999999
[2025-11-05 02:55:47] [PABBO_Full_opt] [INFO] Iter 17/20 | Best: T=2, perplexity=2259.0923 | Current: T=2, fitness=2259.0923 (transformer) | Temp: 0.418 | No improvement: 16/999999
[2025-11-05 02:55:51] [PABBO_Full_opt] [INFO] Iter 18/20 | Best: T=2, perplexity=2259.0923 | Current: T=16, fitness=2562.0319 (exploration) | Temp: 0.397 | No improvement: 17/999999
[2025-11-05 02:56:43] [PABBO_Full_opt] [INFO] Iter 19/20 | Best: T=2, perplexity=2259.0923 | Current: T=698, fitness=967707897546776624851058688.0000 (transformer) | Temp: 0.377 | No improvement: 18/999999
[2025-11-05 02:56:43] [PABBO_Full_opt] [INFO] Iter 20/20 | Best: T=2, perplexity=2259.0923 | Current: T=2, fitness=2259.0923 (transformer) | Temp: 0.358 | No improvement: 19/999999
[2025-11-05 02:56:43] [PABBO_Full_opt] [INFO] ================================================================================
[2025-11-05 02:56:43] [PABBO_Full_opt] [INFO] PABBO Full Optimization Complete!
[2025-11-05 02:56:43] [PABBO_Full_opt] [INFO] Total time: 347.82s
[2025-11-05 02:56:43] [PABBO_Full_opt] [INFO] Total evaluations: 40
[2025-11-05 02:56:43] [PABBO_Full_opt] [INFO] Final best: T=2, alpha=0.500000, eta=0.500000, perplexity=2259.0923
[2025-11-05 02:56:43] [PABBO_Full_opt] [INFO] ================================================================================
[2025-11-05 02:56:43] [PABBO_Full_opt] [INFO] ================================================================================
[2025-11-05 02:56:43] [PABBO_Full_opt] [INFO] PABBO_Full Optimization Complete!
[2025-11-05 02:56:43] [PABBO_Full_opt] [INFO] Best T: 2, alpha: 0.500000, eta: 0.500000
[2025-11-05 02:56:43] [PABBO_Full_opt] [INFO] Best perplexity: 2259.0923
[2025-11-05 02:56:43] [PABBO_Full_opt] [INFO] Total time: 347.82s
[2025-11-05 02:56:43] [PABBO_Full_opt] [INFO] ================================================================================
