2025-11-04 03:51:09,176 [INFO] Pipeline started
2025-11-04 03:51:09,176 [INFO] 
================================================================================
2025-11-04 03:51:09,176 [INFO] STAGE 1: Training PABBO Model (Light Version)
2025-11-04 03:51:09,176 [INFO] ================================================================================
2025-11-04 03:51:09,176 [INFO] Command: /Users/draiqws/Llabs/.venv/bin/python /Users/draiqws/Llabs/pabbo_method/train.py --config-name=train_rastrigin1d_test experiment.wandb=false
2025-11-04 03:51:09,176 [INFO] Training in progress...
2025-11-04 03:51:11,269 [ERROR] Training failed!
2025-11-04 03:51:11,269 [ERROR] STDERR: Traceback (most recent call last):
  File "/Users/draiqws/Llabs/pabbo_method/train.py", line 11, in <module>
    from .wandb_wrapper import init as wandb_init, save_artifact
ImportError: attempted relative import with no known parent package

2025-11-04 03:51:11,269 [INFO] ================================================================================
2025-11-04 03:51:11,269 [INFO] Stage: PABBO_Training
2025-11-04 03:51:11,269 [INFO] Status: FAILED
2025-11-04 03:51:11,269 [INFO] Duration: 2.09s (0.03min)
2025-11-04 03:51:11,269 [INFO] error: PABBO training failed
2025-11-04 03:51:11,269 [INFO] ================================================================================
2025-11-04 03:51:11,269 [ERROR] 
================================================================================
2025-11-04 03:51:11,269 [ERROR] PIPELINE FAILED!
2025-11-04 03:51:11,269 [ERROR] Error: PABBO training failed
2025-11-04 03:51:11,269 [ERROR] ================================================================================
2025-11-04 03:51:11,269 [ERROR] Traceback (most recent call last):
  File "/Users/draiqws/Llabs/lda.py", line 664, in main
    model_path, training_time = trainer.train_light_model()
                                ^^^^^^^^^^^^^^^^^^^^^^^^^^^
  File "/Users/draiqws/Llabs/lda.py", line 148, in train_light_model
    raise RuntimeError("PABBO training failed")
RuntimeError: PABBO training failed

2025-11-04 03:51:11,270 [INFO] Metrics saved to /Users/draiqws/Llabs/lda_pipeline_results/run_20251104_035109/logs/pipeline_metrics.json
