[2025-11-05 12:48:10] [PABBO_Full_opt] [INFO] ================================================================================
[2025-11-05 12:48:10] [PABBO_Full_opt] [INFO] PABBO_Full Optimization Starting (NO EARLY STOPPING)
[2025-11-05 12:48:10] [PABBO_Full_opt] [INFO] ================================================================================
[2025-11-05 12:48:10] [PABBO_Full_opt] [INFO] Initial population: [733, 811, 133, 355, 777, 115, 452, 940, 879, 345, 576, 153, 950, 602, 162, 238, 422, 511, 660, 285]
[2025-11-05 12:48:10] [PABBO_Full_opt] [INFO] Iterations: 20
[2025-11-05 12:48:10] [PABBO_Full_opt] [INFO] Output directory: c:\Users\Roman\Downloads\lgd-main\lgd-main\lda_pipeline_results\run_20251104_135335\experiments\yelp\run_2\PABBO_Full
[2025-11-05 12:48:10] [PABBO_Full_opt] [INFO] ================================================================================
[2025-11-05 12:48:10] [PABBO_Full_opt] [INFO] PABBO Full initialized with Transformer model from c:\Users\Roman\Downloads\lgd-main\lgd-main\pabbo_method\results\PABBO\PABBO_GP1D_quick_20251104_135342\ckpt.tar
[2025-11-05 12:48:10] [PABBO_Full_opt] [INFO] PABBO initialized: exploration_rate=0.3, temperature_decay=0.95, use_transformer=True
[2025-11-05 12:48:10] [PABBO_Full_opt] [INFO] ================================================================================
[2025-11-05 12:48:10] [PABBO_Full_opt] [INFO] Starting PABBO Full optimization
[2025-11-05 12:48:10] [PABBO_Full_opt] [INFO] Iterations: 20, Initial samples: 20
[2025-11-05 12:48:10] [PABBO_Full_opt] [INFO] T bounds: (2, 1000), alpha=1/T, eta=1/T
[2025-11-05 12:48:10] [PABBO_Full_opt] [INFO] Using Transformer: True
[2025-11-05 12:48:10] [PABBO_Full_opt] [INFO] ================================================================================
[2025-11-05 12:48:10] [PABBO_Full_opt] [INFO] Using provided initial population
[2025-11-05 12:48:10] [PABBO_Full_opt] [INFO] Evaluating initial samples...
[2025-11-05 12:48:10] [PABBO_Full_opt] [INFO] Initial: New best found! T=733, fitness=80022882475852.4375
[2025-11-05 12:48:10] [PABBO_Full_opt] [INFO] Initial: New best found! T=133, fitness=3326.1487
[2025-11-05 12:48:10] [PABBO_Full_opt] [INFO] Initial: New best found! T=115, fitness=2855.7141
[2025-11-05 12:48:10] [PABBO_Full_opt] [INFO] Initial best: T=115, alpha=0.008696, eta=0.008696, perplexity=2855.7141
[2025-11-05 12:48:16] [PABBO_Full_opt] [INFO] Iter 1/20 | Best: T=13, perplexity=1562.3307 | Current: T=13, fitness=1562.3307 (transformer) | Temp: 0.950 | No improvement: 0/999999
[2025-11-05 12:48:57] [PABBO_Full_opt] [INFO] Iter 2/20 | Best: T=13, perplexity=1562.3307 | Current: T=407, fitness=4108501.3535 (transformer) | Temp: 0.902 | No improvement: 1/999999
[2025-11-05 12:49:20] [PABBO_Full_opt] [INFO] Iter 3/20 | Best: T=13, perplexity=1562.3307 | Current: T=232, fitness=18640.0830 (exploration) | Temp: 0.857 | No improvement: 2/999999
[2025-11-05 12:49:20] [PABBO_Full_opt] [INFO] Iter 4/20 | Best: T=13, perplexity=1562.3307 | Current: T=232, fitness=18640.0830 (exploration) | Temp: 0.815 | No improvement: 3/999999
[2025-11-05 12:49:25] [PABBO_Full_opt] [INFO] Iter 5/20 | Best: T=11, perplexity=1523.9612 | Current: T=11, fitness=1523.9612 (exploration) | Temp: 0.774 | No improvement: 0/999999
[2025-11-05 12:50:50] [PABBO_Full_opt] [INFO] Iter 6/20 | Best: T=11, perplexity=1523.9612 | Current: T=795, fitness=4096486542676834.0000 (exploration) | Temp: 0.735 | No improvement: 1/999999
[2025-11-05 12:51:39] [PABBO_Full_opt] [INFO] Iter 7/20 | Best: T=11, perplexity=1523.9612 | Current: T=488, fitness=140393084.9598 (transformer) | Temp: 0.698 | No improvement: 2/999999
[2025-11-05 12:51:39] [PABBO_Full_opt] [INFO] Iter 8/20 | Best: T=2, perplexity=1327.5904 | Current: T=2, fitness=1327.5904 (transformer) | Temp: 0.663 | No improvement: 0/999999
[2025-11-05 12:51:39] [PABBO_Full_opt] [INFO] Iter 9/20 | Best: T=2, perplexity=1327.5904 | Current: T=2, fitness=1327.5904 (transformer) | Temp: 0.630 | No improvement: 1/999999
[2025-11-05 12:51:39] [PABBO_Full_opt] [INFO] Iter 10/20 | Best: T=2, perplexity=1327.5904 | Current: T=2, fitness=1327.5904 (transformer) | Temp: 0.599 | No improvement: 2/999999
[2025-11-05 12:52:38] [PABBO_Full_opt] [INFO] Iter 11/20 | Best: T=2, perplexity=1327.5904 | Current: T=570, fitness=6872194023.2698 (transformer) | Temp: 0.569 | No improvement: 3/999999
[2025-11-05 12:53:32] [PABBO_Full_opt] [INFO] Iter 12/20 | Best: T=2, perplexity=1327.5904 | Current: T=525, fitness=766945114.1370 (exploration) | Temp: 0.540 | No improvement: 4/999999
[2025-11-05 12:53:32] [PABBO_Full_opt] [INFO] Iter 13/20 | Best: T=2, perplexity=1327.5904 | Current: T=98, fitness=2351.9203 (exploration) | Temp: 0.513 | No improvement: 5/999999
[2025-11-05 12:54:04] [PABBO_Full_opt] [INFO] Iter 14/20 | Best: T=2, perplexity=1327.5904 | Current: T=324, fitness=226243.6357 (exploration) | Temp: 0.488 | No improvement: 6/999999
[2025-11-05 12:55:11] [PABBO_Full_opt] [INFO] Iter 15/20 | Best: T=2, perplexity=1327.5904 | Current: T=642, fitness=391752182679.7504 (exploration) | Temp: 0.463 | No improvement: 7/999999
[2025-11-05 12:55:17] [PABBO_Full_opt] [INFO] Iter 16/20 | Best: T=2, perplexity=1327.5904 | Current: T=28, fitness=1597.7745 (transformer) | Temp: 0.440 | No improvement: 8/999999
[2025-11-05 12:55:56] [PABBO_Full_opt] [INFO] Iter 17/20 | Best: T=2, perplexity=1327.5904 | Current: T=397, fitness=2855092.2162 (exploration) | Temp: 0.418 | No improvement: 9/999999
[2025-11-05 12:56:45] [PABBO_Full_opt] [INFO] Iter 18/20 | Best: T=2, perplexity=1327.5904 | Current: T=489, fitness=133568949.4525 (exploration) | Temp: 0.397 | No improvement: 10/999999
[2025-11-05 12:56:45] [PABBO_Full_opt] [INFO] Iter 19/20 | Best: T=2, perplexity=1327.5904 | Current: T=2, fitness=1327.5904 (transformer) | Temp: 0.377 | No improvement: 11/999999
[2025-11-05 12:58:06] [PABBO_Full_opt] [INFO] Iter 20/20 | Best: T=2, perplexity=1327.5904 | Current: T=767, fitness=670278949772118.8750 (exploration) | Temp: 0.358 | No improvement: 12/999999
[2025-11-05 12:58:06] [PABBO_Full_opt] [INFO] ================================================================================
[2025-11-05 12:58:06] [PABBO_Full_opt] [INFO] PABBO Full Optimization Complete!
[2025-11-05 12:58:06] [PABBO_Full_opt] [INFO] Total time: 595.54s
[2025-11-05 12:58:06] [PABBO_Full_opt] [INFO] Total evaluations: 40
[2025-11-05 12:58:06] [PABBO_Full_opt] [INFO] Final best: T=2, alpha=0.500000, eta=0.500000, perplexity=1327.5904
[2025-11-05 12:58:06] [PABBO_Full_opt] [INFO] ================================================================================
[2025-11-05 12:58:06] [PABBO_Full_opt] [INFO] ================================================================================
[2025-11-05 12:58:06] [PABBO_Full_opt] [INFO] PABBO_Full Optimization Complete!
[2025-11-05 12:58:06] [PABBO_Full_opt] [INFO] Best T: 2, alpha: 0.500000, eta: 0.500000
[2025-11-05 12:58:06] [PABBO_Full_opt] [INFO] Best perplexity: 1327.5904
[2025-11-05 12:58:06] [PABBO_Full_opt] [INFO] Total time: 595.54s
[2025-11-05 12:58:06] [PABBO_Full_opt] [INFO] ================================================================================
