[2025-11-04 19:27:18] [GA_opt] [INFO] ================================================================================
[2025-11-04 19:27:18] [GA_opt] [INFO] GA Optimization Starting (NO EARLY STOPPING)
[2025-11-04 19:27:18] [GA_opt] [INFO] ================================================================================
[2025-11-04 19:27:18] [GA_opt] [INFO] Initial population: [733, 811, 133, 355, 777, 115, 452, 940, 879, 345, 576, 153, 950, 602, 162, 238, 422, 511, 660, 285]
[2025-11-04 19:27:18] [GA_opt] [INFO] Iterations: 20
[2025-11-04 19:27:18] [GA_opt] [INFO] Output directory: c:\Users\Roman\Downloads\lgd-main\lgd-main\lda_pipeline_results\run_20251104_135335\experiments\20news\run_6\GA
[2025-11-04 19:27:18] [GA_opt] [INFO] ================================================================================
[2025-11-04 19:27:18] [GA_opt] [INFO] GA initialized: cxpb=0.9, mutpb=0.2, elite=5, dT=5
[2025-11-04 19:27:18] [GA_opt] [INFO] ================================================================================
[2025-11-04 19:27:18] [GA_opt] [INFO] Starting GA optimization
[2025-11-04 19:27:18] [GA_opt] [INFO] Generations: 20, Population size: 10
[2025-11-04 19:27:18] [GA_opt] [INFO] T bounds: (2, 1000), alpha=1/T, eta=1/T
[2025-11-04 19:27:18] [GA_opt] [INFO] ================================================================================
[2025-11-04 19:27:18] [GA_opt] [INFO] Using provided initial population
[2025-11-04 19:27:18] [GA_opt] [INFO] Evaluating initial population...
[2025-11-04 19:45:01] [GA_opt] [INFO] Initial best: T=115, alpha=0.008696, eta=0.008696, perplexity=2705.0466
[2025-11-04 19:50:52] [GA_opt] [INFO] Gen 1: New best found! Fitness=2384.6350
[2025-11-04 19:50:52] [GA_opt] [INFO] Gen 1/20 | Best: T=102, perplexity=2384.6350 | Pop: mean=1916075953.8799, std=8349692731.2202 | Time: 350.99s | No improvement: 0/999999
[2025-11-04 19:53:17] [GA_opt] [INFO] Gen 2: New best found! Fitness=2350.1363
[2025-11-04 19:53:17] [GA_opt] [INFO] Gen 2/20 | Best: T=96, perplexity=2350.1363 | Pop: mean=11719.6189, std=26358.1041 | Time: 145.21s | No improvement: 0/999999
[2025-11-04 19:53:50] [GA_opt] [INFO] Gen 3: New best found! Fitness=2263.1192
[2025-11-04 19:53:50] [GA_opt] [INFO] Gen 3/20 | Best: T=95, perplexity=2263.1192 | Pop: mean=2453.5242, std=246.9918 | Time: 33.16s | No improvement: 0/999999
[2025-11-04 19:54:23] [GA_opt] [INFO] Gen 4: New best found! Fitness=2035.1113
[2025-11-04 19:54:23] [GA_opt] [INFO] Gen 4/20 | Best: T=74, perplexity=2035.1113 | Pop: mean=2354.5198, std=154.1198 | Time: 33.24s | No improvement: 0/999999
[2025-11-04 19:55:38] [GA_opt] [INFO] Gen 5: New best found! Fitness=2016.5576
[2025-11-04 19:55:38] [GA_opt] [INFO] Gen 5/20 | Best: T=69, perplexity=2016.5576 | Pop: mean=2318.6799, std=181.2837 | Time: 74.93s | No improvement: 0/999999
[2025-11-04 19:56:08] [GA_opt] [INFO] Gen 6: New best found! Fitness=1960.5422
[2025-11-04 19:56:08] [GA_opt] [INFO] Gen 6/20 | Best: T=64, perplexity=1960.5422 | Pop: mean=2185.9167, std=205.1923 | Time: 30.00s | No improvement: 0/999999
[2025-11-04 19:56:17] [GA_opt] [INFO] Gen 7: New best found! Fitness=1950.5300
[2025-11-04 19:56:17] [GA_opt] [INFO] Gen 7/20 | Best: T=65, perplexity=1950.5300 | Pop: mean=2035.1354, std=87.8018 | Time: 8.32s | No improvement: 0/999999
[2025-11-04 19:56:34] [GA_opt] [INFO] Gen 8/20 | Best: T=65, perplexity=1950.5300 | Pop: mean=1979.9339, std=32.7476 | Time: 17.04s | No improvement: 1/999999
[2025-11-04 19:57:13] [GA_opt] [INFO] Gen 9: New best found! Fitness=1825.6462
[2025-11-04 19:57:13] [GA_opt] [INFO] Gen 9/20 | Best: T=32, perplexity=1825.6462 | Pop: mean=1999.6767, std=147.3762 | Time: 39.43s | No improvement: 0/999999
[2025-11-04 19:57:38] [GA_opt] [INFO] Gen 10/20 | Best: T=32, perplexity=1825.6462 | Pop: mean=1904.5940, std=94.8392 | Time: 25.35s | No improvement: 1/999999
[2025-11-04 19:58:03] [GA_opt] [INFO] Gen 11: New best found! Fitness=1771.5205
[2025-11-04 19:58:03] [GA_opt] [INFO] Gen 11/20 | Best: T=29, perplexity=1771.5205 | Pop: mean=1831.6452, std=21.2348 | Time: 24.88s | No improvement: 0/999999
[2025-11-04 19:58:59] [GA_opt] [INFO] Gen 12: New best found! Fitness=1744.7998
[2025-11-04 19:58:59] [GA_opt] [INFO] Gen 12/20 | Best: T=4, perplexity=1744.7998 | Pop: mean=1835.7839, std=67.2290 | Time: 55.74s | No improvement: 0/999999
[2025-11-04 19:59:05] [GA_opt] [INFO] Gen 13/20 | Best: T=4, perplexity=1744.7998 | Pop: mean=1790.8979, std=67.1513 | Time: 5.97s | No improvement: 1/999999
[2025-11-04 19:59:05] [GA_opt] [INFO] Gen 14/20 | Best: T=4, perplexity=1744.7998 | Pop: mean=1754.2093, std=25.0158 | Time: 0.00s | No improvement: 2/999999
[2025-11-04 19:59:10] [GA_opt] [INFO] Gen 15: New best found! Fitness=1679.3259
[2025-11-04 19:59:10] [GA_opt] [INFO] Gen 15/20 | Best: T=5, perplexity=1679.3259 | Pop: mean=1743.7932, std=17.7800 | Time: 5.04s | No improvement: 0/999999
[2025-11-04 19:59:15] [GA_opt] [INFO] Gen 16/20 | Best: T=5, perplexity=1679.3259 | Pop: mean=1749.0076, std=41.3122 | Time: 4.78s | No improvement: 1/999999
[2025-11-04 19:59:20] [GA_opt] [INFO] Gen 17/20 | Best: T=5, perplexity=1679.3259 | Pop: mean=1720.3112, std=27.8453 | Time: 4.96s | No improvement: 2/999999
[2025-11-04 19:59:20] [GA_opt] [INFO] Gen 18/20 | Best: T=5, perplexity=1679.3259 | Pop: mean=1699.4387, std=25.1744 | Time: 0.00s | No improvement: 3/999999
[2025-11-04 19:59:25] [GA_opt] [INFO] Gen 19: New best found! Fitness=1646.2786
[2025-11-04 19:59:25] [GA_opt] [INFO] Gen 19/20 | Best: T=7, perplexity=1646.2786 | Pop: mean=1688.3077, std=23.8671 | Time: 5.18s | No improvement: 0/999999
[2025-11-04 19:59:25] [GA_opt] [INFO] Gen 20/20 | Best: T=7, perplexity=1646.2786 | Pop: mean=1684.9707, std=40.9784 | Time: 0.00s | No improvement: 1/999999
[2025-11-04 19:59:25] [GA_opt] [INFO] ================================================================================
[2025-11-04 19:59:25] [GA_opt] [INFO] GA Optimization Complete!
[2025-11-04 19:59:25] [GA_opt] [INFO] Total time: 1926.72s
[2025-11-04 19:59:25] [GA_opt] [INFO] Final best: T=7, alpha=0.142857, eta=0.142857, perplexity=1646.2786
[2025-11-04 19:59:25] [GA_opt] [INFO] ================================================================================
[2025-11-04 19:59:26] [GA_opt] [INFO] ================================================================================
[2025-11-04 19:59:26] [GA_opt] [INFO] GA Optimization Complete!
[2025-11-04 19:59:26] [GA_opt] [INFO] Best T: 7, alpha: 0.142857, eta: 0.142857
[2025-11-04 19:59:26] [GA_opt] [INFO] Best perplexity: 1646.2786
[2025-11-04 19:59:26] [GA_opt] [INFO] Total time: 1926.72s
[2025-11-04 19:59:26] [GA_opt] [INFO] ================================================================================
