[2025-11-05 03:32:59] [GA_opt] [INFO] ================================================================================
[2025-11-05 03:32:59] [GA_opt] [INFO] GA Optimization Starting (NO EARLY STOPPING)
[2025-11-05 03:32:59] [GA_opt] [INFO] ================================================================================
[2025-11-05 03:32:59] [GA_opt] [INFO] Initial population: [733, 811, 133, 355, 777, 115, 452, 940, 879, 345, 576, 153, 950, 602, 162, 238, 422, 511, 660, 285]
[2025-11-05 03:32:59] [GA_opt] [INFO] Iterations: 20
[2025-11-05 03:32:59] [GA_opt] [INFO] Output directory: c:\Users\Roman\Downloads\lgd-main\lgd-main\lda_pipeline_results\run_20251104_135335\experiments\agnews\run_8\GA
[2025-11-05 03:32:59] [GA_opt] [INFO] ================================================================================
[2025-11-05 03:32:59] [GA_opt] [INFO] GA initialized: cxpb=0.9, mutpb=0.2, elite=5, dT=5
[2025-11-05 03:32:59] [GA_opt] [INFO] ================================================================================
[2025-11-05 03:32:59] [GA_opt] [INFO] Starting GA optimization
[2025-11-05 03:32:59] [GA_opt] [INFO] Generations: 20, Population size: 10
[2025-11-05 03:32:59] [GA_opt] [INFO] T bounds: (2, 1000), alpha=1/T, eta=1/T
[2025-11-05 03:32:59] [GA_opt] [INFO] ================================================================================
[2025-11-05 03:32:59] [GA_opt] [INFO] Using provided initial population
[2025-11-05 03:32:59] [GA_opt] [INFO] Evaluating initial population...
[2025-11-05 03:45:39] [GA_opt] [INFO] Initial best: T=115, alpha=0.008696, eta=0.008696, perplexity=11155.0069
[2025-11-05 03:48:41] [GA_opt] [INFO] Gen 1/20 | Best: T=115, perplexity=11155.0069 | Pop: mean=10406460740541825024.0000, std=31424466762373718016.0000 | Time: 182.06s | No improvement: 1/999999
[2025-11-05 03:49:49] [GA_opt] [INFO] Gen 2/20 | Best: T=115, perplexity=11155.0069 | Pop: mean=20135.6639, std=11516.3174 | Time: 68.02s | No improvement: 2/999999
[2025-11-05 03:50:36] [GA_opt] [INFO] Gen 3: New best found! Fitness=6125.3016
[2025-11-05 03:50:36] [GA_opt] [INFO] Gen 3/20 | Best: T=91, perplexity=6125.3016 | Pop: mean=15045.0155, std=7098.5591 | Time: 47.19s | No improvement: 0/999999
[2025-11-05 03:51:29] [GA_opt] [INFO] Gen 4: New best found! Fitness=4206.0532
[2025-11-05 03:51:29] [GA_opt] [INFO] Gen 4/20 | Best: T=64, perplexity=4206.0532 | Pop: mean=11387.7467, std=7027.7478 | Time: 53.00s | No improvement: 0/999999
[2025-11-05 03:51:57] [GA_opt] [INFO] Gen 5: New best found! Fitness=3742.7427
[2025-11-05 03:51:57] [GA_opt] [INFO] Gen 5/20 | Best: T=62, perplexity=3742.7427 | Pop: mean=6869.1402, std=2897.7401 | Time: 28.21s | No improvement: 0/999999
[2025-11-05 03:52:44] [GA_opt] [INFO] Gen 6: New best found! Fitness=2799.0768
[2025-11-05 03:52:44] [GA_opt] [INFO] Gen 6/20 | Best: T=32, perplexity=2799.0768 | Pop: mean=5362.3513, std=2901.2404 | Time: 46.82s | No improvement: 0/999999
[2025-11-05 03:53:07] [GA_opt] [INFO] Gen 7: New best found! Fitness=2185.4060
[2025-11-05 03:53:07] [GA_opt] [INFO] Gen 7/20 | Best: T=2, perplexity=2185.4060 | Pop: mean=3626.0248, std=970.3926 | Time: 23.59s | No improvement: 0/999999
[2025-11-05 03:53:14] [GA_opt] [INFO] Gen 8/20 | Best: T=2, perplexity=2185.4060 | Pop: mean=3248.0826, std=733.9404 | Time: 6.34s | No improvement: 1/999999
[2025-11-05 03:53:40] [GA_opt] [INFO] Gen 9/20 | Best: T=2, perplexity=2185.4060 | Pop: mean=2708.2658, std=582.0770 | Time: 25.77s | No improvement: 2/999999
[2025-11-05 03:53:45] [GA_opt] [INFO] Gen 10/20 | Best: T=2, perplexity=2185.4060 | Pop: mean=2347.1438, std=248.5535 | Time: 5.08s | No improvement: 3/999999
[2025-11-05 03:53:48] [GA_opt] [INFO] Gen 11/20 | Best: T=2, perplexity=2185.4060 | Pop: mean=2187.2698, std=8.1242 | Time: 3.62s | No improvement: 4/999999
[2025-11-05 03:53:52] [GA_opt] [INFO] Gen 12/20 | Best: T=2, perplexity=2185.4060 | Pop: mean=2193.4977, std=27.9235 | Time: 3.69s | No improvement: 5/999999
[2025-11-05 03:53:52] [GA_opt] [INFO] Gen 13/20 | Best: T=2, perplexity=2185.4060 | Pop: mean=2191.6338, std=27.1465 | Time: 0.00s | No improvement: 6/999999
[2025-11-05 03:53:52] [GA_opt] [INFO] Gen 14/20 | Best: T=2, perplexity=2185.4060 | Pop: mean=2185.4060, std=0.0000 | Time: 0.00s | No improvement: 7/999999
[2025-11-05 03:53:56] [GA_opt] [INFO] Gen 15: New best found! Fitness=2132.1918
[2025-11-05 03:53:56] [GA_opt] [INFO] Gen 15/20 | Best: T=4, perplexity=2132.1918 | Pop: mean=2182.7453, std=11.5978 | Time: 3.91s | No improvement: 0/999999
[2025-11-05 03:54:00] [GA_opt] [INFO] Gen 16/20 | Best: T=4, perplexity=2132.1918 | Pop: mean=2184.3907, std=25.5538 | Time: 4.25s | No improvement: 1/999999
[2025-11-05 03:54:00] [GA_opt] [INFO] Gen 17/20 | Best: T=4, perplexity=2132.1918 | Pop: mean=2172.1025, std=23.0424 | Time: 0.00s | No improvement: 2/999999
[2025-11-05 03:54:00] [GA_opt] [INFO] Gen 18/20 | Best: T=4, perplexity=2132.1918 | Pop: mean=2156.1382, std=26.4737 | Time: 0.00s | No improvement: 3/999999
[2025-11-05 03:54:00] [GA_opt] [INFO] Gen 19/20 | Best: T=4, perplexity=2132.1918 | Pop: mean=2150.0304, std=35.2743 | Time: 0.00s | No improvement: 4/999999
[2025-11-05 03:54:04] [GA_opt] [INFO] Gen 20/20 | Best: T=4, perplexity=2132.1918 | Pop: mean=2152.3462, std=76.5243 | Time: 3.77s | No improvement: 5/999999
[2025-11-05 03:54:04] [GA_opt] [INFO] ================================================================================
[2025-11-05 03:54:04] [GA_opt] [INFO] GA Optimization Complete!
[2025-11-05 03:54:04] [GA_opt] [INFO] Total time: 1265.36s
[2025-11-05 03:54:04] [GA_opt] [INFO] Final best: T=4, alpha=0.250000, eta=0.250000, perplexity=2132.1918
[2025-11-05 03:54:04] [GA_opt] [INFO] ================================================================================
[2025-11-05 03:54:05] [GA_opt] [INFO] ================================================================================
[2025-11-05 03:54:05] [GA_opt] [INFO] GA Optimization Complete!
[2025-11-05 03:54:05] [GA_opt] [INFO] Best T: 4, alpha: 0.250000, eta: 0.250000
[2025-11-05 03:54:05] [GA_opt] [INFO] Best perplexity: 2132.1918
[2025-11-05 03:54:05] [GA_opt] [INFO] Total time: 1265.36s
[2025-11-05 03:54:05] [GA_opt] [INFO] ================================================================================
