[2025-11-12 14:00:55] [SABO_opt] [INFO] ================================================================================
[2025-11-12 14:00:55] [SABO_opt] [INFO] SABO Optimization Starting (NO EARLY STOPPING)
[2025-11-12 14:00:55] [SABO_opt] [INFO] ================================================================================
[2025-11-12 14:00:55] [SABO_opt] [INFO] Initial population: [733, 811, 133, 355, 777, 115, 452, 940, 879, 345, 576, 153, 950, 602, 162, 238, 422, 511, 660, 285]
[2025-11-12 14:00:55] [SABO_opt] [INFO] Iterations: 20
[2025-11-12 14:00:55] [SABO_opt] [INFO] Output directory: C:\Users\klass\OneDrive\Рабочий стол\lgd-SABO\lda_pipeline_results\run_20251112_100135\experiments\20news\run_7\SABO
[2025-11-12 14:00:55] [SABO_opt] [INFO] ================================================================================
[2025-11-12 14:00:55] [SABO_opt] [INFO] SABO initialized: rho=0.1, beta_t=0.01, N_batch=5, d=1
[2025-11-12 14:00:55] [SABO_opt] [INFO] ================================================================================
[2025-11-12 14:00:55] [SABO_opt] [INFO] Starting SABO optimization
[2025-11-12 14:00:55] [SABO_opt] [INFO] Iterations: 20, Initial samples: 10, Batch size: 5
[2025-11-12 14:00:55] [SABO_opt] [INFO] T bounds: (2, 1000), alpha=1/T, eta=1/T
[2025-11-12 14:00:55] [SABO_opt] [INFO] ================================================================================
[2025-11-12 14:00:55] [SABO_opt] [INFO] Using provided initial population
[2025-11-12 14:00:55] [SABO_opt] [INFO] Evaluating initial samples...
[2025-11-12 14:02:39] [SABO_opt] [INFO] Initial: New best found! T=733, fitness=36932522633.0194
[2025-11-12 14:04:41] [SABO_opt] [INFO] Initial: New best found! T=133, fitness=2943.6921
[2025-11-12 14:07:22] [SABO_opt] [INFO] Initial: New best found! T=115, fitness=2620.6518
[2025-11-12 14:22:40] [SABO_opt] [INFO] Initial best: T=115, alpha=0.008696, eta=0.008696, perplexity=2620.6518
[2025-11-12 14:25:56] [SABO_opt] [INFO] Iter 1: New best found! T=2, fitness=2005.2338
[2025-11-12 14:28:09] [SABO_opt] [INFO] Iter 2: New best found! T=20, fitness=1708.3231
[2025-11-12 14:31:04] [SABO_opt] [INFO] Iter 4: New best from perturbed! T=30, fitness=1704.8929
[2025-11-12 14:31:43] [SABO_opt] [INFO] Iter 5: New best from perturbed! T=7, fitness=1702.5962
[2025-11-12 14:40:48] [SABO_opt] [INFO] ================================================================================
[2025-11-12 14:40:48] [SABO_opt] [INFO] SABO Optimization Complete!
[2025-11-12 14:40:48] [SABO_opt] [INFO] Total time: 2392.66s
[2025-11-12 14:40:48] [SABO_opt] [INFO] Total evaluations: 260
[2025-11-12 14:40:48] [SABO_opt] [INFO] Final best: T=7, alpha=0.142857, eta=0.142857, perplexity=1702.5962
[2025-11-12 14:40:48] [SABO_opt] [INFO] ================================================================================
[2025-11-12 14:40:49] [SABO_opt] [INFO] ================================================================================
[2025-11-12 14:40:49] [SABO_opt] [INFO] SABO Optimization Complete!
[2025-11-12 14:40:49] [SABO_opt] [INFO] Best T: 7, alpha: 0.142857, eta: 0.142857
[2025-11-12 14:40:49] [SABO_opt] [INFO] Best perplexity: 1702.5962
[2025-11-12 14:40:49] [SABO_opt] [INFO] Total time: 2392.66s
[2025-11-12 14:40:49] [SABO_opt] [INFO] ================================================================================
