[2025-11-12 19:13:06] [SABO_opt] [INFO] ================================================================================
[2025-11-12 19:13:06] [SABO_opt] [INFO] SABO Optimization Starting (NO EARLY STOPPING)
[2025-11-12 19:13:06] [SABO_opt] [INFO] ================================================================================
[2025-11-12 19:13:06] [SABO_opt] [INFO] Initial population: [733, 811, 133, 355, 777, 115, 452, 940, 879, 345, 576, 153, 950, 602, 162, 238, 422, 511, 660, 285]
[2025-11-12 19:13:06] [SABO_opt] [INFO] Iterations: 20
[2025-11-12 19:13:06] [SABO_opt] [INFO] Output directory: C:\Users\klass\OneDrive\Рабочий стол\lgd-SABO\lda_pipeline_results\run_20251112_100135\experiments\agnews\run_7\SABO
[2025-11-12 19:13:06] [SABO_opt] [INFO] ================================================================================
[2025-11-12 19:13:06] [SABO_opt] [INFO] SABO initialized: rho=0.1, beta_t=0.01, N_batch=5, d=1
[2025-11-12 19:13:06] [SABO_opt] [INFO] ================================================================================
[2025-11-12 19:13:06] [SABO_opt] [INFO] Starting SABO optimization
[2025-11-12 19:13:06] [SABO_opt] [INFO] Iterations: 20, Initial samples: 10, Batch size: 5
[2025-11-12 19:13:06] [SABO_opt] [INFO] T bounds: (2, 1000), alpha=1/T, eta=1/T
[2025-11-12 19:13:06] [SABO_opt] [INFO] ================================================================================
[2025-11-12 19:13:06] [SABO_opt] [INFO] Using provided initial population
[2025-11-12 19:13:06] [SABO_opt] [INFO] Evaluating initial samples...
[2025-11-12 19:14:39] [SABO_opt] [INFO] Initial: New best found! T=733, fitness=252870851426266350931736002560.0000
[2025-11-12 19:16:28] [SABO_opt] [INFO] Initial: New best found! T=133, fitness=18795.2329
[2025-11-12 19:18:50] [SABO_opt] [INFO] Initial: New best found! T=115, fitness=10234.0501
[2025-11-12 19:32:20] [SABO_opt] [INFO] Initial best: T=115, alpha=0.008696, eta=0.008696, perplexity=10234.0501
[2025-11-12 19:35:09] [SABO_opt] [INFO] Iter 1: New best found! T=2, fitness=2211.0743
[2025-11-12 19:37:42] [SABO_opt] [INFO] Iter 2: New best from perturbed! T=6, fitness=2177.0343
[2025-11-12 19:39:53] [SABO_opt] [INFO] Iter 6: New best found! T=5, fitness=2144.5086
[2025-11-12 19:43:25] [SABO_opt] [INFO] ================================================================================
[2025-11-12 19:43:25] [SABO_opt] [INFO] SABO Optimization Complete!
[2025-11-12 19:43:25] [SABO_opt] [INFO] Total time: 1818.64s
[2025-11-12 19:43:25] [SABO_opt] [INFO] Total evaluations: 260
[2025-11-12 19:43:25] [SABO_opt] [INFO] Final best: T=5, alpha=0.200000, eta=0.200000, perplexity=2144.5086
[2025-11-12 19:43:25] [SABO_opt] [INFO] ================================================================================
[2025-11-12 19:43:26] [SABO_opt] [INFO] ================================================================================
[2025-11-12 19:43:26] [SABO_opt] [INFO] SABO Optimization Complete!
[2025-11-12 19:43:26] [SABO_opt] [INFO] Best T: 5, alpha: 0.200000, eta: 0.200000
[2025-11-12 19:43:26] [SABO_opt] [INFO] Best perplexity: 2144.5086
[2025-11-12 19:43:26] [SABO_opt] [INFO] Total time: 1818.64s
[2025-11-12 19:43:26] [SABO_opt] [INFO] ================================================================================
