[2025-11-04 16:24:11] [main] [INFO] ================================================================================
[2025-11-04 16:24:11] [main] [INFO] LDA Hyperparameter Optimization (NO EARLY STOPPING)
[2025-11-04 16:24:11] [main] [INFO] ================================================================================
[2025-11-04 16:24:11] [main] [INFO] Data: c:\Users\Roman\Downloads\lgd-main\lgd-main\data\X_20news_val_bow.npz
[2025-11-04 16:24:11] [main] [INFO] Initial population file: c:\Users\Roman\Downloads\lgd-main\lgd-main\lda_hyperopt\lda_init_population.json
[2025-11-04 16:24:11] [main] [INFO] Iterations: 20
[2025-11-04 16:24:11] [main] [INFO] Seed: 44
[2025-11-04 16:24:11] [main] [INFO] Output directory: c:\Users\Roman\Downloads\lgd-main\lgd-main\lda_pipeline_results\run_20251104_135335\experiments\20news\run_2
[2025-11-04 16:24:11] [main] [INFO] Algorithms: ['GA', 'ES', 'PABBO_Full']
[2025-11-04 16:24:11] [main] [INFO] ================================================================================
[2025-11-04 16:24:11] [main] [INFO] Loading validation data...
[2025-11-04 16:24:11] [main] [INFO] Loaded: 2000 documents, 5000 vocabulary
[2025-11-04 16:24:11] [main] [INFO] Loading initial population from c:\Users\Roman\Downloads\lgd-main\lgd-main\lda_hyperopt\lda_init_population.json...
[2025-11-04 16:24:11] [main] [INFO] Initial population: [733, 811, 133, 355, 777, 115, 452, 940, 879, 345, 576, 153, 950, 602, 162, 238, 422, 511, 660, 285]
[2025-11-04 16:24:11] [main] [INFO] 
================================================================================
[2025-11-04 16:24:11] [main] [INFO] Running Genetic Algorithm (GA) - NO EARLY STOPPING
[2025-11-04 16:24:11] [main] [INFO] ================================================================================
[2025-11-04 16:51:53] [main] [INFO] 
================================================================================
[2025-11-04 16:51:53] [main] [INFO] Running Evolution Strategy (ES) - NO EARLY STOPPING
[2025-11-04 16:51:53] [main] [INFO] ================================================================================
[2025-11-04 17:01:26] [main] [INFO] 
================================================================================
[2025-11-04 17:01:26] [main] [INFO] Running PABBO Full (with Transformer) - NO EARLY STOPPING
[2025-11-04 17:01:26] [main] [INFO] ================================================================================
[2025-11-04 17:11:25] [main] [INFO] 
Generating comparison plots...
[2025-11-04 17:11:25] [main] [INFO] 
================================================================================
[2025-11-04 17:11:25] [main] [INFO] OPTIMIZATION SUMMARY
[2025-11-04 17:11:25] [main] [INFO] ================================================================================
[2025-11-04 17:11:25] [main] [INFO] Algorithm  Best T     Best Perplexity      Time (s)       
[2025-11-04 17:11:25] [main] [INFO] --------------------------------------------------------------------------------
[2025-11-04 17:11:25] [main] [INFO] GA         66         1918.2018            1662.14        
[2025-11-04 17:11:25] [main] [INFO] ES         54         1841.4060            572.70         
[2025-11-04 17:11:25] [main] [INFO] PABBO_Full 13         1704.5625            597.80         
[2025-11-04 17:11:25] [main] [INFO] --------------------------------------------------------------------------------
[2025-11-04 17:11:25] [main] [INFO] Best algorithm: PABBO_Full (perplexity: 1704.5625)
[2025-11-04 17:11:25] [main] [INFO] ================================================================================
[2025-11-04 17:11:25] [main] [INFO] 
All results saved to: c:\Users\Roman\Downloads\lgd-main\lgd-main\lda_pipeline_results\run_20251104_135335\experiments\20news\run_2
