[2025-11-04 22:37:41] [main] [INFO] ================================================================================
[2025-11-04 22:37:41] [main] [INFO] LDA Hyperparameter Optimization (NO EARLY STOPPING)
[2025-11-04 22:37:41] [main] [INFO] ================================================================================
[2025-11-04 22:37:41] [main] [INFO] Data: c:\Users\Roman\Downloads\lgd-main\lgd-main\data\X_agnews_val_bow.npz
[2025-11-04 22:37:41] [main] [INFO] Initial population file: c:\Users\Roman\Downloads\lgd-main\lgd-main\lda_hyperopt\lda_init_population.json
[2025-11-04 22:37:41] [main] [INFO] Iterations: 20
[2025-11-04 22:37:41] [main] [INFO] Seed: 42
[2025-11-04 22:37:41] [main] [INFO] Output directory: c:\Users\Roman\Downloads\lgd-main\lgd-main\lda_pipeline_results\run_20251104_135335\experiments\agnews\run_0
[2025-11-04 22:37:41] [main] [INFO] Algorithms: ['GA', 'ES', 'PABBO_Full']
[2025-11-04 22:37:41] [main] [INFO] ================================================================================
[2025-11-04 22:37:41] [main] [INFO] Loading validation data...
[2025-11-04 22:37:41] [main] [INFO] Loaded: 2000 documents, 5000 vocabulary
[2025-11-04 22:37:41] [main] [INFO] Loading initial population from c:\Users\Roman\Downloads\lgd-main\lgd-main\lda_hyperopt\lda_init_population.json...
[2025-11-04 22:37:41] [main] [INFO] Initial population: [733, 811, 133, 355, 777, 115, 452, 940, 879, 345, 576, 153, 950, 602, 162, 238, 422, 511, 660, 285]
[2025-11-04 22:37:41] [main] [INFO] 
================================================================================
[2025-11-04 22:37:41] [main] [INFO] Running Genetic Algorithm (GA) - NO EARLY STOPPING
[2025-11-04 22:37:41] [main] [INFO] ================================================================================
[2025-11-04 23:01:09] [main] [INFO] 
================================================================================
[2025-11-04 23:01:09] [main] [INFO] Running Evolution Strategy (ES) - NO EARLY STOPPING
[2025-11-04 23:01:09] [main] [INFO] ================================================================================
[2025-11-04 23:08:25] [main] [INFO] 
================================================================================
[2025-11-04 23:08:25] [main] [INFO] Running PABBO Full (with Transformer) - NO EARLY STOPPING
[2025-11-04 23:08:25] [main] [INFO] ================================================================================
[2025-11-04 23:16:28] [main] [INFO] 
Generating comparison plots...
[2025-11-04 23:16:29] [main] [INFO] 
================================================================================
[2025-11-04 23:16:29] [main] [INFO] OPTIMIZATION SUMMARY
[2025-11-04 23:16:29] [main] [INFO] ================================================================================
[2025-11-04 23:16:29] [main] [INFO] Algorithm  Best T     Best Perplexity      Time (s)       
[2025-11-04 23:16:29] [main] [INFO] --------------------------------------------------------------------------------
[2025-11-04 23:16:29] [main] [INFO] GA         2          2192.8604            1406.91        
[2025-11-04 23:16:29] [main] [INFO] ES         51         3179.1276            435.80         
[2025-11-04 23:16:29] [main] [INFO] PABBO_Full 2          2192.8604            482.90         
[2025-11-04 23:16:29] [main] [INFO] --------------------------------------------------------------------------------
[2025-11-04 23:16:29] [main] [INFO] Best algorithm: GA (perplexity: 2192.8604)
[2025-11-04 23:16:29] [main] [INFO] ================================================================================
[2025-11-04 23:16:29] [main] [INFO] 
All results saved to: c:\Users\Roman\Downloads\lgd-main\lgd-main\lda_pipeline_results\run_20251104_135335\experiments\agnews\run_0
