[2025-11-04 19:59:26] [ES_opt] [INFO] ================================================================================
[2025-11-04 19:59:26] [ES_opt] [INFO] ES Optimization Starting (NO EARLY STOPPING)
[2025-11-04 19:59:26] [ES_opt] [INFO] ================================================================================
[2025-11-04 19:59:26] [ES_opt] [INFO] Initial population: [733, 811, 133, 355, 777, 115, 452, 940, 879, 345, 576, 153, 950, 602, 162, 238, 422, 511, 660, 285]
[2025-11-04 19:59:26] [ES_opt] [INFO] Iterations: 20
[2025-11-04 19:59:26] [ES_opt] [INFO] Output directory: c:\Users\Roman\Downloads\lgd-main\lgd-main\lda_pipeline_results\run_20251104_135335\experiments\20news\run_6\ES
[2025-11-04 19:59:26] [ES_opt] [INFO] ================================================================================
[2025-11-04 19:59:26] [ES_opt] [INFO] ES initialized: mu=5, lambda=10, dT=5
[2025-11-04 19:59:26] [ES_opt] [INFO] ================================================================================
[2025-11-04 19:59:26] [ES_opt] [INFO] Starting ES optimization
[2025-11-04 19:59:26] [ES_opt] [INFO] Steps: 20, mu=5, lambda=10
[2025-11-04 19:59:26] [ES_opt] [INFO] T bounds: (2, 1000), alpha=1/T, eta=1/T
[2025-11-04 19:59:26] [ES_opt] [INFO] ================================================================================
[2025-11-04 19:59:26] [ES_opt] [INFO] Using provided initial population
[2025-11-04 19:59:26] [ES_opt] [INFO] Evaluating initial population...
[2025-11-04 19:59:26] [ES_opt] [INFO] Selected best 5 parents from 20 initial individuals
[2025-11-04 19:59:26] [ES_opt] [INFO] Initial best: T=115, alpha=0.008696, eta=0.008696, perplexity=2705.0466
[2025-11-04 20:02:11] [ES_opt] [INFO] Step 1: New best found! Fitness=2672.2925
[2025-11-04 20:02:11] [ES_opt] [INFO] Step 1/20 | Best: T=117, perplexity=2672.2925 | Parents: mean=2878.4534, std=175.0065 | Time: 165.10s | No improvement: 0/999999
[2025-11-04 20:03:14] [ES_opt] [INFO] Step 2: New best found! Fitness=2558.4518
[2025-11-04 20:03:14] [ES_opt] [INFO] Step 2/20 | Best: T=114, perplexity=2558.4518 | Parents: mean=2624.3975, std=45.0417 | Time: 63.28s | No improvement: 0/999999
[2025-11-04 20:03:54] [ES_opt] [INFO] Step 3/20 | Best: T=114, perplexity=2558.4518 | Parents: mean=2563.9578, std=6.7435 | Time: 40.03s | No improvement: 1/999999
[2025-11-04 20:04:19] [ES_opt] [INFO] Step 4: New best found! Fitness=2454.5876
[2025-11-04 20:04:19] [ES_opt] [INFO] Step 4/20 | Best: T=109, perplexity=2454.5876 | Parents: mean=2528.0086, std=41.2110 | Time: 24.91s | No improvement: 0/999999
[2025-11-04 20:04:31] [ES_opt] [INFO] Step 5/20 | Best: T=109, perplexity=2454.5876 | Parents: mean=2504.5156, std=43.7101 | Time: 12.20s | No improvement: 1/999999
[2025-11-04 20:04:43] [ES_opt] [INFO] Step 6: New best found! Fitness=2378.5595
[2025-11-04 20:04:43] [ES_opt] [INFO] Step 6/20 | Best: T=104, perplexity=2378.5595 | Parents: mean=2435.2788, std=50.5530 | Time: 11.66s | No improvement: 0/999999
[2025-11-04 20:05:19] [ES_opt] [INFO] Step 7/20 | Best: T=104, perplexity=2378.5595 | Parents: mean=2385.5406, std=13.7002 | Time: 36.12s | No improvement: 1/999999
[2025-11-04 20:05:19] [ES_opt] [INFO] Step 8: New best found! Fitness=2350.1363
[2025-11-04 20:05:19] [ES_opt] [INFO] Step 8/20 | Best: T=96, perplexity=2350.1363 | Parents: mean=2372.9803, std=11.4238 | Time: 0.00s | No improvement: 0/999999
[2025-11-04 20:05:30] [ES_opt] [INFO] Step 9: New best found! Fitness=2263.1192
[2025-11-04 20:05:30] [ES_opt] [INFO] Step 9/20 | Best: T=95, perplexity=2263.1192 | Parents: mean=2294.6382, std=32.2000 | Time: 11.16s | No improvement: 0/999999
[2025-11-04 20:05:40] [ES_opt] [INFO] Step 10: New best found! Fitness=2109.9650
[2025-11-04 20:05:40] [ES_opt] [INFO] Step 10/20 | Best: T=87, perplexity=2109.9650 | Parents: mean=2234.4785, std=62.2965 | Time: 10.18s | No improvement: 0/999999
[2025-11-04 20:05:51] [ES_opt] [INFO] Step 11/20 | Best: T=87, perplexity=2109.9650 | Parents: mean=2147.2417, std=50.0185 | Time: 10.46s | No improvement: 1/999999
[2025-11-04 20:06:51] [ES_opt] [INFO] Step 12: New best found! Fitness=2101.0495
[2025-11-04 20:06:51] [ES_opt] [INFO] Step 12/20 | Best: T=83, perplexity=2101.0495 | Parents: mean=2106.3988, std=4.3677 | Time: 60.13s | No improvement: 0/999999
[2025-11-04 20:07:10] [ES_opt] [INFO] Step 13: New best found! Fitness=2029.2378
[2025-11-04 20:07:10] [ES_opt] [INFO] Step 13/20 | Best: T=79, perplexity=2029.2378 | Parents: mean=2076.7469, std=30.5746 | Time: 19.17s | No improvement: 0/999999
[2025-11-04 20:07:30] [ES_opt] [INFO] Step 14/20 | Best: T=79, perplexity=2029.2378 | Parents: mean=2055.4215, std=16.1742 | Time: 19.60s | No improvement: 1/999999
[2025-11-04 20:07:39] [ES_opt] [INFO] Step 15/20 | Best: T=79, perplexity=2029.2378 | Parents: mean=2042.5042, std=10.8319 | Time: 9.16s | No improvement: 2/999999
[2025-11-04 20:07:48] [ES_opt] [INFO] Step 16/20 | Best: T=79, perplexity=2029.2378 | Parents: mean=2042.5042, std=10.8319 | Time: 9.60s | No improvement: 3/999999
[2025-11-04 20:07:48] [ES_opt] [INFO] Step 17/20 | Best: T=79, perplexity=2029.2378 | Parents: mean=2038.0820, std=10.8319 | Time: 0.00s | No improvement: 4/999999
[2025-11-04 20:07:48] [ES_opt] [INFO] Step 18/20 | Best: T=79, perplexity=2029.2378 | Parents: mean=2031.5872, std=2.8774 | Time: 0.00s | No improvement: 5/999999
[2025-11-04 20:07:48] [ES_opt] [INFO] Step 19/20 | Best: T=79, perplexity=2029.2378 | Parents: mean=2029.2378, std=0.0000 | Time: 0.00s | No improvement: 6/999999
[2025-11-04 20:07:48] [ES_opt] [INFO] Step 20/20 | Best: T=79, perplexity=2029.2378 | Parents: mean=2029.2378, std=0.0000 | Time: 0.00s | No improvement: 7/999999
[2025-11-04 20:07:48] [ES_opt] [INFO] ================================================================================
[2025-11-04 20:07:48] [ES_opt] [INFO] ES Optimization Complete!
[2025-11-04 20:07:48] [ES_opt] [INFO] Total time: 502.81s
[2025-11-04 20:07:48] [ES_opt] [INFO] Final best: T=79, alpha=0.012658, eta=0.012658, perplexity=2029.2378
[2025-11-04 20:07:48] [ES_opt] [INFO] ================================================================================
[2025-11-04 20:07:49] [ES_opt] [INFO] ================================================================================
[2025-11-04 20:07:49] [ES_opt] [INFO] ES Optimization Complete!
[2025-11-04 20:07:49] [ES_opt] [INFO] Best T: 79, alpha: 0.012658, eta: 0.012658
[2025-11-04 20:07:49] [ES_opt] [INFO] Best perplexity: 2029.2378
[2025-11-04 20:07:49] [ES_opt] [INFO] Total time: 502.81s
[2025-11-04 20:07:49] [ES_opt] [INFO] ================================================================================
