[2025-11-12 10:34:11] [SABO_opt] [INFO] ================================================================================
[2025-11-12 10:34:11] [SABO_opt] [INFO] SABO Optimization Starting (NO EARLY STOPPING)
[2025-11-12 10:34:11] [SABO_opt] [INFO] ================================================================================
[2025-11-12 10:34:11] [SABO_opt] [INFO] Initial population: [733, 811, 133, 355, 777, 115, 452, 940, 879, 345, 576, 153, 950, 602, 162, 238, 422, 511, 660, 285]
[2025-11-12 10:34:11] [SABO_opt] [INFO] Iterations: 20
[2025-11-12 10:34:11] [SABO_opt] [INFO] Output directory: C:\Users\klass\OneDrive\Рабочий стол\lgd-SABO\lda_pipeline_results\run_20251112_100135\experiments\20news\run_1\SABO
[2025-11-12 10:34:11] [SABO_opt] [INFO] ================================================================================
[2025-11-12 10:34:11] [SABO_opt] [INFO] SABO initialized: rho=0.1, beta_t=0.01, N_batch=5, d=1
[2025-11-12 10:34:11] [SABO_opt] [INFO] ================================================================================
[2025-11-12 10:34:11] [SABO_opt] [INFO] Starting SABO optimization
[2025-11-12 10:34:11] [SABO_opt] [INFO] Iterations: 20, Initial samples: 10, Batch size: 5
[2025-11-12 10:34:11] [SABO_opt] [INFO] T bounds: (2, 1000), alpha=1/T, eta=1/T
[2025-11-12 10:34:11] [SABO_opt] [INFO] ================================================================================
[2025-11-12 10:34:11] [SABO_opt] [INFO] Using provided initial population
[2025-11-12 10:34:11] [SABO_opt] [INFO] Evaluating initial samples...
[2025-11-12 10:35:55] [SABO_opt] [INFO] Initial: New best found! T=733, fitness=38858742321.7237
[2025-11-12 10:38:00] [SABO_opt] [INFO] Initial: New best found! T=133, fitness=3055.5976
[2025-11-12 10:40:38] [SABO_opt] [INFO] Initial: New best found! T=115, fitness=2509.1320
[2025-11-12 10:55:42] [SABO_opt] [INFO] Initial best: T=115, alpha=0.008696, eta=0.008696, perplexity=2509.1320
[2025-11-12 10:57:26] [SABO_opt] [INFO] Iter 1: New best found! T=2, fitness=1856.7597
[2025-11-12 11:00:09] [SABO_opt] [INFO] Iter 2: New best found! T=16, fitness=1684.2240
[2025-11-12 11:01:17] [SABO_opt] [INFO] Iter 3: New best from perturbed! T=5, fitness=1680.9992
[2025-11-12 11:02:58] [SABO_opt] [INFO] Iter 6: New best from perturbed! T=12, fitness=1651.3669
[2025-11-12 11:07:01] [SABO_opt] [INFO] Iter 15: New best from perturbed! T=13, fitness=1645.6711
[2025-11-12 11:08:38] [SABO_opt] [INFO] ================================================================================
[2025-11-12 11:08:38] [SABO_opt] [INFO] SABO Optimization Complete!
[2025-11-12 11:08:38] [SABO_opt] [INFO] Total time: 2066.92s
[2025-11-12 11:08:38] [SABO_opt] [INFO] Total evaluations: 260
[2025-11-12 11:08:38] [SABO_opt] [INFO] Final best: T=13, alpha=0.076923, eta=0.076923, perplexity=1645.6711
[2025-11-12 11:08:38] [SABO_opt] [INFO] ================================================================================
[2025-11-12 11:08:39] [SABO_opt] [INFO] ================================================================================
[2025-11-12 11:08:39] [SABO_opt] [INFO] SABO Optimization Complete!
[2025-11-12 11:08:39] [SABO_opt] [INFO] Best T: 13, alpha: 0.076923, eta: 0.076923
[2025-11-12 11:08:39] [SABO_opt] [INFO] Best perplexity: 1645.6711
[2025-11-12 11:08:39] [SABO_opt] [INFO] Total time: 2066.92s
[2025-11-12 11:08:39] [SABO_opt] [INFO] ================================================================================
